========================================
🚀 LoRA Finetuning Initialized 🚀
Checkpoint   : pretrained_base_ckpt/ARC-AGI-1/step_155718
Dataset      : ['data/arc1concept-aug-1000']
Dataset Test : []
Batch Size   : 256
Learning Rate: 0.0001
LoRA R       : 16
LoRA Alpha   : 32
========================================
TinyRecursiveReasoningModel_ACTV1(
  (inner): TinyRecursiveReasoningModel_ACTV1_Inner(
    (embed_tokens): CastedEmbedding()
    (lm_head): CastedLinear()
    (q_head): CastedLinear()
    (puzzle_emb): CastedSparseEmbedding()
    (rotary_emb): RotaryEmbedding()
    (L_level): TinyRecursiveReasoningModel_ACTV1ReasoningModule(
      (layers): ModuleList(
        (0-1): 2 x TinyRecursiveReasoningModel_ACTV1Block(
          (self_attn): Attention(
            (qkv_proj): CastedLinear()
            (o_proj): CastedLinear()
          )
          (mlp): SwiGLU(
            (gate_up_proj): CastedLinear()
            (down_proj): CastedLinear()
          )
        )
      )
    )
  )
)
TinyRecursiveReasoningModel_ACTV1(
  (inner): TinyRecursiveReasoningModel_ACTV1_Inner(
    (embed_tokens): CastedEmbedding()
    (lm_head): CastedLinear()
    (q_head): CastedLinear()
    (puzzle_emb): CastedSparseEmbedding()
    (rotary_emb): RotaryEmbedding()
    (L_level): TinyRecursiveReasoningModel_ACTV1ReasoningModule(
      (layers): ModuleList(
        (0-1): 2 x TinyRecursiveReasoningModel_ACTV1Block(
          (self_attn): Attention(
            (qkv_proj): CastedLinear()
            (o_proj): CastedLinear()
          )
          (mlp): SwiGLU(
            (gate_up_proj): CastedLinear()
            (down_proj): CastedLinear()
          )
        )
      )
    )
  )
)
TinyRecursiveReasoningModel_ACTV1(
  (inner): TinyRecursiveReasoningModel_ACTV1_Inner(
    (embed_tokens): CastedEmbedding()
    (lm_head): CastedLinear()
    (q_head): CastedLinear()
    (puzzle_emb): CastedSparseEmbedding()
    (rotary_emb): RotaryEmbedding()
    (L_level): TinyRecursiveReasoningModel_ACTV1ReasoningModule(
      (layers): ModuleList(
        (0-1): 2 x TinyRecursiveReasoningModel_ACTV1Block(
          (self_attn): Attention(
            (qkv_proj): CastedLinear()
            (o_proj): CastedLinear()
          )
          (mlp): SwiGLU(
            (gate_up_proj): CastedLinear()
            (down_proj): CastedLinear()
          )
        )
      )
    )
  )
)
Injecting LoRA layers with r=16, dropout=0.0...
Injecting LoRA layers with r=16, dropout=0.0...
Injecting LoRA layers with r=16, dropout=0.0...
TinyRecursiveReasoningModel_ACTV1(
  (inner): TinyRecursiveReasoningModel_ACTV1_Inner(
    (embed_tokens): CastedEmbedding()
    (lm_head): CastedLinear()
    (q_head): CastedLinear()
    (puzzle_emb): CastedSparseEmbedding()
    (rotary_emb): RotaryEmbedding()
    (L_level): TinyRecursiveReasoningModel_ACTV1ReasoningModule(
      (layers): ModuleList(
        (0-1): 2 x TinyRecursiveReasoningModel_ACTV1Block(
          (self_attn): Attention(
            (qkv_proj): CastedLinear()
            (o_proj): CastedLinear()
          )
          (mlp): SwiGLU(
            (gate_up_proj): CastedLinear()
            (down_proj): CastedLinear()
          )
        )
      )
    )
  )
)
Injecting LoRA layers with r=16, dropout=0.0...
TinyRecursiveReasoningModel_ACTV1(
  (inner): TinyRecursiveReasoningModel_ACTV1_Inner(
    (embed_tokens): CastedEmbedding()
    (lm_head): CastedLinear()
    (q_head): CastedLinear()
    (puzzle_emb): CastedSparseEmbedding()
    (rotary_emb): RotaryEmbedding()
    (L_level): TinyRecursiveReasoningModel_ACTV1ReasoningModule(
      (layers): ModuleList(
        (0-1): 2 x TinyRecursiveReasoningModel_ACTV1Block(
          (self_attn): Attention(
            (qkv_proj): CastedLinear()
            (o_proj): CastedLinear()
          )
          (mlp): SwiGLU(
            (gate_up_proj): CastedLinear()
            (down_proj): CastedLinear()
          )
        )
      )
    )
  )
)
Injecting LoRA layers with r=16, dropout=0.0...
TinyRecursiveReasoningModel_ACTV1(
  (inner): TinyRecursiveReasoningModel_ACTV1_Inner(
    (embed_tokens): CastedEmbedding()
    (lm_head): CastedLinear()
    (q_head): CastedLinear()
    (puzzle_emb): CastedSparseEmbedding()
    (rotary_emb): RotaryEmbedding()
    (L_level): TinyRecursiveReasoningModel_ACTV1ReasoningModule(
      (layers): ModuleList(
        (0-1): 2 x TinyRecursiveReasoningModel_ACTV1Block(
          (self_attn): Attention(
            (qkv_proj): CastedLinear()
            (o_proj): CastedLinear()
          )
          (mlp): SwiGLU(
            (gate_up_proj): CastedLinear()
            (down_proj): CastedLinear()
          )
        )
      )
    )
  )
)
Injecting LoRA layers with r=16, dropout=0.0...
Initialized HyperNetwork (PG) with dtype: torch.bfloat16
Initialized HyperNetwork (PG) with dtype: torch.bfloat16
Initialized HyperNetwork (PG) with dtype: torch.bfloat16
Token embedding unfrozen for finetuning.
Token embedding unfrozen for finetuning.
Token embedding unfrozen for finetuning.
TinyRecursiveReasoningModel_ACTV1(
  (inner): TinyRecursiveReasoningModel_ACTV1_Inner(
    (embed_tokens): CastedEmbedding()
    (lm_head): CastedLinear()
    (q_head): CastedLinear()
    (puzzle_emb): CastedSparseEmbedding()
    (rotary_emb): RotaryEmbedding()
    (L_level): TinyRecursiveReasoningModel_ACTV1ReasoningModule(
      (layers): ModuleList(
        (0-1): 2 x TinyRecursiveReasoningModel_ACTV1Block(
          (self_attn): Attention(
            (qkv_proj): CastedLinear()
            (o_proj): CastedLinear()
          )
          (mlp): SwiGLU(
            (gate_up_proj): CastedLinear()
            (down_proj): CastedLinear()
          )
        )
      )
    )
  )
)
Injecting LoRA layers with r=16, dropout=0.0...
Initialized HyperNetwork (PG) with dtype: torch.bfloat16
Token embedding unfrozen for finetuning.
TinyRecursiveReasoningModel_ACTV1(
  (inner): TinyRecursiveReasoningModel_ACTV1_Inner(
    (embed_tokens): CastedEmbedding()
    (lm_head): CastedLinear()
    (q_head): CastedLinear()
    (puzzle_emb): CastedSparseEmbedding()
    (rotary_emb): RotaryEmbedding()
    (L_level): TinyRecursiveReasoningModel_ACTV1ReasoningModule(
      (layers): ModuleList(
        (0-1): 2 x TinyRecursiveReasoningModel_ACTV1Block(
          (self_attn): Attention(
            (qkv_proj): CastedLinear()
            (o_proj): CastedLinear()
          )
          (mlp): SwiGLU(
            (gate_up_proj): CastedLinear()
            (down_proj): CastedLinear()
          )
        )
      )
    )
  )
)
Loading checkpoint pretrained_base_ckpt/ARC-AGI-1/step_155718
Initialized HyperNetwork (PG) with dtype: torch.bfloat16
Token embedding unfrozen for finetuning.
Initialized HyperNetwork (PG) with dtype: torch.bfloat16
Token embedding unfrozen for finetuning.
Initialized HyperNetwork (PG) with dtype: torch.bfloat16
Token embedding unfrozen for finetuning.
[0 missing, 0 unexpected]: Checkpoint loaded.
Injecting LoRA layers with r=16, dropout=0.0...
Initialized HyperNetwork (PG) with dtype: torch.bfloat16
Token embedding unfrozen for finetuning.
[Rank 6, World Size 8]: Epoch 0
[Rank 4, World Size 8]: Epoch 0[Rank 7, World Size 8]: Epoch 0

[Rank 5, World Size 8]: Epoch 0
[Rank 3, World Size 8]: Epoch 0
[Rank 2, World Size 8]: Epoch 0
[Rank 1, World Size 8]: Epoch 0
  0%|          | 0/310935 [00:00<?, ?it/s]⏭️ BASELINE EVAL: Skipped by config.skip_baseline_eval=True
[Rank 0, World Size 8]: Epoch 0
[2026-04-02 12:29:19] TRAIN (Epoch 0)
Error executing job with overrides: ['global_batch_size=256', 'lr=1e-4', '+checkpoint_path=checkpoints/WU4TRM_r16_lr1e-4_8gpus_0402_1229', '+load_checkpoint=pretrained_base_ckpt/ARC-AGI-1/step_155718', '+project_name=trm-hypernetwork-integration', '+run_name=WU4TRM_r16_lr1e-4_8gpus_0402_1229', 'skip_baseline_eval=True']
Traceback (most recent call last):
  File "/mnt/nvme1/HyperCircuit/TRM_WU_Project/meta_train.py", line 739, in launch
    metrics = train_batch(config, train_state, batch, global_batch_size, rank=RANK, world_size=WORLD_SIZE)
              ^^^^^^^^^^^^^^^^^^^^^^^^^^^^^^^^^^^^^^^^^^^^^^^^^^^^^^^^^^^^^^^^^^^^^^^^^^^^^^^^^^^^^^^^^^^^
  File "/mnt/nvme1/HyperCircuit/TRM_WU_Project/meta_train.py", line 367, in train_batch
    z_H = trm_model.model.inner(carry_p1.inner_carry, batch, return_hidden=True)
          ^^^^^^^^^^^^^^^^^^^^^^^^^^^^^^^^^^^^^^^^^^^^^^^^^^^^^^^^^^^^^^^^^^^^^^
  File "/mnt/nvme1/anaconda3/envs/TRM/lib/python3.12/site-packages/torch/nn/modules/module.py", line 1778, in _wrapped_call_impl
    return self._call_impl(*args, **kwargs)
           ^^^^^^^^^^^^^^^^^^^^^^^^^^^^^^^^
  File "/mnt/nvme1/anaconda3/envs/TRM/lib/python3.12/site-packages/torch/nn/modules/module.py", line 1789, in _call_impl
    return forward_call(*args, **kwargs)
           ^^^^^^^^^^^^^^^^^^^^^^^^^^^^^
  File "/mnt/nvme1/HyperCircuit/TRM_WU_Project/models/recursive_reasoning/trm.py", line 211, in forward
    z_L = self.L_level(z_L, z_H + input_embeddings, **seq_info)
                            ~~~~^~~~~~~~~~~~~~~~~~
RuntimeError: Expected all tensors to be on the same device, but found at least two devices, cuda:0 and cpu!

Set the environment variable HYDRA_FULL_ERROR=1 for a complete stack trace.
Error executing job with overrides: ['global_batch_size=256', 'lr=1e-4', '+checkpoint_path=checkpoints/WU4TRM_r16_lr1e-4_8gpus_0402_1229', '+load_checkpoint=pretrained_base_ckpt/ARC-AGI-1/step_155718', '+project_name=trm-hypernetwork-integration', '+run_name=WU4TRM_r16_lr1e-4_8gpus_0402_1229', 'skip_baseline_eval=True']
Error executing job with overrides: ['global_batch_size=256', 'lr=1e-4', '+checkpoint_path=checkpoints/WU4TRM_r16_lr1e-4_8gpus_0402_1229', '+load_checkpoint=pretrained_base_ckpt/ARC-AGI-1/step_155718', '+project_name=trm-hypernetwork-integration', '+run_name=WU4TRM_r16_lr1e-4_8gpus_0402_1229', 'skip_baseline_eval=True']
Error executing job with overrides: ['global_batch_size=256', 'lr=1e-4', '+checkpoint_path=checkpoints/WU4TRM_r16_lr1e-4_8gpus_0402_1229', '+load_checkpoint=pretrained_base_ckpt/ARC-AGI-1/step_155718', '+project_name=trm-hypernetwork-integration', '+run_name=WU4TRM_r16_lr1e-4_8gpus_0402_1229', 'skip_baseline_eval=True']
Error executing job with overrides: ['global_batch_size=256', 'lr=1e-4', '+checkpoint_path=checkpoints/WU4TRM_r16_lr1e-4_8gpus_0402_1229', '+load_checkpoint=pretrained_base_ckpt/ARC-AGI-1/step_155718', '+project_name=trm-hypernetwork-integration', '+run_name=WU4TRM_r16_lr1e-4_8gpus_0402_1229', 'skip_baseline_eval=True']
Error executing job with overrides: ['global_batch_size=256', 'lr=1e-4', '+checkpoint_path=checkpoints/WU4TRM_r16_lr1e-4_8gpus_0402_1229', '+load_checkpoint=pretrained_base_ckpt/ARC-AGI-1/step_155718', '+project_name=trm-hypernetwork-integration', '+run_name=WU4TRM_r16_lr1e-4_8gpus_0402_1229', 'skip_baseline_eval=True']
Error executing job with overrides: ['global_batch_size=256', 'lr=1e-4', '+checkpoint_path=checkpoints/WU4TRM_r16_lr1e-4_8gpus_0402_1229', '+load_checkpoint=pretrained_base_ckpt/ARC-AGI-1/step_155718', '+project_name=trm-hypernetwork-integration', '+run_name=WU4TRM_r16_lr1e-4_8gpus_0402_1229', 'skip_baseline_eval=True']
Error executing job with overrides: ['global_batch_size=256', 'lr=1e-4', '+checkpoint_path=checkpoints/WU4TRM_r16_lr1e-4_8gpus_0402_1229', '+load_checkpoint=pretrained_base_ckpt/ARC-AGI-1/step_155718', '+project_name=trm-hypernetwork-integration', '+run_name=WU4TRM_r16_lr1e-4_8gpus_0402_1229', 'skip_baseline_eval=True']
Traceback (most recent call last):
Traceback (most recent call last):
  File "/mnt/nvme1/HyperCircuit/TRM_WU_Project/meta_train.py", line 739, in launch
    metrics = train_batch(config, train_state, batch, global_batch_size, rank=RANK, world_size=WORLD_SIZE)
              ^^^^^^^^^^^^^^^^^^^^^^^^^^^^^^^^^^^^^^^^^^^^^^^^^^^^^^^^^^^^^^^^^^^^^^^^^^^^^^^^^^^^^^^^^^^^
  File "/mnt/nvme1/HyperCircuit/TRM_WU_Project/meta_train.py", line 367, in train_batch
    z_H = trm_model.model.inner(carry_p1.inner_carry, batch, return_hidden=True)
          ^^^^^^^^^^^^^^^^^^^^^^^^^^^^^^^^^^^^^^^^^^^^^^^^^^^^^^^^^^^^^^^^^^^^^^
  File "/mnt/nvme1/anaconda3/envs/TRM/lib/python3.12/site-packages/torch/nn/modules/module.py", line 1778, in _wrapped_call_impl
    return self._call_impl(*args, **kwargs)
           ^^^^^^^^^^^^^^^^^^^^^^^^^^^^^^^^
  File "/mnt/nvme1/anaconda3/envs/TRM/lib/python3.12/site-packages/torch/nn/modules/module.py", line 1789, in _call_impl
    return forward_call(*args, **kwargs)
           ^^^^^^^^^^^^^^^^^^^^^^^^^^^^^
  File "/mnt/nvme1/HyperCircuit/TRM_WU_Project/models/recursive_reasoning/trm.py", line 211, in forward
    z_L = self.L_level(z_L, z_H + input_embeddings, **seq_info)
                            ~~~~^~~~~~~~~~~~~~~~~~
RuntimeError: Expected all tensors to be on the same device, but found at least two devices, cuda:1 and cpu!
  File "/mnt/nvme1/HyperCircuit/TRM_WU_Project/meta_train.py", line 739, in launch
    metrics = train_batch(config, train_state, batch, global_batch_size, rank=RANK, world_size=WORLD_SIZE)
              ^^^^^^^^^^^^^^^^^^^^^^^^^^^^^^^^^^^^^^^^^^^^^^^^^^^^^^^^^^^^^^^^^^^^^^^^^^^^^^^^^^^^^^^^^^^^
  File "/mnt/nvme1/HyperCircuit/TRM_WU_Project/meta_train.py", line 367, in train_batch
    z_H = trm_model.model.inner(carry_p1.inner_carry, batch, return_hidden=True)
          ^^^^^^^^^^^^^^^^^^^^^^^^^^^^^^^^^^^^^^^^^^^^^^^^^^^^^^^^^^^^^^^^^^^^^^
  File "/mnt/nvme1/anaconda3/envs/TRM/lib/python3.12/site-packages/torch/nn/modules/module.py", line 1778, in _wrapped_call_impl
    return self._call_impl(*args, **kwargs)
           ^^^^^^^^^^^^^^^^^^^^^^^^^^^^^^^^
  File "/mnt/nvme1/anaconda3/envs/TRM/lib/python3.12/site-packages/torch/nn/modules/module.py", line 1789, in _call_impl
    return forward_call(*args, **kwargs)
           ^^^^^^^^^^^^^^^^^^^^^^^^^^^^^
  File "/mnt/nvme1/HyperCircuit/TRM_WU_Project/models/recursive_reasoning/trm.py", line 211, in forward
    z_L = self.L_level(z_L, z_H + input_embeddings, **seq_info)
                            ~~~~^~~~~~~~~~~~~~~~~~

Set the environment variable HYDRA_FULL_ERROR=1 for a complete stack trace.
RuntimeError: Expected all tensors to be on the same device, but found at least two devices, cuda:2 and cpu!

Set the environment variable HYDRA_FULL_ERROR=1 for a complete stack trace.
Traceback (most recent call last):
Traceback (most recent call last):
Traceback (most recent call last):
  File "/mnt/nvme1/HyperCircuit/TRM_WU_Project/meta_train.py", line 739, in launch
    metrics = train_batch(config, train_state, batch, global_batch_size, rank=RANK, world_size=WORLD_SIZE)
              ^^^^^^^^^^^^^^^^^^^^^^^^^^^^^^^^^^^^^^^^^^^^^^^^^^^^^^^^^^^^^^^^^^^^^^^^^^^^^^^^^^^^^^^^^^^^
  File "/mnt/nvme1/HyperCircuit/TRM_WU_Project/meta_train.py", line 367, in train_batch
    z_H = trm_model.model.inner(carry_p1.inner_carry, batch, return_hidden=True)
          ^^^^^^^^^^^^^^^^^^^^^^^^^^^^^^^^^^^^^^^^^^^^^^^^^^^^^^^^^^^^^^^^^^^^^^
  File "/mnt/nvme1/anaconda3/envs/TRM/lib/python3.12/site-packages/torch/nn/modules/module.py", line 1778, in _wrapped_call_impl
    return self._call_impl(*args, **kwargs)
           ^^^^^^^^^^^^^^^^^^^^^^^^^^^^^^^^
  File "/mnt/nvme1/anaconda3/envs/TRM/lib/python3.12/site-packages/torch/nn/modules/module.py", line 1789, in _call_impl
    return forward_call(*args, **kwargs)
           ^^^^^^^^^^^^^^^^^^^^^^^^^^^^^
  File "/mnt/nvme1/HyperCircuit/TRM_WU_Project/models/recursive_reasoning/trm.py", line 211, in forward
    z_L = self.L_level(z_L, z_H + input_embeddings, **seq_info)
                            ~~~~^~~~~~~~~~~~~~~~~~
RuntimeError: Expected all tensors to be on the same device, but found at least two devices, cuda:3 and cpu!

Set the environment variable HYDRA_FULL_ERROR=1 for a complete stack trace.
  File "/mnt/nvme1/HyperCircuit/TRM_WU_Project/meta_train.py", line 739, in launch
    metrics = train_batch(config, train_state, batch, global_batch_size, rank=RANK, world_size=WORLD_SIZE)
              ^^^^^^^^^^^^^^^^^^^^^^^^^^^^^^^^^^^^^^^^^^^^^^^^^^^^^^^^^^^^^^^^^^^^^^^^^^^^^^^^^^^^^^^^^^^^
  File "/mnt/nvme1/HyperCircuit/TRM_WU_Project/meta_train.py", line 367, in train_batch
    z_H = trm_model.model.inner(carry_p1.inner_carry, batch, return_hidden=True)
          ^^^^^^^^^^^^^^^^^^^^^^^^^^^^^^^^^^^^^^^^^^^^^^^^^^^^^^^^^^^^^^^^^^^^^^
  File "/mnt/nvme1/anaconda3/envs/TRM/lib/python3.12/site-packages/torch/nn/modules/module.py", line 1778, in _wrapped_call_impl
    return self._call_impl(*args, **kwargs)
           ^^^^^^^^^^^^^^^^^^^^^^^^^^^^^^^^
  File "/mnt/nvme1/anaconda3/envs/TRM/lib/python3.12/site-packages/torch/nn/modules/module.py", line 1789, in _call_impl
    return forward_call(*args, **kwargs)
           ^^^^^^^^^^^^^^^^^^^^^^^^^^^^^
  File "/mnt/nvme1/HyperCircuit/TRM_WU_Project/models/recursive_reasoning/trm.py", line 211, in forward
    z_L = self.L_level(z_L, z_H + input_embeddings, **seq_info)
                            ~~~~^~~~~~~~~~~~~~~~~~
RuntimeError: Expected all tensors to be on the same device, but found at least two devices, cuda:4 and cpu!
Traceback (most recent call last):

Set the environment variable HYDRA_FULL_ERROR=1 for a complete stack trace.
Traceback (most recent call last):
  File "/mnt/nvme1/HyperCircuit/TRM_WU_Project/meta_train.py", line 739, in launch
    metrics = train_batch(config, train_state, batch, global_batch_size, rank=RANK, world_size=WORLD_SIZE)
              ^^^^^^^^^^^^^^^^^^^^^^^^^^^^^^^^^^^^^^^^^^^^^^^^^^^^^^^^^^^^^^^^^^^^^^^^^^^^^^^^^^^^^^^^^^^^
  File "/mnt/nvme1/HyperCircuit/TRM_WU_Project/meta_train.py", line 367, in train_batch
    z_H = trm_model.model.inner(carry_p1.inner_carry, batch, return_hidden=True)
          ^^^^^^^^^^^^^^^^^^^^^^^^^^^^^^^^^^^^^^^^^^^^^^^^^^^^^^^^^^^^^^^^^^^^^^
  File "/mnt/nvme1/anaconda3/envs/TRM/lib/python3.12/site-packages/torch/nn/modules/module.py", line 1778, in _wrapped_call_impl
    return self._call_impl(*args, **kwargs)
           ^^^^^^^^^^^^^^^^^^^^^^^^^^^^^^^^
  File "/mnt/nvme1/anaconda3/envs/TRM/lib/python3.12/site-packages/torch/nn/modules/module.py", line 1789, in _call_impl
    return forward_call(*args, **kwargs)
           ^^^^^^^^^^^^^^^^^^^^^^^^^^^^^
  File "/mnt/nvme1/HyperCircuit/TRM_WU_Project/models/recursive_reasoning/trm.py", line 211, in forward
    z_L = self.L_level(z_L, z_H + input_embeddings, **seq_info)
                            ~~~~^~~~~~~~~~~~~~~~~~
RuntimeError: Expected all tensors to be on the same device, but found at least two devices, cuda:7 and cpu!

Set the environment variable HYDRA_FULL_ERROR=1 for a complete stack trace.
  File "/mnt/nvme1/HyperCircuit/TRM_WU_Project/meta_train.py", line 739, in launch
    metrics = train_batch(config, train_state, batch, global_batch_size, rank=RANK, world_size=WORLD_SIZE)
              ^^^^^^^^^^^^^^^^^^^^^^^^^^^^^^^^^^^^^^^^^^^^^^^^^^^^^^^^^^^^^^^^^^^^^^^^^^^^^^^^^^^^^^^^^^^^
  File "/mnt/nvme1/HyperCircuit/TRM_WU_Project/meta_train.py", line 367, in train_batch
    z_H = trm_model.model.inner(carry_p1.inner_carry, batch, return_hidden=True)
          ^^^^^^^^^^^^^^^^^^^^^^^^^^^^^^^^^^^^^^^^^^^^^^^^^^^^^^^^^^^^^^^^^^^^^^
  File "/mnt/nvme1/anaconda3/envs/TRM/lib/python3.12/site-packages/torch/nn/modules/module.py", line 1778, in _wrapped_call_impl
    return self._call_impl(*args, **kwargs)
           ^^^^^^^^^^^^^^^^^^^^^^^^^^^^^^^^
  File "/mnt/nvme1/anaconda3/envs/TRM/lib/python3.12/site-packages/torch/nn/modules/module.py", line 1789, in _call_impl
    return forward_call(*args, **kwargs)
           ^^^^^^^^^^^^^^^^^^^^^^^^^^^^^
  File "/mnt/nvme1/HyperCircuit/TRM_WU_Project/models/recursive_reasoning/trm.py", line 211, in forward
    z_L = self.L_level(z_L, z_H + input_embeddings, **seq_info)
                            ~~~~^~~~~~~~~~~~~~~~~~
RuntimeError: Expected all tensors to be on the same device, but found at least two devices, cuda:6 and cpu!

Set the environment variable HYDRA_FULL_ERROR=1 for a complete stack trace.
  File "/mnt/nvme1/HyperCircuit/TRM_WU_Project/meta_train.py", line 739, in launch
    metrics = train_batch(config, train_state, batch, global_batch_size, rank=RANK, world_size=WORLD_SIZE)
              ^^^^^^^^^^^^^^^^^^^^^^^^^^^^^^^^^^^^^^^^^^^^^^^^^^^^^^^^^^^^^^^^^^^^^^^^^^^^^^^^^^^^^^^^^^^^
  File "/mnt/nvme1/HyperCircuit/TRM_WU_Project/meta_train.py", line 367, in train_batch
    z_H = trm_model.model.inner(carry_p1.inner_carry, batch, return_hidden=True)
          ^^^^^^^^^^^^^^^^^^^^^^^^^^^^^^^^^^^^^^^^^^^^^^^^^^^^^^^^^^^^^^^^^^^^^^
  File "/mnt/nvme1/anaconda3/envs/TRM/lib/python3.12/site-packages/torch/nn/modules/module.py", line 1778, in _wrapped_call_impl
    return self._call_impl(*args, **kwargs)
           ^^^^^^^^^^^^^^^^^^^^^^^^^^^^^^^^
  File "/mnt/nvme1/anaconda3/envs/TRM/lib/python3.12/site-packages/torch/nn/modules/module.py", line 1789, in _call_impl
    return forward_call(*args, **kwargs)
           ^^^^^^^^^^^^^^^^^^^^^^^^^^^^^
  File "/mnt/nvme1/HyperCircuit/TRM_WU_Project/models/recursive_reasoning/trm.py", line 211, in forward
    z_L = self.L_level(z_L, z_H + input_embeddings, **seq_info)
                            ~~~~^~~~~~~~~~~~~~~~~~
RuntimeError: Expected all tensors to be on the same device, but found at least two devices, cuda:5 and cpu!

Set the environment variable HYDRA_FULL_ERROR=1 for a complete stack trace.
  0%|          | 0/310935 [00:05<?, ?it/s]
[rank0]:[W402 12:29:25.748266299 ProcessGroupNCCL.cpp:1648] Warning: WARNING: destroy_process_group() was not called before program exit, which can leak resources. For more info, please see https://pytorch.org/docs/stable/distributed.html#shutdown (function operator())
W0402 12:29:26.271000 2779198 site-packages/torch/distributed/elastic/multiprocessing/api.py:1014] Sending process 2779256 closing signal SIGTERM
W0402 12:29:26.272000 2779198 site-packages/torch/distributed/elastic/multiprocessing/api.py:1014] Sending process 2779257 closing signal SIGTERM
W0402 12:29:26.272000 2779198 site-packages/torch/distributed/elastic/multiprocessing/api.py:1014] Sending process 2779258 closing signal SIGTERM
W0402 12:29:26.272000 2779198 site-packages/torch/distributed/elastic/multiprocessing/api.py:1014] Sending process 2779259 closing signal SIGTERM
W0402 12:29:26.272000 2779198 site-packages/torch/distributed/elastic/multiprocessing/api.py:1014] Sending process 2779261 closing signal SIGTERM
W0402 12:29:26.272000 2779198 site-packages/torch/distributed/elastic/multiprocessing/api.py:1014] Sending process 2779263 closing signal SIGTERM
E0402 12:29:26.941000 2779198 site-packages/torch/distributed/elastic/multiprocessing/api.py:988] failed (exitcode: 1) local_rank: 4 (pid: 2779260) of binary: /mnt/nvme1/anaconda3/envs/TRM/bin/python3.12
Traceback (most recent call last):
  File "/mnt/nvme1/anaconda3/envs/TRM/bin/torchrun", line 6, in <module>
    sys.exit(main())
             ^^^^^^
  File "/mnt/nvme1/anaconda3/envs/TRM/lib/python3.12/site-packages/torch/distributed/elastic/multiprocessing/errors/__init__.py", line 367, in wrapper
    return f(*args, **kwargs)
           ^^^^^^^^^^^^^^^^^^
  File "/mnt/nvme1/anaconda3/envs/TRM/lib/python3.12/site-packages/torch/distributed/run.py", line 1016, in main
    run(args)
  File "/mnt/nvme1/anaconda3/envs/TRM/lib/python3.12/site-packages/torch/distributed/run.py", line 1007, in run
    elastic_launch(
  File "/mnt/nvme1/anaconda3/envs/TRM/lib/python3.12/site-packages/torch/distributed/launcher/api.py", line 184, in __call__
    return launch_agent(self._config, self._entrypoint, list(args))
           ^^^^^^^^^^^^^^^^^^^^^^^^^^^^^^^^^^^^^^^^^^^^^^^^^^^^^^^^
  File "/mnt/nvme1/anaconda3/envs/TRM/lib/python3.12/site-packages/torch/distributed/launcher/api.py", line 332, in launch_agent
    raise ChildFailedError(
torch.distributed.elastic.multiprocessing.errors.ChildFailedError: 
============================================================
meta_train.py FAILED
------------------------------------------------------------
Failures:
[1]:
  time      : 2026-04-02_12:29:26
  host      : bms-87039003
  rank      : 6 (local_rank: 6)
  exitcode  : 1 (pid: 2779262) 
  error_file: <N/A>
  traceback : To enable traceback see: https://pytorch.org/docs/stable/elastic/errors.html
[2]:
  time      : 2026-04-02_12:29:26
  host      : bms-87039003
  rank      : 0 (local_rank: 0)
  exitcode  : 1 (pid: 2779256) 
  error_file: <N/A>
  traceback : To enable traceback see: https://pytorch.org/docs/stable/elastic/errors.html
[3]:
  time      : 2026-04-02_12:29:26
  host      : bms-87039003
  rank      : 1 (local_rank: 1)
  exitcode  : 1 (pid: 2779257) 
  error_file: <N/A>
  traceback : To enable traceback see: https://pytorch.org/docs/stable/elastic/errors.html
[4]:
  time      : 2026-04-02_12:29:26
  host      : bms-87039003
  rank      : 2 (local_rank: 2)
  exitcode  : 1 (pid: 2779258) 
  error_file: <N/A>
  traceback : To enable traceback see: https://pytorch.org/docs/stable/elastic/errors.html
[5]:
  time      : 2026-04-02_12:29:26
  host      : bms-87039003
  rank      : 3 (local_rank: 3)
  exitcode  : 1 (pid: 2779259) 
  error_file: <N/A>
  traceback : To enable traceback see: https://pytorch.org/docs/stable/elastic/errors.html
[6]:
  time      : 2026-04-02_12:29:26
  host      : bms-87039003
  rank      : 5 (local_rank: 5)
  exitcode  : -15 (pid: 2779261)  (SIGTERM)
  error_file: <N/A>
  traceback : Signal 15 (SIGTERM) received by PID 2779261
[7]:
  time      : 2026-04-02_12:29:26
  host      : bms-87039003
  rank      : 7 (local_rank: 7)
  exitcode  : -15 (pid: 2779263)  (SIGTERM)
  error_file: <N/A>
  traceback : Signal 15 (SIGTERM) received by PID 2779263
------------------------------------------------------------
Root Cause (first observed failure):
[0]:
  time      : 2026-04-02_12:29:26
  host      : bms-87039003
  rank      : 4 (local_rank: 4)
  exitcode  : 1 (pid: 2779260) 
  error_file: <N/A>
  traceback : To enable traceback see: https://pytorch.org/docs/stable/elastic/errors.html
============================================================
