========================================
🚀 LoRA Finetuning Initialized 🚀
Checkpoint   : pretrained_base_ckpt/ARC-AGI-1/step_155718
Dataset      : ['data/arc1concept-aug-1000']
Dataset Test : []
Batch Size   : 256
Learning Rate: 0.0001
LoRA R       : 16
LoRA Alpha   : 32
========================================
TinyRecursiveReasoningModel_ACTV1(
  (inner): TinyRecursiveReasoningModel_ACTV1_Inner(
    (embed_tokens): CastedEmbedding()
    (lm_head): CastedLinear()
    (q_head): CastedLinear()
    (puzzle_emb): CastedSparseEmbedding()
    (rotary_emb): RotaryEmbedding()
    (L_level): TinyRecursiveReasoningModel_ACTV1ReasoningModule(
      (layers): ModuleList(
        (0-1): 2 x TinyRecursiveReasoningModel_ACTV1Block(
          (self_attn): Attention(
            (qkv_proj): CastedLinear()
            (o_proj): CastedLinear()
          )
          (mlp): SwiGLU(
            (gate_up_proj): CastedLinear()
            (down_proj): CastedLinear()
          )
        )
      )
    )
  )
)
TinyRecursiveReasoningModel_ACTV1(
  (inner): TinyRecursiveReasoningModel_ACTV1_Inner(
    (embed_tokens): CastedEmbedding()
    (lm_head): CastedLinear()
    (q_head): CastedLinear()
    (puzzle_emb): CastedSparseEmbedding()
    (rotary_emb): RotaryEmbedding()
    (L_level): TinyRecursiveReasoningModel_ACTV1ReasoningModule(
      (layers): ModuleList(
        (0-1): 2 x TinyRecursiveReasoningModel_ACTV1Block(
          (self_attn): Attention(
            (qkv_proj): CastedLinear()
            (o_proj): CastedLinear()
          )
          (mlp): SwiGLU(
            (gate_up_proj): CastedLinear()
            (down_proj): CastedLinear()
          )
        )
      )
    )
  )
)TinyRecursiveReasoningModel_ACTV1(
  (inner): TinyRecursiveReasoningModel_ACTV1_Inner(
    (embed_tokens): CastedEmbedding()
    (lm_head): CastedLinear()
    (q_head): CastedLinear()
    (puzzle_emb): CastedSparseEmbedding()
    (rotary_emb): RotaryEmbedding()
    (L_level): TinyRecursiveReasoningModel_ACTV1ReasoningModule(
      (layers): ModuleList(
        (0-1): 2 x TinyRecursiveReasoningModel_ACTV1Block(
          (self_attn): Attention(
            (qkv_proj): CastedLinear()
            (o_proj): CastedLinear()
          )
          (mlp): SwiGLU(
            (gate_up_proj): CastedLinear()
            (down_proj): CastedLinear()
          )
        )
      )
    )
  )
)

TinyRecursiveReasoningModel_ACTV1(
  (inner): TinyRecursiveReasoningModel_ACTV1_Inner(
    (embed_tokens): CastedEmbedding()
    (lm_head): CastedLinear()
    (q_head): CastedLinear()
    (puzzle_emb): CastedSparseEmbedding()
    (rotary_emb): RotaryEmbedding()
    (L_level): TinyRecursiveReasoningModel_ACTV1ReasoningModule(
      (layers): ModuleList(
        (0-1): 2 x TinyRecursiveReasoningModel_ACTV1Block(
          (self_attn): Attention(
            (qkv_proj): CastedLinear()
            (o_proj): CastedLinear()
          )
          (mlp): SwiGLU(
            (gate_up_proj): CastedLinear()
            (down_proj): CastedLinear()
          )
        )
      )
    )
  )
)
TinyRecursiveReasoningModel_ACTV1(
  (inner): TinyRecursiveReasoningModel_ACTV1_Inner(
    (embed_tokens): CastedEmbedding()
    (lm_head): CastedLinear()
    (q_head): CastedLinear()
    (puzzle_emb): CastedSparseEmbedding()
    (rotary_emb): RotaryEmbedding()
    (L_level): TinyRecursiveReasoningModel_ACTV1ReasoningModule(
      (layers): ModuleList(
        (0-1): 2 x TinyRecursiveReasoningModel_ACTV1Block(
          (self_attn): Attention(
            (qkv_proj): CastedLinear()
            (o_proj): CastedLinear()
          )
          (mlp): SwiGLU(
            (gate_up_proj): CastedLinear()
            (down_proj): CastedLinear()
          )
        )
      )
    )
  )
)
Loading checkpoint pretrained_base_ckpt/ARC-AGI-1/step_155718
Base model TRM synchronized to configured dtype: torch.bfloat16
Base model TRM synchronized to configured dtype: torch.bfloat16
Injecting LoRA layers with r=16, dropout=0.0...
Injecting LoRA layers with r=16, dropout=0.0...
Base model TRM synchronized to configured dtype: torch.bfloat16
Injecting LoRA layers with r=16, dropout=0.0...
Base model TRM synchronized to configured dtype: torch.bfloat16
Injecting LoRA layers with r=16, dropout=0.0...
Initialized HyperNetwork (PG) with dtype: torch.bfloat16
Initialized HyperNetwork (PG) with dtype: torch.bfloat16
Token embedding unfrozen for finetuning.
Initialized HyperNetwork (PG) with dtype: torch.bfloat16
Token embedding unfrozen for finetuning.
Initialized HyperNetwork (PG) with dtype: torch.bfloat16
Token embedding unfrozen for finetuning.
Token embedding unfrozen for finetuning.
TinyRecursiveReasoningModel_ACTV1(
  (inner): TinyRecursiveReasoningModel_ACTV1_Inner(
    (embed_tokens): CastedEmbedding()
    (lm_head): CastedLinear()
    (q_head): CastedLinear()
    (puzzle_emb): CastedSparseEmbedding()
    (rotary_emb): RotaryEmbedding()
    (L_level): TinyRecursiveReasoningModel_ACTV1ReasoningModule(
      (layers): ModuleList(
        (0-1): 2 x TinyRecursiveReasoningModel_ACTV1Block(
          (self_attn): Attention(
            (qkv_proj): CastedLinear()
            (o_proj): CastedLinear()
          )
          (mlp): SwiGLU(
            (gate_up_proj): CastedLinear()
            (down_proj): CastedLinear()
          )
        )
      )
    )
  )
)
Base model TRM synchronized to configured dtype: torch.bfloat16
Injecting LoRA layers with r=16, dropout=0.0...
Initialized HyperNetwork (PG) with dtype: torch.bfloat16
Token embedding unfrozen for finetuning.
TinyRecursiveReasoningModel_ACTV1(
  (inner): TinyRecursiveReasoningModel_ACTV1_Inner(
    (embed_tokens): CastedEmbedding()
    (lm_head): CastedLinear()
    (q_head): CastedLinear()
    (puzzle_emb): CastedSparseEmbedding()
    (rotary_emb): RotaryEmbedding()
    (L_level): TinyRecursiveReasoningModel_ACTV1ReasoningModule(
      (layers): ModuleList(
        (0-1): 2 x TinyRecursiveReasoningModel_ACTV1Block(
          (self_attn): Attention(
            (qkv_proj): CastedLinear()
            (o_proj): CastedLinear()
          )
          (mlp): SwiGLU(
            (gate_up_proj): CastedLinear()
            (down_proj): CastedLinear()
          )
        )
      )
    )
  )
)
Base model TRM synchronized to configured dtype: torch.bfloat16
Injecting LoRA layers with r=16, dropout=0.0...
TinyRecursiveReasoningModel_ACTV1(
  (inner): TinyRecursiveReasoningModel_ACTV1_Inner(
    (embed_tokens): CastedEmbedding()
    (lm_head): CastedLinear()
    (q_head): CastedLinear()
    (puzzle_emb): CastedSparseEmbedding()
    (rotary_emb): RotaryEmbedding()
    (L_level): TinyRecursiveReasoningModel_ACTV1ReasoningModule(
      (layers): ModuleList(
        (0-1): 2 x TinyRecursiveReasoningModel_ACTV1Block(
          (self_attn): Attention(
            (qkv_proj): CastedLinear()
            (o_proj): CastedLinear()
          )
          (mlp): SwiGLU(
            (gate_up_proj): CastedLinear()
            (down_proj): CastedLinear()
          )
        )
      )
    )
  )
)
Initialized HyperNetwork (PG) with dtype: torch.bfloat16
Token embedding unfrozen for finetuning.
Base model TRM synchronized to configured dtype: torch.bfloat16
Injecting LoRA layers with r=16, dropout=0.0...
Initialized HyperNetwork (PG) with dtype: torch.bfloat16
Token embedding unfrozen for finetuning.
[0 missing, 0 unexpected]: Checkpoint loaded.
Base model TRM synchronized to configured dtype: torch.bfloat16
Injecting LoRA layers with r=16, dropout=0.0...
Initialized HyperNetwork (PG) with dtype: torch.bfloat16
Token embedding unfrozen for finetuning.
Error executing job with overrides: ['global_batch_size=256', 'lr=1e-4', '+checkpoint_path=checkpoints/WU4TRM_r16_lr1e-4_8gpus_0401_2058', '+load_checkpoint=pretrained_base_ckpt/ARC-AGI-1/step_155718', '+project_name=trm-hypernetwork-integration', '+run_name=WU4TRM_r16_lr1e-4_8gpus_0401_2058']
Error executing job with overrides: ['global_batch_size=256', 'lr=1e-4', '+checkpoint_path=checkpoints/WU4TRM_r16_lr1e-4_8gpus_0401_2058', '+load_checkpoint=pretrained_base_ckpt/ARC-AGI-1/step_155718', '+project_name=trm-hypernetwork-integration', '+run_name=WU4TRM_r16_lr1e-4_8gpus_0401_2058']
Error executing job with overrides: ['global_batch_size=256', 'lr=1e-4', '+checkpoint_path=checkpoints/WU4TRM_r16_lr1e-4_8gpus_0401_2058', '+load_checkpoint=pretrained_base_ckpt/ARC-AGI-1/step_155718', '+project_name=trm-hypernetwork-integration', '+run_name=WU4TRM_r16_lr1e-4_8gpus_0401_2058']
Traceback (most recent call last):
Traceback (most recent call last):
  File "/mnt/nvme1/HyperCircuit/TRM_WU_Project/meta_train.py", line 692, in launch
    train_state = init_train_state(config, train_metadata, rank=RANK, world_size=WORLD_SIZE)
                  ^^^^^^^^^^^^^^^^^^^^^^^^^^^^^^^^^^^^^^^^^^^^^^^^^^^^^^^^^^^^^^^^^^^^^^^^^^
  File "/mnt/nvme1/HyperCircuit/TRM_WU_Project/meta_train.py", line 692, in launch
    train_state = init_train_state(config, train_metadata, rank=RANK, world_size=WORLD_SIZE)
                  ^^^^^^^^^^^^^^^^^^^^^^^^^^^^^^^^^^^^^^^^^^^^^^^^^^^^^^^^^^^^^^^^^^^^^^^^^^
  File "/mnt/nvme1/HyperCircuit/TRM_WU_Project/meta_train.py", line 269, in init_train_state
    model, optimizers, optimizer_lrs = create_model(config, train_metadata, rank=rank, world_size=world_size)
                                       ^^^^^^^^^^^^^^^^^^^^^^^^^^^^^^^^^^^^^^^^^^^^^^^^^^^^^^^^^^^^^^^^^^^^^^
  File "/mnt/nvme1/HyperCircuit/TRM_WU_Project/meta_train.py", line 221, in create_model
    CastedSparseEmbeddingSignSGD_Distributed(
  File "/mnt/nvme1/HyperCircuit/TRM_WU_Project/meta_train.py", line 269, in init_train_state
    model, optimizers, optimizer_lrs = create_model(config, train_metadata, rank=rank, world_size=world_size)
                                       ^^^^^^^^^^^^^^^^^^^^^^^^^^^^^^^^^^^^^^^^^^^^^^^^^^^^^^^^^^^^^^^^^^^^^^
  File "/mnt/nvme1/HyperCircuit/TRM_WU_Project/models/sparse_embedding.py", line 60, in __init__
    super().__init__(params, defaults)
  File "/mnt/nvme1/HyperCircuit/TRM_WU_Project/meta_train.py", line 221, in create_model
    CastedSparseEmbeddingSignSGD_Distributed(
  File "/mnt/nvme1/anaconda3/envs/TRM/lib/python3.12/site-packages/torch/optim/optimizer.py", line 405, in __init__
    self.add_param_group(cast(dict, param_group))
  File "/mnt/nvme1/HyperCircuit/TRM_WU_Project/models/sparse_embedding.py", line 60, in __init__
    super().__init__(params, defaults)
  File "/mnt/nvme1/anaconda3/envs/TRM/lib/python3.12/site-packages/torch/_compile.py", line 54, in inner
    return disable_fn(*args, **kwargs)
           ^^^^^^^^^^^^^^^^^^^^^^^^^^^
  File "/mnt/nvme1/anaconda3/envs/TRM/lib/python3.12/site-packages/torch/optim/optimizer.py", line 405, in __init__
    self.add_param_group(cast(dict, param_group))
  File "/mnt/nvme1/anaconda3/envs/TRM/lib/python3.12/site-packages/torch/_dynamo/eval_frame.py", line 1272, in _fn
    return fn(*args, **kwargs)
           ^^^^^^^^^^^^^^^^^^^
  File "/mnt/nvme1/anaconda3/envs/TRM/lib/python3.12/site-packages/torch/_compile.py", line 54, in inner
    return disable_fn(*args, **kwargs)
           ^^^^^^^^^^^^^^^^^^^^^^^^^^^
  File "/mnt/nvme1/anaconda3/envs/TRM/lib/python3.12/site-packages/torch/optim/optimizer.py", line 1161, in add_param_group
    raise ValueError("can't optimize a non-leaf Tensor")
  File "/mnt/nvme1/anaconda3/envs/TRM/lib/python3.12/site-packages/torch/_dynamo/eval_frame.py", line 1272, in _fn
    return fn(*args, **kwargs)
           ^^^^^^^^^^^^^^^^^^^
  File "/mnt/nvme1/anaconda3/envs/TRM/lib/python3.12/site-packages/torch/optim/optimizer.py", line 1161, in add_param_group
    raise ValueError("can't optimize a non-leaf Tensor")
ValueError: can't optimize a non-leaf Tensor
ValueError: can't optimize a non-leaf Tensor

Set the environment variable HYDRA_FULL_ERROR=1 for a complete stack trace.

Set the environment variable HYDRA_FULL_ERROR=1 for a complete stack trace.
Traceback (most recent call last):
Error executing job with overrides: ['global_batch_size=256', 'lr=1e-4', '+checkpoint_path=checkpoints/WU4TRM_r16_lr1e-4_8gpus_0401_2058', '+load_checkpoint=pretrained_base_ckpt/ARC-AGI-1/step_155718', '+project_name=trm-hypernetwork-integration', '+run_name=WU4TRM_r16_lr1e-4_8gpus_0401_2058']
  File "/mnt/nvme1/HyperCircuit/TRM_WU_Project/meta_train.py", line 692, in launch
    train_state = init_train_state(config, train_metadata, rank=RANK, world_size=WORLD_SIZE)
                  ^^^^^^^^^^^^^^^^^^^^^^^^^^^^^^^^^^^^^^^^^^^^^^^^^^^^^^^^^^^^^^^^^^^^^^^^^^
  File "/mnt/nvme1/HyperCircuit/TRM_WU_Project/meta_train.py", line 269, in init_train_state
    model, optimizers, optimizer_lrs = create_model(config, train_metadata, rank=rank, world_size=world_size)
                                       ^^^^^^^^^^^^^^^^^^^^^^^^^^^^^^^^^^^^^^^^^^^^^^^^^^^^^^^^^^^^^^^^^^^^^^
  File "/mnt/nvme1/HyperCircuit/TRM_WU_Project/meta_train.py", line 221, in create_model
    CastedSparseEmbeddingSignSGD_Distributed(
  File "/mnt/nvme1/HyperCircuit/TRM_WU_Project/models/sparse_embedding.py", line 60, in __init__
    super().__init__(params, defaults)
  File "/mnt/nvme1/anaconda3/envs/TRM/lib/python3.12/site-packages/torch/optim/optimizer.py", line 405, in __init__
    self.add_param_group(cast(dict, param_group))
  File "/mnt/nvme1/anaconda3/envs/TRM/lib/python3.12/site-packages/torch/_compile.py", line 54, in inner
    return disable_fn(*args, **kwargs)
           ^^^^^^^^^^^^^^^^^^^^^^^^^^^
  File "/mnt/nvme1/anaconda3/envs/TRM/lib/python3.12/site-packages/torch/_dynamo/eval_frame.py", line 1272, in _fn
    return fn(*args, **kwargs)
           ^^^^^^^^^^^^^^^^^^^
  File "/mnt/nvme1/anaconda3/envs/TRM/lib/python3.12/site-packages/torch/optim/optimizer.py", line 1161, in add_param_group
    raise ValueError("can't optimize a non-leaf Tensor")
ValueError: can't optimize a non-leaf Tensor

Set the environment variable HYDRA_FULL_ERROR=1 for a complete stack trace.
Traceback (most recent call last):
  File "/mnt/nvme1/HyperCircuit/TRM_WU_Project/meta_train.py", line 692, in launch
    train_state = init_train_state(config, train_metadata, rank=RANK, world_size=WORLD_SIZE)
                  ^^^^^^^^^^^^^^^^^^^^^^^^^^^^^^^^^^^^^^^^^^^^^^^^^^^^^^^^^^^^^^^^^^^^^^^^^^
  File "/mnt/nvme1/HyperCircuit/TRM_WU_Project/meta_train.py", line 269, in init_train_state
    model, optimizers, optimizer_lrs = create_model(config, train_metadata, rank=rank, world_size=world_size)
                                       ^^^^^^^^^^^^^^^^^^^^^^^^^^^^^^^^^^^^^^^^^^^^^^^^^^^^^^^^^^^^^^^^^^^^^^
  File "/mnt/nvme1/HyperCircuit/TRM_WU_Project/meta_train.py", line 221, in create_model
    CastedSparseEmbeddingSignSGD_Distributed(
  File "/mnt/nvme1/HyperCircuit/TRM_WU_Project/models/sparse_embedding.py", line 60, in __init__
    super().__init__(params, defaults)
  File "/mnt/nvme1/anaconda3/envs/TRM/lib/python3.12/site-packages/torch/optim/optimizer.py", line 405, in __init__
    self.add_param_group(cast(dict, param_group))
  File "/mnt/nvme1/anaconda3/envs/TRM/lib/python3.12/site-packages/torch/_compile.py", line 54, in inner
    return disable_fn(*args, **kwargs)
           ^^^^^^^^^^^^^^^^^^^^^^^^^^^
  File "/mnt/nvme1/anaconda3/envs/TRM/lib/python3.12/site-packages/torch/_dynamo/eval_frame.py", line 1272, in _fn
    return fn(*args, **kwargs)
           ^^^^^^^^^^^^^^^^^^^
  File "/mnt/nvme1/anaconda3/envs/TRM/lib/python3.12/site-packages/torch/optim/optimizer.py", line 1161, in add_param_group
    raise ValueError("can't optimize a non-leaf Tensor")
ValueError: can't optimize a non-leaf Tensor

Set the environment variable HYDRA_FULL_ERROR=1 for a complete stack trace.
Error executing job with overrides: ['global_batch_size=256', 'lr=1e-4', '+checkpoint_path=checkpoints/WU4TRM_r16_lr1e-4_8gpus_0401_2058', '+load_checkpoint=pretrained_base_ckpt/ARC-AGI-1/step_155718', '+project_name=trm-hypernetwork-integration', '+run_name=WU4TRM_r16_lr1e-4_8gpus_0401_2058']
Traceback (most recent call last):
  File "/mnt/nvme1/HyperCircuit/TRM_WU_Project/meta_train.py", line 692, in launch
    train_state = init_train_state(config, train_metadata, rank=RANK, world_size=WORLD_SIZE)
                  ^^^^^^^^^^^^^^^^^^^^^^^^^^^^^^^^^^^^^^^^^^^^^^^^^^^^^^^^^^^^^^^^^^^^^^^^^^
  File "/mnt/nvme1/HyperCircuit/TRM_WU_Project/meta_train.py", line 269, in init_train_state
    model, optimizers, optimizer_lrs = create_model(config, train_metadata, rank=rank, world_size=world_size)
                                       ^^^^^^^^^^^^^^^^^^^^^^^^^^^^^^^^^^^^^^^^^^^^^^^^^^^^^^^^^^^^^^^^^^^^^^
  File "/mnt/nvme1/HyperCircuit/TRM_WU_Project/meta_train.py", line 221, in create_model
    CastedSparseEmbeddingSignSGD_Distributed(
  File "/mnt/nvme1/HyperCircuit/TRM_WU_Project/models/sparse_embedding.py", line 60, in __init__
    super().__init__(params, defaults)
  File "/mnt/nvme1/anaconda3/envs/TRM/lib/python3.12/site-packages/torch/optim/optimizer.py", line 405, in __init__
    self.add_param_group(cast(dict, param_group))
  File "/mnt/nvme1/anaconda3/envs/TRM/lib/python3.12/site-packages/torch/_compile.py", line 54, in inner
    return disable_fn(*args, **kwargs)
           ^^^^^^^^^^^^^^^^^^^^^^^^^^^
  File "/mnt/nvme1/anaconda3/envs/TRM/lib/python3.12/site-packages/torch/_dynamo/eval_frame.py", line 1272, in _fn
    return fn(*args, **kwargs)
           ^^^^^^^^^^^^^^^^^^^
  File "/mnt/nvme1/anaconda3/envs/TRM/lib/python3.12/site-packages/torch/optim/optimizer.py", line 1161, in add_param_group
    raise ValueError("can't optimize a non-leaf Tensor")
ValueError: can't optimize a non-leaf Tensor

Set the environment variable HYDRA_FULL_ERROR=1 for a complete stack trace.
Error executing job with overrides: ['global_batch_size=256', 'lr=1e-4', '+checkpoint_path=checkpoints/WU4TRM_r16_lr1e-4_8gpus_0401_2058', '+load_checkpoint=pretrained_base_ckpt/ARC-AGI-1/step_155718', '+project_name=trm-hypernetwork-integration', '+run_name=WU4TRM_r16_lr1e-4_8gpus_0401_2058']
Traceback (most recent call last):
  File "/mnt/nvme1/HyperCircuit/TRM_WU_Project/meta_train.py", line 692, in launch
    train_state = init_train_state(config, train_metadata, rank=RANK, world_size=WORLD_SIZE)
                  ^^^^^^^^^^^^^^^^^^^^^^^^^^^^^^^^^^^^^^^^^^^^^^^^^^^^^^^^^^^^^^^^^^^^^^^^^^
  File "/mnt/nvme1/HyperCircuit/TRM_WU_Project/meta_train.py", line 269, in init_train_state
    model, optimizers, optimizer_lrs = create_model(config, train_metadata, rank=rank, world_size=world_size)
                                       ^^^^^^^^^^^^^^^^^^^^^^^^^^^^^^^^^^^^^^^^^^^^^^^^^^^^^^^^^^^^^^^^^^^^^^
  File "/mnt/nvme1/HyperCircuit/TRM_WU_Project/meta_train.py", line 221, in create_model
    CastedSparseEmbeddingSignSGD_Distributed(
  File "/mnt/nvme1/HyperCircuit/TRM_WU_Project/models/sparse_embedding.py", line 60, in __init__
    super().__init__(params, defaults)
  File "/mnt/nvme1/anaconda3/envs/TRM/lib/python3.12/site-packages/torch/optim/optimizer.py", line 405, in __init__
    self.add_param_group(cast(dict, param_group))
  File "/mnt/nvme1/anaconda3/envs/TRM/lib/python3.12/site-packages/torch/_compile.py", line 54, in inner
    return disable_fn(*args, **kwargs)
           ^^^^^^^^^^^^^^^^^^^^^^^^^^^
  File "/mnt/nvme1/anaconda3/envs/TRM/lib/python3.12/site-packages/torch/_dynamo/eval_frame.py", line 1272, in _fn
    return fn(*args, **kwargs)
           ^^^^^^^^^^^^^^^^^^^
  File "/mnt/nvme1/anaconda3/envs/TRM/lib/python3.12/site-packages/torch/optim/optimizer.py", line 1161, in add_param_group
    raise ValueError("can't optimize a non-leaf Tensor")
ValueError: can't optimize a non-leaf Tensor

Set the environment variable HYDRA_FULL_ERROR=1 for a complete stack trace.
Error executing job with overrides: ['global_batch_size=256', 'lr=1e-4', '+checkpoint_path=checkpoints/WU4TRM_r16_lr1e-4_8gpus_0401_2058', '+load_checkpoint=pretrained_base_ckpt/ARC-AGI-1/step_155718', '+project_name=trm-hypernetwork-integration', '+run_name=WU4TRM_r16_lr1e-4_8gpus_0401_2058']
Traceback (most recent call last):
  File "/mnt/nvme1/HyperCircuit/TRM_WU_Project/meta_train.py", line 692, in launch
    train_state = init_train_state(config, train_metadata, rank=RANK, world_size=WORLD_SIZE)
                  ^^^^^^^^^^^^^^^^^^^^^^^^^^^^^^^^^^^^^^^^^^^^^^^^^^^^^^^^^^^^^^^^^^^^^^^^^^
  File "/mnt/nvme1/HyperCircuit/TRM_WU_Project/meta_train.py", line 269, in init_train_state
    model, optimizers, optimizer_lrs = create_model(config, train_metadata, rank=rank, world_size=world_size)
                                       ^^^^^^^^^^^^^^^^^^^^^^^^^^^^^^^^^^^^^^^^^^^^^^^^^^^^^^^^^^^^^^^^^^^^^^
  File "/mnt/nvme1/HyperCircuit/TRM_WU_Project/meta_train.py", line 221, in create_model
    CastedSparseEmbeddingSignSGD_Distributed(
  File "/mnt/nvme1/HyperCircuit/TRM_WU_Project/models/sparse_embedding.py", line 60, in __init__
    super().__init__(params, defaults)
  File "/mnt/nvme1/anaconda3/envs/TRM/lib/python3.12/site-packages/torch/optim/optimizer.py", line 405, in __init__
    self.add_param_group(cast(dict, param_group))
  File "/mnt/nvme1/anaconda3/envs/TRM/lib/python3.12/site-packages/torch/_compile.py", line 54, in inner
    return disable_fn(*args, **kwargs)
           ^^^^^^^^^^^^^^^^^^^^^^^^^^^
  File "/mnt/nvme1/anaconda3/envs/TRM/lib/python3.12/site-packages/torch/_dynamo/eval_frame.py", line 1272, in _fn
    return fn(*args, **kwargs)
           ^^^^^^^^^^^^^^^^^^^
  File "/mnt/nvme1/anaconda3/envs/TRM/lib/python3.12/site-packages/torch/optim/optimizer.py", line 1161, in add_param_group
    raise ValueError("can't optimize a non-leaf Tensor")
ValueError: can't optimize a non-leaf Tensor

Set the environment variable HYDRA_FULL_ERROR=1 for a complete stack trace.
[rank5]:[E401 20:58:33.004662818 ProcessGroupNCCL.cpp:673] [Rank 5] Collective WorkNCCL(SeqNum=47, OpType=BROADCAST, NumelIn=196608, NumelOut=196608, Timeout(ms)=600000) raised the following async exception: NCCL error: unhandled system error (run with NCCL_DEBUG=INFO for details), NCCL version 2.29.3
ncclSystemError: System call (e.g. socket, malloc) or external library call failed or device error. 
Last error:

Exception raised from checkForNCCLErrorsInternal at /pytorch/torch/csrc/distributed/c10d/ProcessGroupNCCL.cpp:2867 (most recent call first):
frame #0: c10::Error::Error(c10::SourceLocation, std::__cxx11::basic_string<char, std::char_traits<char>, std::allocator<char> >) + 0x9d (0x7f789d76aefd in /mnt/nvme1/anaconda3/envs/TRM/lib/python3.12/site-packages/torch/lib/libc10.so)
frame #1: c10d::ProcessGroupNCCL::checkForNCCLErrorsInternal(std::shared_ptr<c10d::NCCLComm>&) + 0x35e (0x7f77a8daddee in /mnt/nvme1/anaconda3/envs/TRM/lib/python3.12/site-packages/torch/lib/libtorch_cuda.so)
frame #2: c10d::ProcessGroupNCCL::WorkNCCL::checkAndSetException() + 0x80 (0x7f77a8db24d0 in /mnt/nvme1/anaconda3/envs/TRM/lib/python3.12/site-packages/torch/lib/libtorch_cuda.so)
frame #3: c10d::ProcessGroupNCCL::WorkNCCL::isStarted() + 0x58 (0x7f77a8db2858 in /mnt/nvme1/anaconda3/envs/TRM/lib/python3.12/site-packages/torch/lib/libtorch_cuda.so)
frame #4: c10d::ProcessGroupNCCL::Watchdog::runLoop() + 0xb3c (0x7f77a8dbdf4c in /mnt/nvme1/anaconda3/envs/TRM/lib/python3.12/site-packages/torch/lib/libtorch_cuda.so)
frame #5: c10d::ProcessGroupNCCL::Watchdog::run() + 0x157 (0x7f77a8dbfd17 in /mnt/nvme1/anaconda3/envs/TRM/lib/python3.12/site-packages/torch/lib/libtorch_cuda.so)
frame #6: <unknown function> + 0xdc253 (0x7f786f2b0253 in /lib/x86_64-linux-gnu/libstdc++.so.6)
frame #7: <unknown function> + 0x94ac3 (0x7f789e948ac3 in /lib/x86_64-linux-gnu/libc.so.6)
frame #8: <unknown function> + 0x126850 (0x7f789e9da850 in /lib/x86_64-linux-gnu/libc.so.6)

Error executing job with overrides: ['global_batch_size=256', 'lr=1e-4', '+checkpoint_path=checkpoints/WU4TRM_r16_lr1e-4_8gpus_0401_2058', '+load_checkpoint=pretrained_base_ckpt/ARC-AGI-1/step_155718', '+project_name=trm-hypernetwork-integration', '+run_name=WU4TRM_r16_lr1e-4_8gpus_0401_2058']
Traceback (most recent call last):
  File "/mnt/nvme1/HyperCircuit/TRM_WU_Project/meta_train.py", line 692, in launch
    train_state = init_train_state(config, train_metadata, rank=RANK, world_size=WORLD_SIZE)
                  ^^^^^^^^^^^^^^^^^^^^^^^^^^^^^^^^^^^^^^^^^^^^^^^^^^^^^^^^^^^^^^^^^^^^^^^^^^
  File "/mnt/nvme1/HyperCircuit/TRM_WU_Project/meta_train.py", line 269, in init_train_state
    model, optimizers, optimizer_lrs = create_model(config, train_metadata, rank=rank, world_size=world_size)
                                       ^^^^^^^^^^^^^^^^^^^^^^^^^^^^^^^^^^^^^^^^^^^^^^^^^^^^^^^^^^^^^^^^^^^^^^
  File "/mnt/nvme1/HyperCircuit/TRM_WU_Project/meta_train.py", line 221, in create_model
    CastedSparseEmbeddingSignSGD_Distributed(
  File "/mnt/nvme1/HyperCircuit/TRM_WU_Project/models/sparse_embedding.py", line 60, in __init__
    super().__init__(params, defaults)
  File "/mnt/nvme1/anaconda3/envs/TRM/lib/python3.12/site-packages/torch/optim/optimizer.py", line 405, in __init__
    self.add_param_group(cast(dict, param_group))
  File "/mnt/nvme1/anaconda3/envs/TRM/lib/python3.12/site-packages/torch/_compile.py", line 54, in inner
    return disable_fn(*args, **kwargs)
           ^^^^^^^^^^^^^^^^^^^^^^^^^^^
  File "/mnt/nvme1/anaconda3/envs/TRM/lib/python3.12/site-packages/torch/_dynamo/eval_frame.py", line 1272, in _fn
    return fn(*args, **kwargs)
           ^^^^^^^^^^^^^^^^^^^
  File "/mnt/nvme1/anaconda3/envs/TRM/lib/python3.12/site-packages/torch/optim/optimizer.py", line 1161, in add_param_group
    raise ValueError("can't optimize a non-leaf Tensor")
ValueError: can't optimize a non-leaf Tensor

Set the environment variable HYDRA_FULL_ERROR=1 for a complete stack trace.
W0401 20:58:34.435000 2402526 site-packages/torch/distributed/elastic/multiprocessing/api.py:1014] Sending process 2402582 closing signal SIGTERM
W0401 20:58:34.436000 2402526 site-packages/torch/distributed/elastic/multiprocessing/api.py:1014] Sending process 2402583 closing signal SIGTERM
W0401 20:58:34.436000 2402526 site-packages/torch/distributed/elastic/multiprocessing/api.py:1014] Sending process 2402584 closing signal SIGTERM
W0401 20:58:34.436000 2402526 site-packages/torch/distributed/elastic/multiprocessing/api.py:1014] Sending process 2402585 closing signal SIGTERM
W0401 20:58:34.436000 2402526 site-packages/torch/distributed/elastic/multiprocessing/api.py:1014] Sending process 2402586 closing signal SIGTERM
W0401 20:58:34.437000 2402526 site-packages/torch/distributed/elastic/multiprocessing/api.py:1014] Sending process 2402587 closing signal SIGTERM
W0401 20:58:34.437000 2402526 site-packages/torch/distributed/elastic/multiprocessing/api.py:1014] Sending process 2402588 closing signal SIGTERM
E0401 20:58:35.078000 2402526 site-packages/torch/distributed/elastic/multiprocessing/api.py:988] failed (exitcode: 1) local_rank: 7 (pid: 2402589) of binary: /mnt/nvme1/anaconda3/envs/TRM/bin/python3.12
Traceback (most recent call last):
  File "/mnt/nvme1/anaconda3/envs/TRM/bin/torchrun", line 6, in <module>
    sys.exit(main())
             ^^^^^^
  File "/mnt/nvme1/anaconda3/envs/TRM/lib/python3.12/site-packages/torch/distributed/elastic/multiprocessing/errors/__init__.py", line 367, in wrapper
    return f(*args, **kwargs)
           ^^^^^^^^^^^^^^^^^^
  File "/mnt/nvme1/anaconda3/envs/TRM/lib/python3.12/site-packages/torch/distributed/run.py", line 1016, in main
    run(args)
  File "/mnt/nvme1/anaconda3/envs/TRM/lib/python3.12/site-packages/torch/distributed/run.py", line 1007, in run
    elastic_launch(
  File "/mnt/nvme1/anaconda3/envs/TRM/lib/python3.12/site-packages/torch/distributed/launcher/api.py", line 184, in __call__
    return launch_agent(self._config, self._entrypoint, list(args))
           ^^^^^^^^^^^^^^^^^^^^^^^^^^^^^^^^^^^^^^^^^^^^^^^^^^^^^^^^
  File "/mnt/nvme1/anaconda3/envs/TRM/lib/python3.12/site-packages/torch/distributed/launcher/api.py", line 332, in launch_agent
    raise ChildFailedError(
torch.distributed.elastic.multiprocessing.errors.ChildFailedError: 
============================================================
meta_train.py FAILED
------------------------------------------------------------
Failures:
[1]:
  time      : 2026-04-01_20:58:35
  host      : bms-87039003
  rank      : 0 (local_rank: 0)
  exitcode  : -15 (pid: 2402582)  (SIGTERM)
  error_file: <N/A>
  traceback : Signal 15 (SIGTERM) received by PID 2402582
[2]:
  time      : 2026-04-01_20:58:35
  host      : bms-87039003
  rank      : 1 (local_rank: 1)
  exitcode  : -15 (pid: 2402583)  (SIGTERM)
  error_file: <N/A>
  traceback : Signal 15 (SIGTERM) received by PID 2402583
[3]:
  time      : 2026-04-01_20:58:35
  host      : bms-87039003
  rank      : 2 (local_rank: 2)
  exitcode  : -15 (pid: 2402584)  (SIGTERM)
  error_file: <N/A>
  traceback : Signal 15 (SIGTERM) received by PID 2402584
[4]:
  time      : 2026-04-01_20:58:35
  host      : bms-87039003
  rank      : 3 (local_rank: 3)
  exitcode  : -15 (pid: 2402585)  (SIGTERM)
  error_file: <N/A>
  traceback : Signal 15 (SIGTERM) received by PID 2402585
[5]:
  time      : 2026-04-01_20:58:35
  host      : bms-87039003
  rank      : 4 (local_rank: 4)
  exitcode  : -15 (pid: 2402586)  (SIGTERM)
  error_file: <N/A>
  traceback : Signal 15 (SIGTERM) received by PID 2402586
[6]:
  time      : 2026-04-01_20:58:35
  host      : bms-87039003
  rank      : 5 (local_rank: 5)
  exitcode  : 1 (pid: 2402587) 
  error_file: <N/A>
  traceback : To enable traceback see: https://pytorch.org/docs/stable/elastic/errors.html
[7]:
  time      : 2026-04-01_20:58:35
  host      : bms-87039003
  rank      : 6 (local_rank: 6)
  exitcode  : -15 (pid: 2402588)  (SIGTERM)
  error_file: <N/A>
  traceback : Signal 15 (SIGTERM) received by PID 2402588
------------------------------------------------------------
Root Cause (first observed failure):
[0]:
  time      : 2026-04-01_20:58:34
  host      : bms-87039003
  rank      : 7 (local_rank: 7)
  exitcode  : 1 (pid: 2402589) 
  error_file: <N/A>
  traceback : To enable traceback see: https://pytorch.org/docs/stable/elastic/errors.html
============================================================
