W0319 19:01:48.073000 87 site-packages/torch/distributed/run.py:851] 
W0319 19:01:48.073000 87 site-packages/torch/distributed/run.py:851] *****************************************
W0319 19:01:48.073000 87 site-packages/torch/distributed/run.py:851] Setting OMP_NUM_THREADS environment variable for each process to be 1 in default, to avoid your system being overloaded, please further tune the variable for optimal performance in your application as needed. 
W0319 19:01:48.073000 87 site-packages/torch/distributed/run.py:851] *****************************************
/mnt/kbei/miniconda/envs/TRM/lib/python3.12/site-packages/torch/utils/_device.py:115: UserWarning: Specified kernel cache directory could not be created! This disables kernel caching. Specified directory is /root/.cache/torch/kernels. This warning will appear only once per process. (Triggered internally at /pytorch/aten/src/ATen/native/cuda/jit_utils.cpp:1505.)
  return func(*args, **kwargs)
TinyRecursiveReasoningModel_ACTV1(
  (inner): TinyRecursiveReasoningModel_ACTV1_Inner(
    (embed_tokens): CastedEmbedding()
    (lm_head): CastedLinear()
    (q_head): CastedLinear()
    (puzzle_emb): CastedSparseEmbedding()
    (rotary_emb): RotaryEmbedding()
    (L_level): TinyRecursiveReasoningModel_ACTV1ReasoningModule(
      (layers): ModuleList(
        (0-1): 2 x TinyRecursiveReasoningModel_ACTV1Block(
          (self_attn): Attention(
            (qkv_proj): CastedLinear()
            (o_proj): CastedLinear()
          )
          (mlp): SwiGLU(
            (gate_up_proj): CastedLinear()
            (down_proj): CastedLinear()
          )
        )
      )
    )
  )
)
TinyRecursiveReasoningModel_ACTV1(
  (inner): TinyRecursiveReasoningModel_ACTV1_Inner(
    (embed_tokens): CastedEmbedding()
    (lm_head): CastedLinear()
    (q_head): CastedLinear()
    (puzzle_emb): CastedSparseEmbedding()
    (rotary_emb): RotaryEmbedding()
    (L_level): TinyRecursiveReasoningModel_ACTV1ReasoningModule(
      (layers): ModuleList(
        (0-1): 2 x TinyRecursiveReasoningModel_ACTV1Block(
          (self_attn): Attention(
            (qkv_proj): CastedLinear()
            (o_proj): CastedLinear()
          )
          (mlp): SwiGLU(
            (gate_up_proj): CastedLinear()
            (down_proj): CastedLinear()
          )
        )
      )
    )
  )
)
TinyRecursiveReasoningModel_ACTV1(
  (inner): TinyRecursiveReasoningModel_ACTV1_Inner(
    (embed_tokens): CastedEmbedding()
    (lm_head): CastedLinear()
    (q_head): CastedLinear()
    (puzzle_emb): CastedSparseEmbedding()
    (rotary_emb): RotaryEmbedding()
    (L_level): TinyRecursiveReasoningModel_ACTV1ReasoningModule(
      (layers): ModuleList(
        (0-1): 2 x TinyRecursiveReasoningModel_ACTV1Block(
          (self_attn): Attention(
            (qkv_proj): CastedLinear()
            (o_proj): CastedLinear()
          )
          (mlp): SwiGLU(
            (gate_up_proj): CastedLinear()
            (down_proj): CastedLinear()
          )
        )
      )
    )
  )
)
TinyRecursiveReasoningModel_ACTV1(
  (inner): TinyRecursiveReasoningModel_ACTV1_Inner(
    (embed_tokens): CastedEmbedding()
    (lm_head): CastedLinear()
    (q_head): CastedLinear()
    (puzzle_emb): CastedSparseEmbedding()
    (rotary_emb): RotaryEmbedding()
    (L_level): TinyRecursiveReasoningModel_ACTV1ReasoningModule(
      (layers): ModuleList(
        (0-1): 2 x TinyRecursiveReasoningModel_ACTV1Block(
          (self_attn): Attention(
            (qkv_proj): CastedLinear()
            (o_proj): CastedLinear()
          )
          (mlp): SwiGLU(
            (gate_up_proj): CastedLinear()
            (down_proj): CastedLinear()
          )
        )
      )
    )
  )
)
TinyRecursiveReasoningModel_ACTV1(
  (inner): TinyRecursiveReasoningModel_ACTV1_Inner(
    (embed_tokens): CastedEmbedding()
    (lm_head): CastedLinear()
    (q_head): CastedLinear()
    (puzzle_emb): CastedSparseEmbedding()
    (rotary_emb): RotaryEmbedding()
    (L_level): TinyRecursiveReasoningModel_ACTV1ReasoningModule(
      (layers): ModuleList(
        (0-1): 2 x TinyRecursiveReasoningModel_ACTV1Block(
          (self_attn): Attention(
            (qkv_proj): CastedLinear()
            (o_proj): CastedLinear()
          )
          (mlp): SwiGLU(
            (gate_up_proj): CastedLinear()
            (down_proj): CastedLinear()
          )
        )
      )
    )
  )
)
TinyRecursiveReasoningModel_ACTV1(
  (inner): TinyRecursiveReasoningModel_ACTV1_Inner(
    (embed_tokens): CastedEmbedding()
    (lm_head): CastedLinear()
    (q_head): CastedLinear()
    (puzzle_emb): CastedSparseEmbedding()
    (rotary_emb): RotaryEmbedding()
    (L_level): TinyRecursiveReasoningModel_ACTV1ReasoningModule(
      (layers): ModuleList(
        (0-1): 2 x TinyRecursiveReasoningModel_ACTV1Block(
          (self_attn): Attention(
            (qkv_proj): CastedLinear()
            (o_proj): CastedLinear()
          )
          (mlp): SwiGLU(
            (gate_up_proj): CastedLinear()
            (down_proj): CastedLinear()
          )
        )
      )
    )
  )
)
TinyRecursiveReasoningModel_ACTV1(
  (inner): TinyRecursiveReasoningModel_ACTV1_Inner(
    (embed_tokens): CastedEmbedding()
    (lm_head): CastedLinear()
    (q_head): CastedLinear()
    (puzzle_emb): CastedSparseEmbedding()
    (rotary_emb): RotaryEmbedding()
    (L_level): TinyRecursiveReasoningModel_ACTV1ReasoningModule(
      (layers): ModuleList(
        (0-1): 2 x TinyRecursiveReasoningModel_ACTV1Block(
          (self_attn): Attention(
            (qkv_proj): CastedLinear()
            (o_proj): CastedLinear()
          )
          (mlp): SwiGLU(
            (gate_up_proj): CastedLinear()
            (down_proj): CastedLinear()
          )
        )
      )
    )
  )
)
TinyRecursiveReasoningModel_ACTV1(
  (inner): TinyRecursiveReasoningModel_ACTV1_Inner(
    (embed_tokens): CastedEmbedding()
    (lm_head): CastedLinear()
    (q_head): CastedLinear()
    (puzzle_emb): CastedSparseEmbedding()
    (rotary_emb): RotaryEmbedding()
    (L_level): TinyRecursiveReasoningModel_ACTV1ReasoningModule(
      (layers): ModuleList(
        (0-1): 2 x TinyRecursiveReasoningModel_ACTV1Block(
          (self_attn): Attention(
            (qkv_proj): CastedLinear()
            (o_proj): CastedLinear()
          )
          (mlp): SwiGLU(
            (gate_up_proj): CastedLinear()
            (down_proj): CastedLinear()
          )
        )
      )
    )
  )
)
Setup EMASetup EMA

Setup EMA
Setup EMA
Setup EMA
Setup EMA
Setup EMA
  0%|          | 0/518226 [00:00<?, ?it/s][Rank 6, World Size 8]: Epoch 0
[Rank 5, World Size 8]: Epoch 0[Rank 1, World Size 8]: Epoch 0
[Rank 3, World Size 8]: Epoch 0
[Rank 7, World Size 8]: Epoch 0

[Rank 4, World Size 8]: Epoch 0
[Rank 2, World Size 8]: Epoch 0
Error executing job with overrides: ['arch=trm', 'data_paths=[data/arc1concept-aug-1000_0319_1856]', 'arch.L_layers=2', 'arch.H_cycles=3', 'arch.L_cycles=4', '+run_name=E2E_Pretrain_0319_1856', '+checkpoint_path=checkpoints/E2E_Pretrain_0319_1856', 'global_batch_size=768', 'epochs=100000', 'eval_interval=10000', 'lr=1e-4', 'lr_warmup_steps=2000', 'ema=True']
Traceback (most recent call last):
  File "/mnt/kbei/HyperCircuit/TinyRecursiveModels/pretrain.py", line 590, in launch
    wandb.init(project=config.project_name, name=config.run_name, config=config.model_dump(), settings=wandb.Settings(_disable_stats=True))  # type: ignore
    ^^^^^^^^^^^^^^^^^^^^^^^^^^^^^^^^^^^^^^^^^^^^^^^^^^^^^^^^^^^^^^^^^^^^^^^^^^^^^^^^^^^^^^^^^^^^^^^^^^^^^^^^^^^^^^^^^^^^^^^^^^^^^^^^^^^^^^^
  File "/mnt/kbei/miniconda/envs/TRM/lib/python3.12/site-packages/wandb/sdk/wandb_init.py", line 1595, in init
    get_sentry().reraise(e)
  File "/mnt/kbei/miniconda/envs/TRM/lib/python3.12/site-packages/wandb/analytics/sentry.py", line 190, in reraise
    raise exc.with_traceback(tb)
  File "/mnt/kbei/miniconda/envs/TRM/lib/python3.12/site-packages/wandb/sdk/wandb_init.py", line 1516, in init
    wi.maybe_login(init_settings)
  File "/mnt/kbei/miniconda/envs/TRM/lib/python3.12/site-packages/wandb/sdk/wandb_init.py", line 193, in maybe_login
    wandb_login._login(
  File "/mnt/kbei/miniconda/envs/TRM/lib/python3.12/site-packages/wandb/sdk/wandb_login.py", line 190, in _login
    auth = _find_or_prompt_for_key(
           ^^^^^^^^^^^^^^^^^^^^^^^^
  File "/mnt/kbei/miniconda/envs/TRM/lib/python3.12/site-packages/wandb/sdk/wandb_login.py", line 266, in _find_or_prompt_for_key
    auth = wbauth.authenticate_session(
           ^^^^^^^^^^^^^^^^^^^^^^^^^^^^
  File "/mnt/kbei/miniconda/envs/TRM/lib/python3.12/site-packages/wandb/sdk/lib/wbauth/authenticate.py", line 139, in authenticate_session
    raise UsageError(
wandb.errors.errors.UsageError: No API key configured. Use `wandb login` to log in.

Set the environment variable HYDRA_FULL_ERROR=1 for a complete stack trace.
[rank0]:[W319 19:02:11.080138550 ProcessGroupNCCL.cpp:1593] Warning: WARNING: destroy_process_group() was not called before program exit, which can leak resources. For more info, please see https://pytorch.org/docs/stable/distributed.html#shutdown (function operator())
W0319 19:02:12.713000 87 site-packages/torch/distributed/elastic/multiprocessing/api.py:1012] Sending process 157 closing signal SIGTERM
W0319 19:02:12.714000 87 site-packages/torch/distributed/elastic/multiprocessing/api.py:1012] Sending process 158 closing signal SIGTERM
W0319 19:02:12.714000 87 site-packages/torch/distributed/elastic/multiprocessing/api.py:1012] Sending process 159 closing signal SIGTERM
W0319 19:02:12.715000 87 site-packages/torch/distributed/elastic/multiprocessing/api.py:1012] Sending process 160 closing signal SIGTERM
W0319 19:02:12.716000 87 site-packages/torch/distributed/elastic/multiprocessing/api.py:1012] Sending process 161 closing signal SIGTERM
W0319 19:02:12.716000 87 site-packages/torch/distributed/elastic/multiprocessing/api.py:1012] Sending process 162 closing signal SIGTERM
W0319 19:02:12.716000 87 site-packages/torch/distributed/elastic/multiprocessing/api.py:1012] Sending process 163 closing signal SIGTERM
E0319 19:02:12.719000 87 site-packages/torch/distributed/elastic/multiprocessing/api.py:986] failed (exitcode: 1) local_rank: 0 (pid: 156) of binary: /mnt/kbei/miniconda/envs/TRM/bin/python
Traceback (most recent call last):
  File "/mnt/kbei/miniconda/envs/TRM/bin/torchrun", line 6, in <module>
    sys.exit(main())
             ^^^^^^
  File "/mnt/kbei/miniconda/envs/TRM/lib/python3.12/site-packages/torch/distributed/elastic/multiprocessing/errors/__init__.py", line 366, in wrapper
    return f(*args, **kwargs)
           ^^^^^^^^^^^^^^^^^^
  File "/mnt/kbei/miniconda/envs/TRM/lib/python3.12/site-packages/torch/distributed/run.py", line 990, in main
    run(args)
  File "/mnt/kbei/miniconda/envs/TRM/lib/python3.12/site-packages/torch/distributed/run.py", line 981, in run
    elastic_launch(
  File "/mnt/kbei/miniconda/envs/TRM/lib/python3.12/site-packages/torch/distributed/launcher/api.py", line 170, in __call__
    return launch_agent(self._config, self._entrypoint, list(args))
           ^^^^^^^^^^^^^^^^^^^^^^^^^^^^^^^^^^^^^^^^^^^^^^^^^^^^^^^^
  File "/mnt/kbei/miniconda/envs/TRM/lib/python3.12/site-packages/torch/distributed/launcher/api.py", line 317, in launch_agent
    raise ChildFailedError(
torch.distributed.elastic.multiprocessing.errors.ChildFailedError: 
============================================================
pretrain.py FAILED
------------------------------------------------------------
Failures:
[1]:
  time      : 2026-03-19_19:02:12
  host      : junqi-task-1-c474ba23-master-0
  rank      : 1 (local_rank: 1)
  exitcode  : -15 (pid: 157)  (SIGTERM)
  error_file: <N/A>
  traceback : Signal 15 (SIGTERM) received by PID 157
[2]:
  time      : 2026-03-19_19:02:12
  host      : junqi-task-1-c474ba23-master-0
  rank      : 2 (local_rank: 2)
  exitcode  : -15 (pid: 158)  (SIGTERM)
  error_file: <N/A>
  traceback : Signal 15 (SIGTERM) received by PID 158
[3]:
  time      : 2026-03-19_19:02:12
  host      : junqi-task-1-c474ba23-master-0
  rank      : 3 (local_rank: 3)
  exitcode  : -15 (pid: 159)  (SIGTERM)
  error_file: <N/A>
  traceback : Signal 15 (SIGTERM) received by PID 159
[4]:
  time      : 2026-03-19_19:02:12
  host      : junqi-task-1-c474ba23-master-0
  rank      : 4 (local_rank: 4)
  exitcode  : -15 (pid: 160)  (SIGTERM)
  error_file: <N/A>
  traceback : Signal 15 (SIGTERM) received by PID 160
[5]:
  time      : 2026-03-19_19:02:12
  host      : junqi-task-1-c474ba23-master-0
  rank      : 5 (local_rank: 5)
  exitcode  : -15 (pid: 161)  (SIGTERM)
  error_file: <N/A>
  traceback : Signal 15 (SIGTERM) received by PID 161
[6]:
  time      : 2026-03-19_19:02:12
  host      : junqi-task-1-c474ba23-master-0
  rank      : 6 (local_rank: 6)
  exitcode  : -15 (pid: 162)  (SIGTERM)
  error_file: <N/A>
  traceback : Signal 15 (SIGTERM) received by PID 162
[7]:
  time      : 2026-03-19_19:02:12
  host      : junqi-task-1-c474ba23-master-0
  rank      : 7 (local_rank: 7)
  exitcode  : -15 (pid: 163)  (SIGTERM)
  error_file: <N/A>
  traceback : Signal 15 (SIGTERM) received by PID 163
------------------------------------------------------------
Root Cause (first observed failure):
[0]:
  time      : 2026-03-19_19:02:12
  host      : junqi-task-1-c474ba23-master-0
  rank      : 0 (local_rank: 0)
  exitcode  : 1 (pid: 156) 
  error_file: <N/A>
  traceback : To enable traceback see: https://pytorch.org/docs/stable/elastic/errors.html
============================================================
