[2026-04-16 20:32:21][moe-85bae7db-master-0]===Running precheck===
[2026-04-16 20:32:40][moe-85bae7db-master-0]===Precheck completed s[2026-04-16 20:32:40][moe-85bae7db-master-0]===Precheck completed successfully===
[2026-04-16 20:32:42][moe-85bae7db-master-0]+ export OMP_NUM_THREADS=4
[2026-04-16 20:32:42][moe-85bae7db-master-0]+ OMP_NUM_THREADS=4
[2026-04-16 20:32:42][moe-85bae7db-master-0]+++ dirname scripts/run/0416/run_0416_long1.sh
[2026-04-16 20:32:42][moe-85bae7db-master-0]++ cd scripts/run/0416
[2026-04-16 20:32:42][moe-85bae7db-master-0]++ pwd
[2026-04-16 20:32:42][moe-85bae7db-master-0]+ SCRIPT_DIR=/mnt/kbei/HyperCircuit/TRM_WU_Project/scripts/run/0416
[2026-04-16 20:32:42][moe-85bae7db-master-0]++ cd /mnt/kbei/HyperCircuit/TRM_WU_Project/scripts/run/0416/../../../
[2026-04-16 20:32:42][moe-85bae7db-master-0]++ pwd
[2026-04-16 20:32:42][moe-85bae7db-master-0]+ PROJECT_ROOT=/mnt/kbei/HyperCircuit/TRM_WU_Project
[2026-04-16 20:32:42][moe-85bae7db-master-0]+ cd /mnt/kbei/HyperCircuit/TRM_WU_Project
[2026-04-16 20:32:42][moe-85bae7db-master-0]+ NUM_GPUS=8
[2026-04-16 20:32:42][moe-85bae7db-master-0]+ GLOBAL_BATCH_SIZE=2048
[2026-04-16 20:32:42][moe-85bae7db-master-0]+ WARMUP=5000
[2026-04-16 20:32:42][moe-85bae7db-master-0]+ EPOCHS=100000
[2026-04-16 20:32:42][moe-85bae7db-master-0]+ EVAL_INTERVAL=5000
[2026-04-16 20:32:42][moe-85bae7db-master-0]+ DATASET_PATH=/mnt/kbei/HyperCircuit_Data/data/arc1concept-aug-1000
[2026-04-16 20:32:42][moe-85bae7db-master-0]+ BASE_CKPT_PATH=/mnt/kbei/HyperCircuit_Data/checkpoints/Arc1concept-aug-1000-ACT-torch/pretrain_att_arc1concept_4/step_518071
[2026-04-16 20:32:42][moe-85bae7db-master-0]+ CFG=cfg_wu4trm
[2026-04-16 20:32:42][moe-85bae7db-master-0]+ SKIP_BASELINE_EVAL=True
[2026-04-16 20:32:42][moe-85bae7db-master-0]+ LOG_DIR=logs/logs0416
[2026-04-16 20:32:42][moe-85bae7db-master-0]+ mkdir -p logs/logs0416
[2026-04-16 20:32:42][moe-85bae7db-master-0]+ TAG=L1_long_r8_norope
[2026-04-16 20:32:42][moe-85bae7db-master-0]++ date +%m%d_%H%M
[2026-04-16 20:32:42][moe-85bae7db-master-0]+ run_name=WU4TRM_L1_long_r8_norope_bs2048_8gpus_0416_2032
[2026-04-16 20:32:42][moe-85bae7db-master-0]+ CKPT_DIR=checkpoints/WU4TRM_L1_long_r8_norope_bs2048_8gpus_0416_2032
[2026-04-16 20:32:42][moe-85bae7db-master-0]+ mkdir -p checkpoints/WU4TRM_L1_long_r8_norope_bs2048_8gpus_0416_2032
[2026-04-16 20:32:42][moe-85bae7db-master-0]+ echo ==========================================================
[2026-04-16 20:32:42][moe-85bae7db-master-0]+ echo 'Running LONG: L1_long_r8_norope'
[2026-04-16 20:32:42][moe-85bae7db-master-0]==========================================================
[2026-04-16 20:32:42][moe-85bae7db-master-0]Running LONG: L1_long_r8_norope
[2026-04-16 20:32:42][moe-85bae7db-master-0]+ echo '  Config: r=8, alpha=16, NO RoPE, full_trm, lr=1e-5'
[2026-04-16 20:32:42][moe-85bae7db-master-0]  Config: r=8, alpha=16, NO RoPE, full_trm, lr=1e-5
[2026-04-16 20:32:42][moe-85bae7db-master-0]+ echo '  Epochs: 100000, eval_interval: 5000'
[2026-04-16 20:32:42][moe-85bae7db-master-0]  Epochs: 100000, eval_interval: 5000
[2026-04-16 20:32:42][moe-85bae7db-master-0]==========================================================
[2026-04-16 20:32:42][moe-85bae7db-master-0]+ echo ==========================================================
[2026-04-16 20:32:42][moe-85bae7db-master-0]+ torchrun --nproc-per-node=8 --rdzv_backend=c10d --rdzv_endpoint=localhost:0 --nnodes=1 meta_train.py --config-name=cfg_wu4trm global_batch_size=2048 lr=1e-5 puzzle_emb_lr=1e-3 lr_warmup_steps=5000 epochs=100000 eval_interval=5000 condition_mode=full_trm pg_num_blocks=2 pg_d_model=256 pg_use_rope=False lora_r=8 lora_alpha=16 head_lora=True weight_decay=0.1 'data_paths=['\''/mnt/kbei/HyperCircuit_Data/data/arc1concept-aug-1000'\'']' +checkpoint_path=checkpoints/WU4TRM_L1_long_r8_norope_bs2048_8gpus_0416_2032 +load_checkpoint=/mnt/kbei/HyperCircuit_Data/checkpoints/Arc1concept-aug-1000-ACT-torch/pretrain_att_arc1concept_4/step_518071 +project_name=trm-hp-0416-long +run_name=WU4TRM_L1_long_r8_norope_bs2048_8gpus_0416_2032 skip_baseline_eval=True
[2026-04-16 20:32:42][moe-85bae7db-master-0]+ tee logs/logs0416/WU4TRM_L1_long_r8_norope_bs2048_8gpus_0416_2032.log
[2026-04-16 20:32:57][moe-85bae7db-master-0]Could not override 'pg_use_rope'.
[2026-04-16 20:32:57][moe-85bae7db-master-0]To append to your config use +pg_use_rope=False
[2026-04-16 20:32:57][moe-85bae7db-master-0]Key 'pg_use_rope' is not in struct
[2026-04-16 20:32:57][moe-85bae7db-master-0]    full_key: pg_use_rope
[2026-04-16 20:32:57][moe-85bae7db-master-0]    object_type=dict
[2026-04-16 20:32:57][moe-85bae7db-master-0]Set the environment variable HYDRA_FULL_ERROR=1 for a complete stack trace.
[2026-04-16 20:32:57][moe-85bae7db-master-0]Could not override 'pg_use_rope'.
[2026-04-16 20:32:57][moe-85bae7db-master-0]To append to your config use +pg_use_rope=False
[2026-04-16 20:32:57][moe-85bae7db-master-0]Key 'pg_use_rope' is not in struct
[2026-04-16 20:32:57][moe-85bae7db-master-0]    full_key: pg_use_rope
[2026-04-16 20:32:57][moe-85bae7db-master-0]    object_type=dict
[2026-04-16 20:32:57][moe-85bae7db-master-0]Set the environment variable HYDRA_FULL_ERROR=1 for a complete stack trace.
[2026-04-16 20:32:57][moe-85bae7db-master-0]Could not override 'pg_use_rope'.
[2026-04-16 20:32:57][moe-85bae7db-master-0]To append to your config use +pg_use_rope=False
[2026-04-16 20:32:57][moe-85bae7db-master-0]Key 'pg_use_rope' is not in struct
[2026-04-16 20:32:57][moe-85bae7db-master-0]    full_key: pg_use_rope
[2026-04-16 20:32:57][moe-85bae7db-master-0]    object_type=dict
[2026-04-16 20:32:57][moe-85bae7db-master-0]Set the environment variable HYDRA_FULL_ERROR=1 for a complete stack trace.
[2026-04-16 20:32:57][moe-85bae7db-master-0]Could not override 'pg_use_rope'.
[2026-04-16 20:32:57][moe-85bae7db-master-0]To append to your config use +pg_use_rope=False
[2026-04-16 20:32:57][moe-85bae7db-master-0]Key 'pg_use_rope' is not in struct
[2026-04-16 20:32:57][moe-85bae7db-master-0]    full_key: pg_use_rope
[2026-04-16 20:32:57][moe-85bae7db-master-0]    object_type=dict
[2026-04-16 20:32:57][moe-85bae7db-master-0]Set the environment variable HYDRA_FULL_ERROR=1 for a complete stack trace.
[2026-04-16 20:32:57][moe-85bae7db-master-0]Could not override 'pg_use_rope'.
[2026-04-16 20:32:57][moe-85bae7db-master-0]To append to your config use +pg_use_rope=False
[2026-04-16 20:32:57][moe-85bae7db-master-0]Key 'pg_use_rope' is not in struct
[2026-04-16 20:32:57][moe-85bae7db-master-0]    full_key: pg_use_rope
[2026-04-16 20:32:57][moe-85bae7db-master-0]    object_type=dict
[2026-04-16 20:32:57][moe-85bae7db-master-0]Set the environment variable HYDRA_FULL_ERROR=1 for a complete stack trace.
[2026-04-16 20:32:57][moe-85bae7db-master-0]Could not override 'pg_use_rope'.
[2026-04-16 20:32:57][moe-85bae7db-master-0]To append to your config use +pg_use_rope=False
[2026-04-16 20:32:57][moe-85bae7db-master-0]Key 'pg_use_rope' is not in struct
[2026-04-16 20:32:57][moe-85bae7db-master-0]    full_key: pg_use_rope
[2026-04-16 20:32:57][moe-85bae7db-master-0]    object_type=dict
[2026-04-16 20:32:57][moe-85bae7db-master-0]Set the environment variable HYDRA_FULL_ERROR=1 for a complete stack trace.
[2026-04-16 20:32:57][moe-85bae7db-master-0]Could not override 'pg_use_rope'.
[2026-04-16 20:32:57][moe-85bae7db-master-0]To append to your config use +pg_use_rope=False
[2026-04-16 20:32:57][moe-85bae7db-master-0]Could not override 'pg_use_rope'.
[2026-04-16 20:32:57][moe-85bae7db-master-0]To append to your config use +pg_use_rope=False
[2026-04-16 20:32:57][moe-85bae7db-master-0]Key 'pg_use_rope' is not in struct
[2026-04-16 20:32:57][moe-85bae7db-master-0]    full_key: pg_use_rope
[2026-04-16 20:32:57][moe-85bae7db-master-0]    object_type=dict
[2026-04-16 20:32:57][moe-85bae7db-master-0]Set the environment variable HYDRA_FULL_ERROR=1 for a complete stack trace.
[2026-04-16 20:32:57][moe-85bae7db-master-0]Key 'pg_use_rope' is not in struct
[2026-04-16 20:32:57][moe-85bae7db-master-0]    full_key: pg_use_rope
[2026-04-16 20:32:57][moe-85bae7db-master-0]    object_type=dict
[2026-04-16 20:32:57][moe-85bae7db-master-0]Set the environment variable HYDRA_FULL_ERROR=1 for a complete stack trace.
[2026-04-16 20:32:57][moe-85bae7db-master-0]E0416 20:32:57.698000 374 site-packages/torch/distributed/elastic/multiprocessing/api.py:986] failed (exitcode: 1) local_rank: 0 (pid: 383) of binary: /mnt/kbei/miniconda/envs/TRM/bin/python
[2026-04-16 20:32:57][moe-85bae7db-master-0]Traceback (most recent call last):
[2026-04-16 20:32:57][moe-85bae7db-master-0]  File "/mnt/kbei/miniconda/envs/TRM/bin/torchrun", line 6, in <module>
[2026-04-16 20:32:57][moe-85bae7db-master-0]    sys.exit(main())
[2026-04-16 20:32:57][moe-85bae7db-master-0]             ^^^^^^
[2026-04-16 20:32:57][moe-85bae7db-master-0]  File "/mnt/kbei/miniconda/envs/TRM/lib/python3.12/site-packages/torch/distributed/elastic/multiprocessing/errors/__init__.py", line 366, in wrapper
[2026-04-16 20:32:57][moe-85bae7db-master-0]    return f(*args, **kwargs)
[2026-04-16 20:32:57][moe-85bae7db-master-0]           ^^^^^^^^^^^^^^^^^^
[2026-04-16 20:32:57][moe-85bae7db-master-0]  File "/mnt/kbei/miniconda/envs/TRM/lib/python3.12/site-packages/torch/distributed/run.py", line 990, in main
[2026-04-16 20:32:57][moe-85bae7db-master-0]    run(args)
[2026-04-16 20:32:57][moe-85bae7db-master-0]  File "/mnt/kbei/miniconda/envs/TRM/lib/python3.12/site-packages/torch/distributed/run.py", line 981, in run
[2026-04-16 20:32:57][moe-85bae7db-master-0]    elastic_launch(
[2026-04-16 20:32:57][moe-85bae7db-master-0]  File "/mnt/kbei/miniconda/envs/TRM/lib/python3.12/site-packages/torch/distributed/launcher/api.py", line 170, in __call__
[2026-04-16 20:32:57][moe-85bae7db-master-0]    return launch_agent(self._config, self._entrypoint, list(args))
[2026-04-16 20:32:57][moe-85bae7db-master-0]           ^^^^^^^^^^^^^^^^^^^^^^^^^^^^^^^^^^^^^^^^^^^^^^^^^^^^^^^^
[2026-04-16 20:32:57][moe-85bae7db-master-0]  File "/mnt/kbei/miniconda/envs/TRM/lib/python3.12/site-packages/torch/distributed/launcher/api.py", line 317, in launch_agent
[2026-04-16 20:32:57][moe-85bae7db-master-0]    raise ChildFailedError(
[2026-04-16 20:32:57][moe-85bae7db-master-0]torch.distributed.elastic.multiprocessing.errors.ChildFailedError: 
[2026-04-16 20:32:57][moe-85bae7db-master-0]============================================================
[2026-04-16 20:32:57][moe-85bae7db-master-0]meta_train.py FAILED
[2026-04-16 20:32:57][moe-85bae7db-master-0]------------------------------------------------------------
[2026-04-16 20:32:57][moe-85bae7db-master-0]Failures:
[2026-04-16 20:32:57][moe-85bae7db-master-0][1]:
[2026-04-16 20:32:57][moe-85bae7db-master-0]  time      : 2026-04-16_20:32:57
[2026-04-16 20:32:57][moe-85bae7db-master-0]  host      : moe-85bae7db-master-0
[2026-04-16 20:32:57][moe-85bae7db-master-0]  rank      : 1 (local_rank: 1)
[2026-04-16 20:32:57][moe-85bae7db-master-0]  exitcode  : 1 (pid: 384) 
[2026-04-16 20:32:57][moe-85bae7db-master-0]  error_file: <N/A>
[2026-04-16 20:32:57][moe-85bae7db-master-0]  traceback : To enable traceback see: https://pytorch.org/docs/stable/elastic/errors.html
[2026-04-16 20:32:57][moe-85bae7db-master-0][2]:
[2026-04-16 20:32:57][moe-85bae7db-master-0]  time      : 2026-04-16_20:32:57
[2026-04-16 20:32:57][moe-85bae7db-master-0]  host      : moe-85bae7db-master-0
[2026-04-16 20:32:57][moe-85bae7db-master-0]  rank      : 2 (local_rank: 2)
[2026-04-16 20:32:57][moe-85bae7db-master-0]  exitcode  : 1 (pid: 385) 
[2026-04-16 20:32:57][moe-85bae7db-master-0]  error_file: <N/A>
[2026-04-16 20:32:57][moe-85bae7db-master-0]  traceback : To enable traceback see: https://pytorch.org/docs/stable/elastic/errors.html
[2026-04-16 20:32:57][moe-85bae7db-master-0][3]:
[2026-04-16 20:32:57][moe-85bae7db-master-0]  time      : 2026-04-16_20:32:57
[2026-04-16 20:32:57][moe-85bae7db-master-0]  host      : moe-85bae7db-master-0
[2026-04-16 20:32:57][moe-85bae7db-master-0]  rank      : 3 (local_rank: 3)
[2026-04-16 20:32:57][moe-85bae7db-master-0]  exitcode  : 1 (pid: 386) 
[2026-04-16 20:32:57][moe-85bae7db-master-0]  error_file: <N/A>
[2026-04-16 20:32:57][moe-85bae7db-master-0]  traceback : To enable traceback see: https://pytorch.org/docs/stable/elastic/errors.html
[2026-04-16 20:32:57][moe-85bae7db-master-0][4]:
[2026-04-16 20:32:57][moe-85bae7db-master-0]  time      : 2026-04-16_20:32:57
[2026-04-16 20:32:57][moe-85bae7db-master-0]  host      : moe-85bae7db-master-0
[2026-04-16 20:32:57][moe-85bae7db-master-0]  rank      : 4 (local_rank: 4)
[2026-04-16 20:32:57][moe-85bae7db-master-0]  exitcode  : 1 (pid: 387) 
[2026-04-16 20:32:57][moe-85bae7db-master-0]  error_file: <N/A>
[2026-04-16 20:32:57][moe-85bae7db-master-0]  traceback : To enable traceback see: https://pytorch.org/docs/stable/elastic/errors.html
[2026-04-16 20:32:57][moe-85bae7db-master-0][5]:
[2026-04-16 20:32:57][moe-85bae7db-master-0]  time      : 2026-04-16_20:32:57
[2026-04-16 20:32:57][moe-85bae7db-master-0]  host      : moe-85bae7db-master-0
[2026-04-16 20:32:57][moe-85bae7db-master-0]  rank      : 5 (local_rank: 5)
[2026-04-16 20:32:57][moe-85bae7db-master-0]  exitcode  : 1 (pid: 388) 
[2026-04-16 20:32:57][moe-85bae7db-master-0]  error_file: <N/A>
[2026-04-16 20:32:57][moe-85bae7db-master-0]  traceback : To enable traceback see: https://pytorch.org/docs/stable/elastic/errors.html
[2026-04-16 20:32:57][moe-85bae7db-master-0][6]:
[2026-04-16 20:32:57][moe-85bae7db-master-0]  time      : 2026-04-16_20:32:57
[2026-04-16 20:32:57][moe-85bae7db-master-0]  host      : moe-85bae7db-master-0
[2026-04-16 20:32:57][moe-85bae7db-master-0]  rank      : 6 (local_rank: 6)
[2026-04-16 20:32:57][moe-85bae7db-master-0]  exitcode  : 1 (pid: 389) 
[2026-04-16 20:32:57][moe-85bae7db-master-0]  error_file: <N/A>
[2026-04-16 20:32:57][moe-85bae7db-master-0]  traceback : To enable traceback see: https://pytorch.org/docs/stable/elastic/errors.html
[2026-04-16 20:32:57][moe-85bae7db-master-0][7]:
[2026-04-16 20:32:57][moe-85bae7db-master-0]  time      : 2026-04-16_20:32:57
[2026-04-16 20:32:57][moe-85bae7db-master-0]  host      : moe-85bae7db-master-0
[2026-04-16 20:32:57][moe-85bae7db-master-0]  rank      : 7 (local_rank: 7)
[2026-04-16 20:32:57][moe-85bae7db-master-0]  exitcode  : 1 (pid: 390) 
[2026-04-16 20:32:57][moe-85bae7db-master-0]  error_file: <N/A>
[2026-04-16 20:32:57][moe-85bae7db-master-0]  traceback : To enable traceback see: https://pytorch.org/docs/stable/elastic/errors.html
[2026-04-16 20:32:57][moe-85bae7db-master-0]------------------------------------------------------------
[2026-04-16 20:32:57][moe-85bae7db-master-0]Root Cause (first observed failure):
[2026-04-16 20:32:57][moe-85bae7db-master-0][0]:
[2026-04-16 20:32:57][moe-85bae7db-master-0]  time      : 2026-04-16_20:32:57
[2026-04-16 20:32:57][moe-85bae7db-master-0]  host      : moe-85bae7db-master-0
[2026-04-16 20:32:57][moe-85bae7db-master-0]  rank      : 0 (local_rank: 0)
[2026-04-16 20:32:57][moe-85bae7db-master-0]  exitcode  : 1 (pid: 383) 
[2026-04-16 20:32:57][moe-85bae7db-master-0]  error_file: <N/A>
[2026-04-16 20:32:57][moe-85bae7db-master-0]  traceback : To enable traceback see: https://pytorch.org/docs/stable/elastic/errors.html
[2026-04-16 20:32:57][moe-85bae7db-master-0]============================================================
[2026-04-16 20:32:58][moe-85bae7db-master-0]+ echo 'Long run L1 do