[2026-04-19 00:35:30][moe-7c6b04fe-master-0]===Running precheck===
[2026-04-19 00:35:48][moe-7c6b04fe-master-0]===Precheck completed successfully===
[2026-04-19 00:35:50][moe-7c6b04fe-master-0]+ export OMP_NUM_THREADS=4
[2026-04-19 00:35:50][moe-7c6b04fe-master-0]+ OMP_NUM_THREADS=4
[2026-04-19 00:35:50][moe-7c6b04fe-master-0]+++ dirname scripts/run/0416/run_0416_4.sh
[2026-04-19 00:35:50][moe-7c6b04fe-master-0]++ cd scripts/run/0416
[2026-04-19 00:35:50][moe-7c6b04fe-master-0]++ pwd
[2026-04-19 00:35:50][moe-7c6b04fe-master-0]+ SCRIPT_DIR=/mnt/kbei/HyperCircuit/TRM_WU_Project/scripts/run/0416
[2026-04-19 00:35:50][moe-7c6b04fe-master-0]++ cd /mnt/kbei/HyperCircuit/TRM_WU_Project/scripts/run/0416/../../../
[2026-04-19 00:35:50][moe-7c6b04fe-master-0]++ pwd
[2026-04-19 00:35:50][moe-7c6b04fe-master-0]+ PROJECT_ROOT=/mnt/kbei/HyperCircuit/TRM_WU_Project
[2026-04-19 00:35:50][moe-7c6b04fe-master-0]+ cd /mnt/kbei/HyperCircuit/TRM_WU_Project
[2026-04-19 00:35:50][moe-7c6b04fe-master-0]+ NUM_GPUS=8
[2026-04-19 00:35:50][moe-7c6b04fe-master-0]+ GLOBAL_BATCH_SIZE=2048
[2026-04-19 00:35:50][moe-7c6b04fe-master-0]+ WARMUP=2000
[2026-04-19 00:35:50][moe-7c6b04fe-master-0]+ EPOCHS=20000
[2026-04-19 00:35:50][moe-7c6b04fe-master-0]+ EVAL_INTERVAL=2000
[2026-04-19 00:35:50][moe-7c6b04fe-master-0]+ DATASET_PATH=/mnt/kbei/HyperCircuit_Data/data/arc1concept-aug-1000
[2026-04-19 00:35:50][moe-7c6b04fe-master-0]+ BASE_CKPT_PATH=/mnt/kbei/HyperCircuit_Data/checkpoints/Arc1concept-aug-1000-ACT-torch/pretrain_att_arc1concept_4/step_518071
[2026-04-19 00:35:50][moe-7c6b04fe-master-0]+ CFG=cfg_wu4trm
[2026-04-19 00:35:50][moe-7c6b04fe-master-0]+ SKIP_BASELINE_EVAL=True
[2026-04-19 00:35:50][moe-7c6b04fe-master-0]+ LOG_DIR=logs/logs0416
[2026-04-19 00:35:50][moe-7c6b04fe-master-0]+ mkdir -p logs/logs0416
[2026-04-19 00:35:50][moe-7c6b04fe-master-0]+ EXPERIMENTS=("R7_rope_r8_nohead|2|256|8|16|0.1|1e-5|1e-3|full_trm|True|False" "R8_rope_r8_nohead_emb|2|256|8|16|0.1|1e-5|1e-3|embedding_only|True|False")
[2026-04-19 00:35:50][moe-7c6b04fe-master-0]+ for EXP in "${EXPERIMENTS[@]}"
[2026-04-19 00:35:50][moe-7c6b04fe-master-0]+ IFS='|'
[2026-04-19 00:35:50][moe-7c6b04fe-master-0]+ read -r TAG PG_BLOCKS PG_DIM LORA_R LORA_ALPHA WD LR PUZZLE_LR COND_MODE USE_ROPE HEAD_LORA
[2026-04-19 00:35:50][moe-7c6b04fe-master-0]++ date +%m%d_%H%M
[2026-04-19 00:35:50][moe-7c6b04fe-master-0]+ run_name=WU4TRM_R7_rope_r8_nohead_bs2048_8gpus_0419_0035
[2026-04-19 00:35:50][moe-7c6b04fe-master-0]+ CKPT_DIR=checkpoints/WU4TRM_R7_rope_r8_nohead_bs2048_8gpus_0419_0035
[2026-04-19 00:35:50][moe-7c6b04fe-master-0]+ mkdir -p checkpoints/WU4TRM_R7_rope_r8_nohead_bs2048_8gpus_0419_0035
[2026-04-19 00:35:50][moe-7c6b04fe-master-0]+ echo ==========================================================
[2026-04-19 00:35:50][moe-7c6b04fe-master-0]+ echo 'Running: R7_rope_r8_nohead'
[2026-04-19 00:35:50][moe-7c6b04fe-master-0]+ echo '  pg_blocks=2, pg_d_model=256, pg_use_rope=True'
[2026-04-19 00:35:50][moe-7c6b04fe-master-0]+ echo '  lora_r=8, lora_alpha=16, head_lora=False'
[2026-04-19 00:35:50][moe-7c6b04fe-master-0]==========================================================
[2026-04-19 00:35:50][moe-7c6b04fe-master-0]Running: R7_rope_r8_nohead
[2026-04-19 00:35:50][moe-7c6b04fe-master-0]  pg_blocks=2, pg_d_model=256, pg_use_rope=True
[2026-04-19 00:35:50][moe-7c6b04fe-master-0]+ echo '  condition_mode=full_trm, lr=1e-5, wd=0.1'
[2026-04-19 00:35:50][moe-7c6b04fe-master-0]+ echo ==========================================================
[2026-04-19 00:35:50][moe-7c6b04fe-master-0]  lora_r=8, lora_alpha=16, head_lora=False
[2026-04-19 00:35:50][moe-7c6b04fe-master-0]  condition_mode=full_trm, lr=1e-5, wd=0.1
[2026-04-19 00:35:50][moe-7c6b04fe-master-0]==========================================================
[2026-04-19 00:35:50][moe-7c6b04fe-master-0]+ torchrun --nproc-per-node=8 --rdzv_backend=c10d --rdzv_endpoint=localhost:0 --nnodes=1 meta_train.py --config-name=cfg_wu4trm global_batch_size=2048 lr=1e-5 puzzle_emb_lr=1e-3 lr_warmup_steps=2000 epochs=20000 eval_interval=2000 condition_mode=full_trm pg_num_blocks=2 pg_d_model=256 pg_use_rope=True lora_r=8 lora_alpha=16 head_lora=False weight_decay=0.1 'data_paths=['\''/mnt/kbei/HyperCircuit_Data/data/arc1concept-aug-1000'\'']' +checkpoint_path=checkpoints/WU4TRM_R7_rope_r8_nohead_bs2048_8gpus_0419_0035 +load_checkpoint=/mnt/kbei/HyperCircuit_Data/checkpoints/Arc1concept-aug-1000-ACT-torch/pretrain_att_arc1concept_4/step_518071 +project_name=trm-hp-0416 +run_name=WU4TRM_R7_rope_r8_nohead_bs2048_8gpus_0419_0035 skip_baseline_eval=True
[2026-04-19 00:35:50][moe-7c6b04fe-master-0]+ tee logs/logs0416/WU4TRM_R7_rope_r8_nohead_bs2048_8gpus_0419_0035.log
[2026-04-19 00:36:00][moe-7c6b04fe-master-0]========================================
[2026-04-19 00:36:00][moe-7c6b04fe-master-0]🚀 LoRA Finetuning Initialized 🚀
[2026-04-19 00:36:00][moe-7c6b04fe-master-0]Checkpoint   : /mnt/kbei/HyperCircuit_Data/checkpoints/Arc1concept-aug-1000-ACT-torch/pretrain_att_arc1concept_4/step_518071
[2026-04-19 00:36:00][moe-7c6b04fe-master-0]Dataset      : ['/mnt/kbei/HyperCircuit_Data/data/arc1concept-aug-1000']
[2026-04-19 00:36:00][moe-7c6b04fe-master-0]Dataset Test : []
[2026-04-19 00:36:00][moe-7c6b04fe-master-0]Batch Size   : 2048
[2026-04-19 00:36:00][moe-7c6b04fe-master-0]Learning Rate: 1e-05
[2026-04-19 00:36:00][moe-7c6b04fe-master-0]LoRA R       : 8
[2026-04-19 00:36:00][moe-7c6b04fe-master-0]LoRA Alpha   : 16
[2026-04-19 00:36:00][moe-7c6b04fe-master-0]========================================
[2026-04-19 00:36:01][moe-7c6b04fe-master-0]/mnt/kbei/miniconda/envs/TRM/lib/python3.12/site-packages/torch/utils/_device.py:115: UserWarning: Specified kernel cache directory could not be created! This disables kernel caching. Specified directory is /root/.cache/torch/kernels. This warning will appear only once per process. (Triggered internally at /pytorch/aten/src/ATen/native/cuda/jit_utils.cpp:1505.)
[2026-04-19 00:36:01][moe-7c6b04fe-master-0]  return func(*args, **kwargs)
[2026-04-19 00:36:01][moe-7c6b04fe-master-0]/mnt/kbei/miniconda/envs/TRM/lib/python3.12/site-packages/torch/utils/_device.py:115: UserWarning: Specified kernel cache directory could not be created! This disables kernel caching. Specified directory is /root/.cache/torch/kernels. This warning will appear only once per process. (Triggered internally at /pytorch/aten/src/ATen/native/cuda/jit_utils.cpp:1505.)
[2026-04-19 00:36:01][moe-7c6b04fe-master-0]  return func(*args, **kwargs)
[2026-04-19 00:36:01][moe-7c6b04fe-master-0]TinyRecursiveReasoningModel_ACTV1(
[2026-04-19 00:36:01][moe-7c6b04fe-master-0]  (inner): TinyRecursiveReasoningModel_ACTV1_Inner(
[2026-04-19 00:36:01][moe-7c6b04fe-master-0]    (embed_tokens): CastedEmbedding()
[2026-04-19 00:36:01][moe-7c6b04fe-master-0]    (lm_head): CastedLinear()
[2026-04-19 00:36:01][moe-7c6b04fe-master-0]    (q_head): CastedLinear()
[2026-04-19 00:36:01][moe-7c6b04fe-master-0]    (puzzle_emb): CastedSparseEmbedding()
[2026-04-19 00:36:01][moe-7c6b04fe-master-0]    (rotary_emb): RotaryEmbedding()
[2026-04-19 00:36:01][moe-7c6b04fe-master-0]    (L_level): TinyRecursiveReasoningModel_ACTV1ReasoningModule(
[2026-04-19 00:36:01][moe-7c6b04fe-master-0]      (layers): ModuleList(
[2026-04-19 00:36:01][moe-7c6b04fe-master-0]        (0-1): 2 x TinyRecursiveReasoningModel_ACTV1Block(
[2026-04-19 00:36:01][moe-7c6b04fe-master-0]          (self_attn): Attention(
[2026-04-19 00:36:01][moe-7c6b04fe-master-0]            (qkv_proj): CastedLinear()
[2026-04-19 00:36:01][moe-7c6b04fe-master-0]            (o_proj): CastedLinear()
[2026-04-19 00:36:01][moe-7c6b04fe-master-0]          )
[2026-04-19 00:36:01][moe-7c6b04fe-master-0]          (mlp): SwiGLU(
[2026-04-19 00:36:01][moe-7c6b04fe-master-0]            (gate_up_proj): CastedLinear()
[2026-04-19 00:36:01][moe-7c6b04fe-master-0]            (down_proj): CastedLinear()
[2026-04-19 00:36:01][moe-7c6b04fe-master-0]          )
[2026-04-19 00:36:01][moe-7c6b04fe-master-0]        )
[2026-04-19 00:36:01][moe-7c6b04fe-master-0]      )
[2026-04-19 00:36:01][moe-7c6b04fe-master-0]    )
[2026-04-19 00:36:01][moe-7c6b04fe-master-0]  )
[2026-04-19 00:36:01][moe-7c6b04fe-master-0])
[2026-04-19 00:36:01][moe-7c6b04fe-master-0]TinyRecursiveReasoningModel_ACTV1(
[2026-04-19 00:36:01][moe-7c6b04fe-master-0]  (inner): TinyRecursiveReasoningModel_ACTV1_Inner(
[2026-04-19 00:36:01][moe-7c6b04fe-master-0]    (embed_tokens): CastedEmbedding()
[2026-04-19 00:36:01][moe-7c6b04fe-master-0]    (lm_head): CastedLinear()
[2026-04-19 00:36:01][moe-7c6b04fe-master-0]    (q_head): CastedLinear()
[2026-04-19 00:36:01][moe-7c6b04fe-master-0]    (puzzle_emb): CastedSparseEmbedding()
[2026-04-19 00:36:01][moe-7c6b04fe-master-0]    (rotary_emb): RotaryEmbedding()
[2026-04-19 00:36:01][moe-7c6b04fe-master-0]    (L_level): TinyRecursiveReasoningModel_ACTV1ReasoningModule(
[2026-04-19 00:36:01][moe-7c6b04fe-master-0]      (layers): ModuleList(
[2026-04-19 00:36:01][moe-7c6b04fe-master-0]        (0-1): 2 x TinyRecursiveReasoningModel_ACTV1Block(
[2026-04-19 00:36:01][moe-7c6b04fe-master-0]          (self_attn): Attention(
[2026-04-19 00:36:01][moe-7c6b04fe-master-0]            (qkv_proj): CastedLinear()
[2026-04-19 00:36:01][moe-7c6b04fe-master-0]            (o_proj): CastedLinear()
[2026-04-19 00:36:01][moe-7c6b04fe-master-0]          )
[2026-04-19 00:36:01][moe-7c6b04fe-master-0]          (mlp): SwiGLU(
[2026-04-19 00:36:01][moe-7c6b04fe-master-0]            (gate_up_proj): CastedLinear()
[2026-04-19 00:36:01][moe-7c6b04fe-master-0]            (down_proj): CastedLinear()
[2026-04-19 00:36:01][moe-7c6b04fe-master-0]          )
[2026-04-19 00:36:01][moe-7c6b04fe-master-0]        )
[2026-04-19 00:36:01][moe-7c6b04fe-master-0]      )
[2026-04-19 00:36:01][moe-7c6b04fe-master-0]    )
[2026-04-19 00:36:01][moe-7c6b04fe-master-0]  )
[2026-04-19 00:36:01][moe-7c6b04fe-master-0])
[2026-04-19 00:36:01][moe-7c6b04fe-master-0]Injecting LoRA layers with r=8, dropout=0.0...
[2026-04-19 00:36:01][moe-7c6b04fe-master-0]Injecting LoRA layers with r=8, dropout=0.0...
[2026-04-19 00:36:01][moe-7c6b04fe-master-0]TinyRecursiveReasoningModel_ACTV1(
[2026-04-19 00:36:01][moe-7c6b04fe-master-0]  (inner): TinyRecursiveReasoningModel_ACTV1_Inner(
[2026-04-19 00:36:01][moe-7c6b04fe-master-0]    (embed_tokens): CastedEmbedding()
[2026-04-19 00:36:01][moe-7c6b04fe-master-0]    (lm_head): CastedLinear()
[2026-04-19 00:36:01][moe-7c6b04fe-master-0]    (q_head): CastedLinear()
[2026-04-19 00:36:01][moe-7c6b04fe-master-0]    (puzzle_emb): CastedSparseEmbedding()
[2026-04-19 00:36:01][moe-7c6b04fe-master-0]    (rotary_emb): RotaryEmbedding()
[2026-04-19 00:36:01][moe-7c6b04fe-master-0]    (L_level): TinyRecursiveReasoningModel_ACTV1ReasoningModule(
[2026-04-19 00:36:01][moe-7c6b04fe-master-0]      (layers): ModuleList(
[2026-04-19 00:36:01][moe-7c6b04fe-master-0]        (0-1): 2 x TinyRecursiveReasoningModel_ACTV1Block(
[2026-04-19 00:36:01][moe-7c6b04fe-master-0]          (self_attn): Attention(
[2026-04-19 00:36:01][moe-7c6b04fe-master-0]            (qkv_proj): CastedLinear()
[2026-04-19 00:36:01][moe-7c6b04fe-master-0]            (o_proj): CastedLinear()
[2026-04-19 00:36:01][moe-7c6b04fe-master-0]          )
[2026-04-19 00:36:01][moe-7c6b04fe-master-0]          (mlp): SwiGLU(
[2026-04-19 00:36:01][moe-7c6b04fe-master-0]            (gate_up_proj): CastedLinear()
[2026-04-19 00:36:01][moe-7c6b04fe-master-0]            (down_proj): CastedLinear()
[2026-04-19 00:36:01][moe-7c6b04fe-master-0]          )
[2026-04-19 00:36:01][moe-7c6b04fe-master-0]        )
[2026-04-19 00:36:01][moe-7c6b04fe-master-0]      )
[2026-04-19 00:36:01][moe-7c6b04fe-master-0]    )
[2026-04-19 00:36:01][moe-7c6b04fe-master-0]  )
[2026-04-19 00:36:01][moe-7c6b04fe-master-0])
[2026-04-19 00:36:01][moe-7c6b04fe-master-0]Injecting LoRA layers with r=8, dropout=0.0...
[2026-04-19 00:36:01][moe-7c6b04fe-master-0]TinyRecursiveReasoningModel_ACTV1(
[2026-04-19 00:36:01][moe-7c6b04fe-master-0]  (inner): TinyRecursiveReasoningModel_ACTV1_Inner(
[2026-04-19 00:36:01][moe-7c6b04fe-master-0]    (embed_tokens): CastedEmbedding()
[2026-04-19 00:36:01][moe-7c6b04fe-master-0]    (lm_head): CastedLinear()
[2026-04-19 00:36:01][moe-7c6b04fe-master-0]    (q_head): CastedLinear()
[2026-04-19 00:36:01][moe-7c6b04fe-master-0]    (puzzle_emb): CastedSparseEmbedding()
[2026-04-19 00:36:01][moe-7c6b04fe-master-0]    (rotary_emb): RotaryEmbedding()
[2026-04-19 00:36:01][moe-7c6b04fe-master-0]    (L_level): TinyRecursiveReasoningModel_ACTV1ReasoningModule(
[2026-04-19 00:36:01][moe-7c6b04fe-master-0]      (layers): ModuleList(
[2026-04-19 00:36:01][moe-7c6b04fe-master-0]        (0-1): 2 x TinyRecursiveReasoningModel_ACTV1Block(
[2026-04-19 00:36:01][moe-7c6b04fe-master-0]          (self_attn): Attention(
[2026-04-19 00:36:01][moe-7c6b04fe-master-0]            (qkv_proj): CastedLinear()
[2026-04-19 00:36:01][moe-7c6b04fe-master-0]            (o_proj): CastedLinear()
[2026-04-19 00:36:01][moe-7c6b04fe-master-0]          )
[2026-04-19 00:36:01][moe-7c6b04fe-master-0]          (mlp): SwiGLU(
[2026-04-19 00:36:01][moe-7c6b04fe-master-0]            (gate_up_proj): CastedLinear()
[2026-04-19 00:36:01][moe-7c6b04fe-master-0]            (down_proj): CastedLinear()
[2026-04-19 00:36:01][moe-7c6b04fe-master-0]          )
[2026-04-19 00:36:01][moe-7c6b04fe-master-0]        )
[2026-04-19 00:36:01][moe-7c6b04fe-master-0]      )
[2026-04-19 00:36:01][moe-7c6b04fe-master-0]    )
[2026-04-19 00:36:01][moe-7c6b04fe-master-0]  )
[2026-04-19 00:36:01][moe-7c6b04fe-master-0])
[2026-04-19 00:36:01][moe-7c6b04fe-master-0]Injecting LoRA layers with r=8, dropout=0.0...
[2026-04-19 00:36:01][moe-7c6b04fe-master-0]Excluded head layers from LoRA: ['model.inner.lm_head', 'model.inner.q_head']
[2026-04-19 00:36:01][moe-7c6b04fe-master-0]Excluded head layers from LoRA: ['model.inner.lm_head', 'model.inner.q_head']
[2026-04-19 00:36:01][moe-7c6b04fe-master-0]TinyRecursiveReasoningModel_ACTV1(
[2026-04-19 00:36:01][moe-7c6b04fe-master-0]  (inner): TinyRecursiveReasoningModel_ACTV1_Inner(
[2026-04-19 00:36:01][moe-7c6b04fe-master-0]    (embed_tokens): CastedEmbedding()
[2026-04-19 00:36:01][moe-7c6b04fe-master-0]    (lm_head): CastedLinear()
[2026-04-19 00:36:01][moe-7c6b04fe-master-0]    (q_head): CastedLinear()
[2026-04-19 00:36:01][moe-7c6b04fe-master-0]    (puzzle_emb): CastedSparseEmbedding()
[2026-04-19 00:36:01][moe-7c6b04fe-master-0]    (rotary_emb): RotaryEmbedding()
[2026-04-19 00:36:01][moe-7c6b04fe-master-0]    (L_level): TinyRecursiveReasoningModel_ACTV1ReasoningModule(
[2026-04-19 00:36:01][moe-7c6b04fe-master-0]      (layers): ModuleList(
[2026-04-19 00:36:01][moe-7c6b04fe-master-0]        (0-1): 2 x TinyRecursiveReasoningModel_ACTV1Block(
[2026-04-19 00:36:01][moe-7c6b04fe-master-0]          (self_attn): Attention(
[2026-04-19 00:36:01][moe-7c6b04fe-master-0]            (qkv_proj): CastedLinear()
[2026-04-19 00:36:01][moe-7c6b04fe-master-0]            (o_proj): CastedLinear()
[2026-04-19 00:36:01][moe-7c6b04fe-master-0]          )
[2026-04-19 00:36:01][moe-7c6b04fe-master-0]          (mlp): SwiGLU(
[2026-04-19 00:36:01][moe-7c6b04fe-master-0]            (gate_up_proj): CastedLinear()
[2026-04-19 00:36:01][moe-7c6b04fe-master-0]            (down_proj): CastedLinear()
[2026-04-19 00:36:01][moe-7c6b04fe-master-0]          )
[2026-04-19 00:36:01][moe-7c6b04fe-master-0]        )
[2026-04-19 00:36:01][moe-7c6b04fe-master-0]      )
[2026-04-19 00:36:01][moe-7c6b04fe-master-0]    )
[2026-04-19 00:36:01][moe-7c6b04fe-master-0]  )
[2026-04-19 00:36:01][moe-7c6b04fe-master-0])
[2026-04-19 00:36:01][moe-7c6b04fe-master-0]Excluded head layers from LoRA: ['model.inner.lm_head', 'model.inner.q_head']
[2026-04-19 00:36:01][moe-7c6b04fe-master-0]Injecting LoRA layers with r=8, dropout=0.0...
[2026-04-19 00:36:01][moe-7c6b04fe-master-0]Excluded head layers from LoRA: ['model.inner.lm_head', 'model.inner.q_head']
[2026-04-19 00:36:01][moe-7c6b04fe-master-0]Excluded head layers from LoRA: ['model.inner.lm_head', 'model.inner.q_head']
[2026-04-19 00:36:01][moe-7c6b04fe-master-0]TinyRecursiveReasoningModel_ACTV1(
[2026-04-19 00:36:01][moe-7c6b04fe-master-0]  (inner): TinyRecursiveReasoningModel_ACTV1_Inner(
[2026-04-19 00:36:01][moe-7c6b04fe-master-0]    (embed_tokens): CastedEmbedding()
[2026-04-19 00:36:01][moe-7c6b04fe-master-0]    (lm_head): CastedLinear()
[2026-04-19 00:36:01][moe-7c6b04fe-master-0]    (q_head): CastedLinear()
[2026-04-19 00:36:01][moe-7c6b04fe-master-0]    (puzzle_emb): CastedSparseEmbedding()
[2026-04-19 00:36:01][moe-7c6b04fe-master-0]    (rotary_emb): RotaryEmbedding()
[2026-04-19 00:36:01][moe-7c6b04fe-master-0]    (L_level): TinyRecursiveReasoningModel_ACTV1ReasoningModule(
[2026-04-19 00:36:01][moe-7c6b04fe-master-0]      (layers): ModuleList(
[2026-04-19 00:36:01][moe-7c6b04fe-master-0]        (0-1): 2 x TinyRecursiveReasoningModel_ACTV1Block(
[2026-04-19 00:36:01][moe-7c6b04fe-master-0]          (self_attn): Attention(
[2026-04-19 00:36:01][moe-7c6b04fe-master-0]            (qkv_proj): CastedLinear()
[2026-04-19 00:36:01][moe-7c6b04fe-master-0]            (o_proj): CastedLinear()
[2026-04-19 00:36:01][moe-7c6b04fe-master-0]          )
[2026-04-19 00:36:01][moe-7c6b04fe-master-0]          (mlp): SwiGLU(
[2026-04-19 00:36:01][moe-7c6b04fe-master-0]            (gate_up_proj): CastedLinear()
[2026-04-19 00:36:01][moe-7c6b04fe-master-0]            (down_proj): CastedLinear()
[2026-04-19 00:36:01][moe-7c6b04fe-master-0]          )
[2026-04-19 00:36:01][moe-7c6b04fe-master-0]        )
[2026-04-19 00:36:01][moe-7c6b04fe-master-0]      )
[2026-04-19 00:36:01][moe-7c6b04fe-master-0]    )
[2026-04-19 00:36:01][moe-7c6b04fe-master-0]  )
[2026-04-19 00:36:01][moe-7c6b04fe-master-0])
[2026-04-19 00:36:01][moe-7c6b04fe-master-0]Loading checkpoint /mnt/kbei/HyperCircuit_Data/checkpoints/Arc1concept-aug-1000-ACT-torch/pretrain_att_arc1concept_4/step_518071
[2026-04-19 00:36:01][moe-7c6b04fe-master-0]TinyRecursiveReasoningModel_ACTV1(
[2026-04-19 00:36:01][moe-7c6b04fe-master-0]  (inner): TinyRecursiveReasoningModel_ACTV1_Inner(
[2026-04-19 00:36:01][moe-7c6b04fe-master-0]    (embed_tokens): CastedEmbedding()
[2026-04-19 00:36:01][moe-7c6b04fe-master-0]    (lm_head): CastedLinear()
[2026-04-19 00:36:01][moe-7c6b04fe-master-0]    (q_head): CastedLinear()
[2026-04-19 00:36:01][moe-7c6b04fe-master-0]    (puzzle_emb): CastedSparseEmbedding()
[2026-04-19 00:36:01][moe-7c6b04fe-master-0]    (rotary_emb): RotaryEmbedding()
[2026-04-19 00:36:01][moe-7c6b04fe-master-0]    (L_level): TinyRecursiveReasoningModel_ACTV1ReasoningModule(
[2026-04-19 00:36:01][moe-7c6b04fe-master-0]      (layers): ModuleList(
[2026-04-19 00:36:01][moe-7c6b04fe-master-0]        (0-1): 2 x TinyRecursiveReasoningModel_ACTV1Block(
[2026-04-19 00:36:01][moe-7c6b04fe-master-0]          (self_attn): Attention(
[2026-04-19 00:36:01][moe-7c6b04fe-master-0]            (qkv_proj): CastedLinear()
[2026-04-19 00:36:01][moe-7c6b04fe-master-0]            (o_proj): CastedLinear()
[2026-04-19 00:36:01][moe-7c6b04fe-master-0]          )
[2026-04-19 00:36:01][moe-7c6b04fe-master-0]          (mlp): SwiGLU(
[2026-04-19 00:36:01][moe-7c6b04fe-master-0]            (gate_up_proj): CastedLinear()
[2026-04-19 00:36:01][moe-7c6b04fe-master-0]            (down_proj): CastedLinear()
[2026-04-19 00:36:01][moe-7c6b04fe-master-0]          )
[2026-04-19 00:36:01][moe-7c6b04fe-master-0]        )
[2026-04-19 00:36:01][moe-7c6b04fe-master-0]      )
[2026-04-19 00:36:01][moe-7c6b04fe-master-0]    )
[2026-04-19 00:36:01][moe-7c6b04fe-master-0]  )
[2026-04-19 00:36:01][moe-7c6b04fe-master-0])
[2026-04-19 00:36:01][moe-7c6b04fe-master-0]Injecting LoRA layers with r=8, dropout=0.0...
[2026-04-19 00:36:01][moe-7c6b04fe-master-0]TinyRecursiveReasoningModel_ACTV1(
[2026-04-19 00:36:01][moe-7c6b04fe-master-0]  (inner): TinyRecursiveReasoningModel_ACTV1_Inner(
[2026-04-19 00:36:01][moe-7c6b04fe-master-0]    (embed_tokens): CastedEmbedding()
[2026-04-19 00:36:01][moe-7c6b04fe-master-0]    (lm_head): CastedLinear()
[2026-04-19 00:36:01][moe-7c6b04fe-master-0]    (q_head): CastedLinear()
[2026-04-19 00:36:01][moe-7c6b04fe-master-0]    (puzzle_emb): CastedSparseEmbedding()
[2026-04-19 00:36:01][moe-7c6b04fe-master-0]    (rotary_emb): RotaryEmbedding()
[2026-04-19 00:36:01][moe-7c6b04fe-master-0]    (L_level): TinyRecursiveReasoningModel_ACTV1ReasoningModule(
[2026-04-19 00:36:01][moe-7c6b04fe-master-0]      (layers): ModuleList(
[2026-04-19 00:36:01][moe-7c6b04fe-master-0]        (0-1): 2 x TinyRecursiveReasoningModel_ACTV1Block(
[2026-04-19 00:36:01][moe-7c6b04fe-master-0]          (self_attn): Attention(
[2026-04-19 00:36:01][moe-7c6b04fe-master-0]            (qkv_proj): CastedLinear()
[2026-04-19 00:36:01][moe-7c6b04fe-master-0]            (o_proj): CastedLinear()
[2026-04-19 00:36:01][moe-7c6b04fe-master-0]          )
[2026-04-19 00:36:01][moe-7c6b04fe-master-0]          (mlp): SwiGLU(
[2026-04-19 00:36:01][moe-7c6b04fe-master-0]            (gate_up_proj): CastedLinear()
[2026-04-19 00:36:01][moe-7c6b04fe-master-0]            (down_proj): CastedLinear()
[2026-04-19 00:36:01][moe-7c6b04fe-master-0]          )
[2026-04-19 00:36:01][moe-7c6b04fe-master-0]        )
[2026-04-19 00:36:01][moe-7c6b04fe-master-0]      )
[2026-04-19 00:36:01][moe-7c6b04fe-master-0]    )
[2026-04-19 00:36:01][moe-7c6b04fe-master-0]  )
[2026-04-19 00:36:01][moe-7c6b04fe-master-0])
[2026-04-19 00:36:01][moe-7c6b04fe-master-0]Injecting LoRA layers with r=8, dropout=0.0...
[2026-04-19 00:36:01][moe-7c6b04fe-master-0]Excluded head layers from LoRA: ['model.inner.lm_head', 'model.inner.q_head']
[2026-04-19 00:36:01][moe-7c6b04fe-master-0]Excluded head layers from LoRA: ['model.inner.lm_head', 'model.inner.q_head']
[2026-04-19 00:36:01][moe-7c6b04fe-master-0]Initialized HyperNetwork (PG) with dtype: torch.bfloat16Initialized HyperNetwork (PG) with dtype: torch.bfloat16
[2026-04-19 00:36:01][moe-7c6b04fe-master-0]Initialized HyperNetwork (PG) with dtype: torch.bfloat16
[2026-04-19 00:36:01][moe-7c6b04fe-master-0]Initialized HyperNetwork (PG) with dtype: torch.bfloat16
[2026-04-19 00:36:01][moe-7c6b04fe-master-0]Token embedding unfrozen for finetuning.
[2026-04-19 00:36:01][moe-7c6b04fe-master-0]Token embedding unfrozen for finetuning.Initialized HyperNetwork (PG) with dtype: torch.bfloat16
[2026-04-19 00:36:01][moe-7c6b04fe-master-0]Token embedding unfrozen for finetuning.
[2026-04-19 00:36:01][moe-7c6b04fe-master-0]Initialized HyperNetwork (PG) with dtype: torch.bfloat16
[2026-04-19 00:36:01][moe-7c6b04fe-master-0]Token embedding unfrozen for finetuning.
[2026-04-19 00:36:01][moe-7c6b04fe-master-0]Token embedding unfrozen for finetuning.
[2026-04-19 00:36:01][moe-7c6b04fe-master-0]Token embedding unfrozen for finetuning.
[2026-04-19 00:36:01][moe-7c6b04fe-master-0]Initialized HyperNetwork (PG) with dtype: torch.bfloat16
[2026-04-19 00:36:01][moe-7c6b04fe-master-0]Token embedding unfrozen for finetuning.
[2026-04-19 00:36:02][moe-7c6b04fe-master-0][0 missing, 0 unexpected]: Checkpoint loaded.
[2026-04-19 00:36:02][moe-7c6b04fe-master-0]Injecting LoRA layers with r=8, dropout=0.0...
[2026-04-19 00:36:02][moe-7c6b04fe-master-0]Excluded head layers from LoRA: ['model.inner.lm_head', 'model.inner.q_head']
[2026-04-19 00:36:02][moe-7c6b04fe-master-0]Initialized HyperNetwork (PG) with dtype: torch.bfloat16
[2026-04-19 00:36:02][moe-7c6b04fe-master-0]Token embedding unfrozen for finetuning.
[2026-04-19 00:36:04][moe-7c6b04fe-master-0]Trainable TRM params: 1, PG params: 27
[2026-04-19 00:36:04][moe-7c6b04fe-master-0]Trainable TRM params: 1, PG params: 27
[2026-04-19 00:36:04][moe-7c6b04fe-master-0]Trainable TRM params: 1, PG params: 27
[2026-04-19 00:36:04][moe-7c6b04fe-master-0][Rank 6, World Size 8]: Epoch 0
[2026-04-19 00:36:04][moe-7c6b04fe-master-0]Trainable TRM params: 1, PG params: 27
[2026-04-19 00:36:04][moe-7c6b04fe-master-0][Rank 4, World Size 8]: Epoch 0
[2026-04-19 00:36:04][moe-7c6b04fe-master-0]Trainable TRM params: 1, PG params: 27
[2026-04-19 00:36:04][moe-7c6b04fe-master-0]Trainable TRM params: 1, PG params: 27
[2026-04-19 00:36:04][moe-7c6b04fe-master-0][Rank 1, World Size 8]: Epoch 0
[2026-04-19 00:36:04][moe-7c6b04fe-master-0][Rank 3, World Size 8]: Epoch 0
[2026-04-19 00:36:04][moe-7c6b04fe-master-0][Rank 2, World Size 8]: Epoch 0
[2026-04-19 00:36:04][moe-7c6b04fe-master-0]Trainable TRM params: 1, PG params: 27
[2026-04-19 00:36:04][moe-7c6b04fe-master-0]Trainable TRM params: 1, PG params: 27[Rank 5, World Size 8]: Epoch 0
[2026-04-19 00:36:04][moe-7c6b04fe-master-0][Rank 7, World Size 8]: Epoch 0
[2026-04-19 00:36:04][moe-7c6b04fe-master-0]  0%|          | 0/38866 [00:00<?, ?it/s]⏭️ BASELINE EVAL: Skipped by config.skip_baseline_eval=True
[2026-04-19 00:36:04][moe-7c6b04fe-master-0][Rank 0, World Size 8]: Epoch 0
[2026-04-19 00:36:04][moe-7c6b04fe-master-0][2026-04-19 00:36:04] TRAIN (Epoch 0)
[2026-04-19 00:36:51][moe-7c6b04fe-master-0]W0419 00:36:51.364000 374 site-packages/torch/distributed/elastic/multiprocessing/api.py:1012] Sending process 383 closing signal SIGTERM
[2026-04-19 00:36:51][moe-7c6b04fe-master-0]W0419 00:36:51.365000 374 site-packages/torch/distributed/elastic/multiprocessing/api.py:1012] Sending process 385 closing signal SIGTERM
[2026-04-19 00:36:51][moe-7c6b04fe-master-0]W0419 00:36:51.368000 374 site-packages/torch/distributed/elastic/multiprocessing/api.py:1012] Sending process 386 closing signal SIGTERM
[2026-04-19 00:36:51][moe-7c6b04fe-master-0]W0419 00:36:51.372000 374 site-packages/torch/distributed/elastic/multiprocessing/api.py:1012] Sending process 387 closing signal SIGTERM
[2026-04-19 00:36:51][moe-7c6b04fe-master-0]W0419 00:36:51.373000 374 site-packages/torch/distributed/elastic/multiprocessing/api.py:1012] Sending process 388 closing signal SIGTERM
[2026-04-19 00:36:51][moe-7c6b04fe-master-0]W0419 00:36:51.388000 374 site-packages/torch/distributed/elastic/multiprocessing/api.py:1012] Sending process 389 closing signal SIGTERM
[2026-04-19 00:36:51][moe-7c6b04fe-master-0]W0419 00:36:51.403000 374 site-packages/torch/distributed/elastic/multiprocessing/api.py:1012] Sending process 390 closing signal SIGTERM
[2026-04-19 00:36:51][moe-7c6b04fe-master-0]E0419 00:36:51.473000 374 site-packages/torch/distributed/elastic/multiprocessing/api.py:986] failed (exitcode: -11) local_rank: 1 (pid: 384) of binary: /mnt/kbei/miniconda/envs/TRM/bin/python
[2026-04-19 00:36:51][moe-7c6b04fe-master-0]Traceback (most recent call last):
[2026-04-19 00:36:51][moe-7c6b04fe-master-0]  File "/mnt/kbei/miniconda/envs/TRM/bin/torchrun", line 6, in <module>
[2026-04-19 00:36:51][moe-7c6b04fe-master-0]    sys.exit(main())
[2026-04-19 00:36:51][moe-7c6b04fe-master-0]             ^^^^^^
[2026-04-19 00:36:51][moe-7c6b04fe-master-0]  File "/mnt/kbei/miniconda/envs/TRM/lib/python3.12/site-packages/torch/distributed/elastic/multiprocessing/errors/__init__.py", line 366, in wrapper
[2026-04-19 00:36:51][moe-7c6b04fe-master-0]    return f(*args, **kwargs)
[2026-04-19 00:36:51][moe-7c6b04fe-master-0]           ^^^^^^^^^^^^^^^^^^
[2026-04-19 00:36:51][moe-7c6b04fe-master-0]  File "/mnt/kbei/miniconda/envs/TRM/lib/python3.12/site-packages/torch/distributed/run.py", line 990, in main
[2026-04-19 00:36:51][moe-7c6b04fe-master-0]    run(args)
[2026-04-19 00:36:51][moe-7c6b04fe-master-0]  File "/mnt/kbei/miniconda/envs/TRM/lib/python3.12/site-packages/torch/distributed/run.py", line 981, in run
[2026-04-19 00:36:51][moe-7c6b04fe-master-0]    elastic_launch(
[2026-04-19 00:36:51][moe-7c6b04fe-master-0]  File "/mnt/kbei/miniconda/envs/TRM/lib/python3.12/site-packages/torch/distributed/launcher/api.py", line 170, in __call__
[2026-04-19 00:36:51][moe-7c6b04fe-master-0]    return launch_agent(self._config, self._entrypoint, list(args))
[2026-04-19 00:36:51][moe-7c6b04fe-master-0]           ^^^^^^^^^^^^^^^^^^^^^^^^^^^^^^^^^^^^^^^^^^^^^^^^^^^^^^^^
[2026-04-19 00:36:51][moe-7c6b04fe-master-0]  File "/mnt/kbei/miniconda/envs/TRM/lib/python3.12/site-packages/torch/distributed/launcher/api.py", line 317, in launch_agent
[2026-04-19 00:36:51][moe-7c6b04fe-master-0]    raise ChildFailedError(
[2026-04-19 00:36:51][moe-7c6b04fe-master-0]torch.distributed.elastic.multiprocessing.errors.ChildFailedError: 
[2026-04-19 00:36:51][moe-7c6b04fe-master-0]=====================================================
[2026-04-19 00:36:51][moe-7c6b04fe-master-0]meta_train.py FAILED
[2026-04-19 00:36:51][moe-7c6b04fe-master-0]-----------------------------------------------------
[2026-04-19 00:36:51][moe-7c6b04fe-master-0]Failures:
[2026-04-19 00:36:51][moe-7c6b04fe-master-0][1]:
[2026-04-19 00:36:51][moe-7c6b04fe-master-0]  time      : 2026-04-19_00:36:51
[2026-04-19 00:36:51][moe-7c6b04fe-master-0]  host      : moe-7c6b04fe-master-0
[2026-04-19 00:36:51][moe-7c6b04fe-master-0]  rank      : 0 (local_rank: 0)
[2026-04-19 00:36:51][moe-7c6b04fe-master-0]  exitcode  : -15 (pid: 383)  (SIGTERM)
[2026-04-19 00:36:51][moe-7c6b04fe-master-0]  error_file: <N/A>
[2026-04-19 00:36:51][moe-7c6b04fe-master-0]  traceback : Signal 15 (SIGTERM) received by PID 383
[2026-04-19 00:36:51][moe-7c6b04fe-master-0][2]:
[2026-04-19 00:36:51][moe-7c6b04fe-master-0]  time      : 2026-04-19_00:36:51
[2026-04-19 00:36:51][moe-7c6b04fe-master-0]  host      : moe-7c6b04fe-master-0
[2026-04-19 00:36:51][moe-7c6b04fe-master-0]  rank      : 2 (local_rank: 2)
[2026-04-19 00:36:51][moe-7c6b04fe-master-0]  exitcode  : -15 (pid: 385)  (SIGTERM)
[2026-04-19 00:36:51][moe-7c6b04fe-master-0]  error_file: <N/A>
[2026-04-19 00:36:51][moe-7c6b04fe-master-0]  traceback : Signal 15 (SIGTERM) received by PID 385
[2026-04-19 00:36:51][moe-7c6b04fe-master-0][3]:
[2026-04-19 00:36:51][moe-7c6b04fe-master-0]  time      : 2026-04-19_00:36:51
[2026-04-19 00:36:51][moe-7c6b04fe-master-0]  host      : moe-7c6b04fe-master-0
[2026-04-19 00:36:51][moe-7c6b04fe-master-0]  rank      : 3 (local_rank: 3)
[2026-04-19 00:36:51][moe-7c6b04fe-master-0]  exitcode  : -15 (pid: 386)  (SIGTERM)
[2026-04-19 00:36:51][moe-7c6b04fe-master-0]  error_file: <N/A>
[2026-04-19 00:36:51][moe-7c6b04fe-master-0]  traceback : Signal 15 (SIGTERM) received by PID 386
[2026-04-19 00:36:51][moe-7c6b04fe-master-0][4]:
[2026-04-19 00:36:51][moe-7c6b04fe-master-0]  time      : 2026-04-19_00:36:51
[2026-04-19 00:36:51][moe-7c6b04fe-master-0]  host      : moe-7c6b04fe-master-0
[2026-04-19 00:36:51][moe-7c6b04fe-master-0]  rank      : 4 (local_rank: 4)
[2026-04-19 00:36:51][moe-7c6b04fe-master-0]  exitcode  : -15 (pid: 387)  (SIGTERM)
[2026-04-19 00:36:51][moe-7c6b04fe-master-0]  error_file: <N/A>
[2026-04-19 00:36:51][moe-7c6b04fe-master-0]  traceback : Signal 15 (SIGTERM) received by PID 387
[2026-04-19 00:36:51][moe-7c6b04fe-master-0][5]:
[2026-04-19 00:36:51][moe-7c6b04fe-master-0]  time      : 2026-04-19_00:36:51
[2026-04-19 00:36:51][moe-7c6b04fe-master-0]  host      : moe-7c6b04fe-master-0
[2026-04-19 00:36:51][moe-7c6b04fe-master-0]  rank      : 5 (local_rank: 5)
[2026-04-19 00:36:51][moe-7c6b04fe-master-0]  exitcode  : -15 (pid: 388)  (SIGTERM)
[2026-04-19 00:36:51][moe-7c6b04fe-master-0]  error_file: <N/A>
[2026-04-19 00:36:51][moe-7c6b04fe-master-0]  traceback : Signal 15 (SIGTERM) received by PID 388
[2026-04-19 00:36:51][moe-7c6b04fe-master-0][6]:
[2026-04-19 00:36:51][moe-7c6b04fe-master-0]  time      : 2026-04-19_00:36:51
[2026-04-19 00:36:51][moe-7c6b04fe-master-0]  host      : moe-7c6b04fe-master-0
[2026-04-19 00:36:51][moe-7c6b04fe-master-0]  rank      : 6 (local_rank: 6)
[2026-04-19 00:36:51][moe-7c6b04fe-master-0]  exitcode  : -15 (pid: 389)  (SIGTERM)
[2026-04-19 00:36:51][moe-7c6b04fe-master-0]  error_file: <N/A>
[2026-04-19 00:36:51][moe-7c6b04fe-master-0]  traceback : Signal 15 (SIGTERM) received by PID 389
[2026-04-19 00:36:51][moe-7c6b04fe-master-0][7]:
[2026-04-19 00:36:51][moe-7c6b04fe-master-0]  time      : 2026-04-19_00:36:51
[2026-04-19 00:36:51][moe-7c6b04fe-master-0]  host      : moe-7c6b04fe-master-0
[2026-04-19 00:36:51][moe-7c6b04fe-master-0]  rank      : 7 (local_rank: 7)
[2026-04-19 00:36:51][moe-7c6b04fe-master-0]  exitcode  : -15 (pid: 390)  (SIGTERM)
[2026-04-19 00:36:51][moe-7c6b04fe-master-0]  error_file: <N/A>
[2026-04-19 00:36:51][moe-7c6b04fe-master-0]  traceback : Signal 15 (SIGTERM) received by PID 390
[2026-04-19 00:36:51][moe-7c6b04fe-master-0]-----------------------------------------------------
[2026-04-19 00:36:51][moe-7c6b04fe-master-0]Root Cause (first observed failure):
[2026-04-19 00:36:51][moe-7c6b04fe-master-0][0]:
[2026-04-19 00:36:51][moe-7c6b04fe-master-0]  time      : 2026-04-19_00:36:51
[2026-04-19 00:36:51][moe-7c6b04fe-master-0]  host      : moe-7c6b04fe-master-0
[2026-04-19 00:36:51][moe-7c6b04fe-master-0]  rank      : 1 (local_rank: 1)
[2026-04-19 00:36:51][moe-7c6b04fe-master-0]  exitcode  : -11 (pid: 384)  (SIGSEGV)
[2026-04-19 00:36:51][moe-7c6b04fe-master-0]  error_file: <N/A>
[2026-04-19 00:36:51][moe-7c6b04fe-master-0]  traceback : Signal 11 (SIGSEGV) received by PID 384
[2026-04-19 00:36:51][moe-7c6b04fe-master-0]=====================================================
[2026-04-19 00:36:55][moe-7c6b04fe-master-0]+ echo 'R7_rope_r8_nohead done.'
[2026-04-19 00:36:55][moe-7c6b04fe-master-0]R7_rope_r8_nohead done.
[2026-04-19 00:36:55][moe-7c6b04fe-master-0]+ sleep 10
[2026-04-19 00:37:05][moe-7c6b04fe-master-0]+ for EXP in "${EXPERIMENTS[@]}"
[2026-04-19 00:37:05][moe-7c6b04fe-master-0]+ IFS='|'
[2026-04-19 00:37:05][moe-7c6b04fe-master-0]+ read -r TAG PG_BLOCKS PG_DIM LORA_R LORA_ALPHA WD LR PUZZLE_LR COND_MODE USE_ROPE HEAD_LORA
[2026-04-19 00:37:05][moe-7c6b04fe-master-0]++ date +%m%d_%H%M
[2026-04-19 00:37:05][moe-7c6b04fe-master-0]+ run_name=WU4TRM_R8_rope_r8_nohead_emb_bs2048_8gpus_0419_0037
[2026-04-19 00:37:05][moe-7c6b04fe-master-0]+ CKPT_DIR=checkpoints/WU4TRM_R8_rope_r8_nohead_emb_bs2048_8gpus_0419_0037
[2026-04-19 00:37:05][moe-7c6b04fe-master-0]+ mkdir -p checkpoints/WU4TRM_R8_rope_r8_nohead_emb_bs2048_8gpus_0419_0037
[2026-04-19 00:37:05][moe-7c6b04fe-master-0]==========================================================
[2026-04-19 00:37:05][moe-7c6b04fe-master-0]Running: R8_rope_r8_nohead_emb
[2026-04-19 00:37:05][moe-7c6b04fe-master-0]  pg_blocks=2, pg_d_model=256, pg_use_rope=True
[2026-04-19 00:37:05][moe-7c6b04fe-master-0]+ echo ==========================================================
[2026-04-19 00:37:05][moe-7c6b04fe-master-0]+ echo 'Running: R8_rope_r8_nohead_emb'
[2026-04-19 00:37:05][moe-7c6b04fe-master-0]+ echo '  pg_blocks=2, pg_d_model=256, pg_use_rope=True'
[2026-04-19 00:37:05][moe-7c6b04fe-master-0]+ echo '  lora_r=8, lora_alpha=16, head_lora=False'
[2026-04-19 00:37:05][moe-7c6b04fe-master-0]  lora_r=8, lora_alpha=16, head_lora=False
[2026-04-19 00:37:05][moe-7c6b04fe-master-0]+ echo '  condition_mode=embedding_only, lr=1e-5, wd=0.1'
[2026-04-19 00:37:05][moe-7c6b04fe-master-0]  condition_mode=embedding_only, lr=1e-5, wd=0.1
[2026-04-19 00:37:05][moe-7c6b04fe-master-0]==========================================================
[2026-04-19 00:37:05][moe-7c6b04fe-master-0]+ echo ==========================================================
[2026-04-19 00:37:05][moe-7c6b04fe-master-0]+ torchrun --nproc-per-node=8 --rdzv_backend=c10d --rdzv_endpoint=localhost:0 --nnodes=1 meta_train.py --config-name=cfg_wu4trm global_batch_size=2048 lr=1e-5 puzzle_emb_lr=1e-3 lr_warmup_steps=2000 epochs=20000 eval_interval=2000 condition_mode=embedding_only pg_num_blocks=2 pg_d_model=256 pg_use_rope=True lora_r=8 lora_alpha=16 head_lora=False weight_decay=0.1 'data_paths=['\''/mnt/kbei/HyperCircuit_Data/data/arc1concept-aug-1000'\'']' +checkpoint_path=checkpoints/WU4TRM_R8_rope_r8_nohead_emb_bs2048_8gpus_0419_0037 +load_checkpoint=/mnt/kbei/HyperCircuit_Data/checkpoints/Arc1concept-aug-1000-ACT-torch/pretrain_att_arc1concept_4/step_518071 +project_name=trm-hp-0416 +run_name=WU4TRM_R8_rope_r8_nohead_emb_bs2048_8gpus_0419_0037 skip_baseline_eval=True
[2026-04-19 00:37:05][moe-7c6b04fe-master-0]+ tee logs/logs0416/WU4TRM_R8_rope_r8_nohead_emb_bs2048_8gpus_0419_0037.log
[2026-04-19 00:37:13][moe-7c6b04fe-master-0]========================================
[2026-04-19 00:37:13][moe-7c6b04fe-master-0]🚀 LoRA Finetuning Initialized 🚀
[2026-04-19 00:37:13][moe-7c6b04fe-master-0]Checkpoint   : /mnt/kbei/HyperCircuit_Data/checkpoints/Arc1concept-aug-1000-ACT-torch/pretrain_att_arc1concept_4/step_518071
[2026-04-19 00:37:13][moe-7c6b04fe-master-0]Dataset      : ['/mnt/kbei/HyperCircuit_Data/data/arc1concept-aug-1000']
[2026-04-19 00:37:13][moe-7c6b04fe-master-0]Dataset Test : []
[2026-04-19 00:37:13][moe-7c6b04fe-master-0]Batch Size   : 2048
[2026-04-19 00:37:13][moe-7c6b04fe-master-0]Learning Rate: 1e-05
[2026-04-19 00:37:13][moe-7c6b04fe-master-0]LoRA R       : 8
[2026-04-19 00:37:13][moe-7c6b04fe-master-0]LoRA Alpha   : 16
[2026-04-19 00:37:13][moe-7c6b04fe-master-0]========================================
[2026-04-19 00:37:14][moe-7c6b04fe-master-0]TinyRecursiveReasoningModel_ACTV1(
[2026-04-19 00:37:14][moe-7c6b04fe-master-0]  (inner): TinyRecursiveReasoningModel_ACTV1_Inner(
[2026-04-19 00:37:14][moe-7c6b04fe-master-0]    (embed_tokens): CastedEmbedding()
[2026-04-19 00:37:14][moe-7c6b04fe-master-0]    (lm_head): CastedLinear()
[2026-04-19 00:37:14][moe-7c6b04fe-master-0]    (q_head): CastedLinear()
[2026-04-19 00:37:14][moe-7c6b04fe-master-0]    (puzzle_emb): CastedSparseEmbedding()
[2026-04-19 00:37:14][moe-7c6b04fe-master-0]    (rotary_emb): RotaryEmbedding()
[2026-04-19 00:37:14][moe-7c6b04fe-master-0]    (L_level): TinyRecursiveReasoningModel_ACTV1ReasoningModule(
[2026-04-19 00:37:14][moe-7c6b04fe-master-0]      (layers): ModuleList(
[2026-04-19 00:37:14][moe-7c6b04fe-master-0]        (0-1): 2 x TinyRecursiveReasoningModel_ACTV1Block(
[2026-04-19 00:37:14][moe-7c6b04fe-master-0]          (self_attn): Attention(
[2026-04-19 00:37:14][moe-7c6b04fe-master-0]            (qkv_proj): CastedLinear()
[2026-04-19 00:37:14][moe-7c6b04fe-master-0]            (o_proj): CastedLinear()
[2026-04-19 00:37:14][moe-7c6b04fe-master-0]          )
[2026-04-19 00:37:14][moe-7c6b04fe-master-0]          (mlp): SwiGLU(
[2026-04-19 00:37:14][moe-7c6b04fe-master-0]            (gate_up_proj): CastedLinear()
[2026-04-19 00:37:14][moe-7c6b04fe-master-0]            (down_proj): CastedLinear()
[2026-04-19 00:37:14][moe-7c6b04fe-master-0]          )
[2026-04-19 00:37:14][moe-7c6b04fe-master-0]        )
[2026-04-19 00:37:14][moe-7c6b04fe-master-0]      )
[2026-04-19 00:37:14][moe-7c6b04fe-master-0]    )
[2026-04-19 00:37:14][moe-7c6b04fe-master-0]  )
[2026-04-19 00:37:14][moe-7c6b04fe-master-0])
[2026-04-19 00:37:14][moe-7c6b04fe-master-0]TinyRecursiveReasoningModel_ACTV1(
[2026-04-19 00:37:14][moe-7c6b04fe-master-0]  (inner): TinyRecursiveReasoningModel_ACTV1_Inner(
[2026-04-19 00:37:14][moe-7c6b04fe-master-0]    (embed_tokens): CastedEmbedding()
[2026-04-19 00:37:14][moe-7c6b04fe-master-0]    (lm_head): CastedLinear()
[2026-04-19 00:37:14][moe-7c6b04fe-master-0]    (q_head): CastedLinear()
[2026-04-19 00:37:14][moe-7c6b04fe-master-0]    (puzzle_emb): CastedSparseEmbedding()
[2026-04-19 00:37:14][moe-7c6b04fe-master-0]    (rotary_emb): RotaryEmbedding()
[2026-04-19 00:37:14][moe-7c6b04fe-master-0]    (L_level): TinyRecursiveReasoningModel_ACTV1ReasoningModule(
[2026-04-19 00:37:14][moe-7c6b04fe-master-0]      (layers): ModuleList(
[2026-04-19 00:37:14][moe-7c6b04fe-master-0]        (0-1): 2 x TinyRecursiveReasoningModel_ACTV1Block(
[2026-04-19 00:37:14][moe-7c6b04fe-master-0]          (self_attn): Attention(
[2026-04-19 00:37:14][moe-7c6b04fe-master-0]            (qkv_proj): CastedLinear()
[2026-04-19 00:37:14][moe-7c6b04fe-master-0]            (o_proj): CastedLinear()
[2026-04-19 00:37:14][moe-7c6b04fe-master-0]          )
[2026-04-19 00:37:14][moe-7c6b04fe-master-0]          (mlp): SwiGLU(
[2026-04-19 00:37:14][moe-7c6b04fe-master-0]            (gate_up_proj): CastedLinear()
[2026-04-19 00:37:14][moe-7c6b04fe-master-0]            (down_proj): CastedLinear()
[2026-04-19 00:37:14][moe-7c6b04fe-master-0]          )
[2026-04-19 00:37:14][moe-7c6b04fe-master-0]        )
[2026-04-19 00:37:14][moe-7c6b04fe-master-0]      )
[2026-04-19 00:37:14][moe-7c6b04fe-master-0]    )
[2026-04-19 00:37:14][moe-7c6b04fe-master-0]  )
[2026-04-19 00:37:14][moe-7c6b04fe-master-0])
[2026-04-19 00:37:14][moe-7c6b04fe-master-0]Injecting LoRA layers with r=8, dropout=0.0...
[2026-04-19 00:37:14][moe-7c6b04fe-master-0]Injecting LoRA layers with r=8, dropout=0.0...
[2026-04-19 00:37:14][moe-7c6b04fe-master-0]TinyRecursiveReasoningModel_ACTV1(
[2026-04-19 00:37:14][moe-7c6b04fe-master-0]  (inner): TinyRecursiveReasoningModel_ACTV1_Inner(
[2026-04-19 00:37:14][moe-7c6b04fe-master-0]    (embed_tokens): CastedEmbedding()
[2026-04-19 00:37:14][moe-7c6b04fe-master-0]    (lm_head): CastedLinear()
[2026-04-19 00:37:14][moe-7c6b04fe-master-0]    (q_head): CastedLinear()
[2026-04-19 00:37:14][moe-7c6b04fe-master-0]    (puzzle_emb): CastedSparseEmbedding()
[2026-04-19 00:37:14][moe-7c6b04fe-master-0]    (rotary_emb): RotaryEmbedding()
[2026-04-19 00:37:14][moe-7c6b04fe-master-0]    (L_level): TinyRecursiveReasoningModel_ACTV1ReasoningModule(
[2026-04-19 00:37:14][moe-7c6b04fe-master-0]      (layers): ModuleList(
[2026-04-19 00:37:14][moe-7c6b04fe-master-0]        (0-1): 2 x TinyRecursiveReasoningModel_ACTV1Block(
[2026-04-19 00:37:14][moe-7c6b04fe-master-0]          (self_attn): Attention(
[2026-04-19 00:37:14][moe-7c6b04fe-master-0]            (qkv_proj): CastedLinear()
[2026-04-19 00:37:14][moe-7c6b04fe-master-0]            (o_proj): CastedLinear()
[2026-04-19 00:37:14][moe-7c6b04fe-master-0]          )
[2026-04-19 00:37:14][moe-7c6b04fe-master-0]          (mlp): SwiGLU(
[2026-04-19 00:37:14][moe-7c6b04fe-master-0]            (gate_up_proj): CastedLinear()
[2026-04-19 00:37:14][moe-7c6b04fe-master-0]            (down_proj): CastedLinear()
[2026-04-19 00:37:14][moe-7c6b04fe-master-0]          )
[2026-04-19 00:37:14][moe-7c6b04fe-master-0]        )
[2026-04-19 00:37:14][moe-7c6b04fe-master-0]      )
[2026-04-19 00:37:14][moe-7c6b04fe-master-0]    )
[2026-04-19 00:37:14][moe-7c6b04fe-master-0]  )
[2026-04-19 00:37:14][moe-7c6b04fe-master-0])
[2026-04-19 00:37:14][moe-7c6b04fe-master-0]Injecting LoRA layers with r=8, dropout=0.0...
[2026-04-19 00:37:14][moe-7c6b04fe-master-0]Excluded head layers from LoRA: ['model.inner.lm_head', 'model.inner.q_head']
[2026-04-19 00:37:14][moe-7c6b04fe-master-0]Excluded head layers from LoRA: ['model.inner.lm_head', 'model.inner.q_head']
[2026-04-19 00:37:14][moe-7c6b04fe-master-0]Excluded head layers from LoRA: ['model.inner.lm_head', 'model.inner.q_head']
[2026-04-19 00:37:14][moe-7c6b04fe-master-0]TinyRecursiveReasoningModel_ACTV1(
[2026-04-19 00:37:14][moe-7c6b04fe-master-0]  (inner): TinyRecursiveReasoningModel_ACTV1_Inner(
[2026-04-19 00:37:14][moe-7c6b04fe-master-0]    (embed_tokens): CastedEmbedding()
[2026-04-19 00:37:14][moe-7c6b04fe-master-0]    (lm_head): CastedLinear()
[2026-04-19 00:37:14][moe-7c6b04fe-master-0]    (q_head): CastedLinear()
[2026-04-19 00:37:14][moe-7c6b04fe-master-0]    (puzzle_emb): CastedSparseEmbedding()
[2026-04-19 00:37:14][moe-7c6b04fe-master-0]    (rotary_emb): RotaryEmbedding()
[2026-04-19 00:37:14][moe-7c6b04fe-master-0]    (L_level): TinyRecursiveReasoningModel_ACTV1ReasoningModule(
[2026-04-19 00:37:14][moe-7c6b04fe-master-0]      (layers): ModuleList(
[2026-04-19 00:37:14][moe-7c6b04fe-master-0]        (0-1): 2 x TinyRecursiveReasoningModel_ACTV1Block(
[2026-04-19 00:37:14][moe-7c6b04fe-master-0]          (self_attn): Attention(
[2026-04-19 00:37:14][moe-7c6b04fe-master-0]            (qkv_proj): CastedLinear()
[2026-04-19 00:37:14][moe-7c6b04fe-master-0]            (o_proj): CastedLinear()
[2026-04-19 00:37:14][moe-7c6b04fe-master-0]          )
[2026-04-19 00:37:14][moe-7c6b04fe-master-0]          (mlp): SwiGLU(
[2026-04-19 00:37:14][moe-7c6b04fe-master-0]            (gate_up_proj): CastedLinear()
[2026-04-19 00:37:14][moe-7c6b04fe-master-0]            (down_proj): CastedLinear()
[2026-04-19 00:37:14][moe-7c6b04fe-master-0]          )
[2026-04-19 00:37:14][moe-7c6b04fe-master-0]        )
[2026-04-19 00:37:14][moe-7c6b04fe-master-0]      )
[2026-04-19 00:37:14][moe-7c6b04fe-master-0]    )
[2026-04-19 00:37:14][moe-7c6b04fe-master-0]  )
[2026-04-19 00:37:14][moe-7c6b04fe-master-0])
[2026-04-19 00:37:14][moe-7c6b04fe-master-0]Injecting LoRA layers with r=8, dropout=0.0...
[2026-04-19 00:37:14][moe-7c6b04fe-master-0]TinyRecursiveReasoningModel_ACTV1(
[2026-04-19 00:37:14][moe-7c6b04fe-master-0]  (inner): TinyRecursiveReasoningModel_ACTV1_Inner(
[2026-04-19 00:37:14][moe-7c6b04fe-master-0]    (embed_tokens): CastedEmbedding()
[2026-04-19 00:37:14][moe-7c6b04fe-master-0]    (lm_head): CastedLinear()
[2026-04-19 00:37:14][moe-7c6b04fe-master-0]    (q_head): CastedLinear()
[2026-04-19 00:37:14][moe-7c6b04fe-master-0]    (puzzle_emb): CastedSparseEmbedding()
[2026-04-19 00:37:14][moe-7c6b04fe-master-0]    (rotary_emb): RotaryEmbedding()
[2026-04-19 00:37:14][moe-7c6b04fe-master-0]    (L_level): TinyRecursiveReasoningModel_ACTV1ReasoningModule(
[2026-04-19 00:37:14][moe-7c6b04fe-master-0]      (layers): ModuleList(
[2026-04-19 00:37:14][moe-7c6b04fe-master-0]        (0-1): 2 x TinyRecursiveReasoningModel_ACTV1Block(
[2026-04-19 00:37:14][moe-7c6b04fe-master-0]          (self_attn): Attention(
[2026-04-19 00:37:14][moe-7c6b04fe-master-0]            (qkv_proj): CastedLinear()
[2026-04-19 00:37:14][moe-7c6b04fe-master-0]            (o_proj): CastedLinear()
[2026-04-19 00:37:14][moe-7c6b04fe-master-0]          )
[2026-04-19 00:37:14][moe-7c6b04fe-master-0]          (mlp): SwiGLU(
[2026-04-19 00:37:14][moe-7c6b04fe-master-0]            (gate_up_proj): CastedLinear()
[2026-04-19 00:37:14][moe-7c6b04fe-master-0]            (down_proj): CastedLinear()
[2026-04-19 00:37:14][moe-7c6b04fe-master-0]          )
[2026-04-19 00:37:14][moe-7c6b04fe-master-0]        )
[2026-04-19 00:37:14][moe-7c6b04fe-master-0]      )
[2026-04-19 00:37:14][moe-7c6b04fe-master-0]    )
[2026-04-19 00:37:14][moe-7c6b04fe-master-0]  )
[2026-04-19 00:37:14][moe-7c6b04fe-master-0])
[2026-04-19 00:37:14][moe-7c6b04fe-master-0]Injecting LoRA layers with r=8, dropout=0.0...
[2026-04-19 00:37:14][moe-7c6b04fe-master-0]Excluded head layers from LoRA: ['model.inner.lm_head', 'model.inner.q_head']
[2026-04-19 00:37:14][moe-7c6b04fe-master-0]Excluded head layers from LoRA: ['model.inner.lm_head', 'model.inner.q_head']
[2026-04-19 00:37:14][moe-7c6b04fe-master-0]TinyRecursiveReasoningModel_ACTV1(
[2026-04-19 00:37:14][moe-7c6b04fe-master-0]  (inner): TinyRecursiveReasoningModel_ACTV1_Inner(
[2026-04-19 00:37:14][moe-7c6b04fe-master-0]    (embed_tokens): CastedEmbedding()
[2026-04-19 00:37:14][moe-7c6b04fe-master-0]    (lm_head): CastedLinear()
[2026-04-19 00:37:14][moe-7c6b04fe-master-0]    (q_head): CastedLinear()
[2026-04-19 00:37:14][moe-7c6b04fe-master-0]    (puzzle_emb): CastedSparseEmbedding()
[2026-04-19 00:37:14][moe-7c6b04fe-master-0]    (rotary_emb): RotaryEmbedding()
[2026-04-19 00:37:14][moe-7c6b04fe-master-0]    (L_level): TinyRecursiveReasoningModel_ACTV1ReasoningModule(
[2026-04-19 00:37:14][moe-7c6b04fe-master-0]      (layers): ModuleList(
[2026-04-19 00:37:14][moe-7c6b04fe-master-0]        (0-1): 2 x TinyRecursiveReasoningModel_ACTV1Block(
[2026-04-19 00:37:14][moe-7c6b04fe-master-0]          (self_attn): Attention(
[2026-04-19 00:37:14][moe-7c6b04fe-master-0]            (qkv_proj): CastedLinear()
[2026-04-19 00:37:14][moe-7c6b04fe-master-0]            (o_proj): CastedLinear()
[2026-04-19 00:37:14][moe-7c6b04fe-master-0]          )
[2026-04-19 00:37:14][moe-7c6b04fe-master-0]          (mlp): SwiGLU(
[2026-04-19 00:37:14][moe-7c6b04fe-master-0]            (gate_up_proj): CastedLinear()
[2026-04-19 00:37:14][moe-7c6b04fe-master-0]            (down_proj): CastedLinear()
[2026-04-19 00:37:14][moe-7c6b04fe-master-0]          )
[2026-04-19 00:37:14][moe-7c6b04fe-master-0]        )
[2026-04-19 00:37:14][moe-7c6b04fe-master-0]      )
[2026-04-19 00:37:14][moe-7c6b04fe-master-0]    )
[2026-04-19 00:37:14][moe-7c6b04fe-master-0]  )
[2026-04-19 00:37:14][moe-7c6b04fe-master-0])
[2026-04-19 00:37:14][moe-7c6b04fe-master-0]Loading checkpoint /mnt/kbei/HyperCircuit_Data/checkpoints/Arc1concept-aug-1000-ACT-torch/pretrain_att_arc1concept_4/step_518071
[2026-04-19 00:37:14][moe-7c6b04fe-master-0]TinyRecursiveReasoningModel_ACTV1(
[2026-04-19 00:37:14][moe-7c6b04fe-master-0]  (inner): TinyRecursiveReasoningModel_ACTV1_Inner(
[2026-04-19 00:37:14][moe-7c6b04fe-master-0]    (embed_tokens): CastedEmbedding()
[2026-04-19 00:37:14][moe-7c6b04fe-master-0]    (lm_head): CastedLinear()
[2026-04-19 00:37:14][moe-7c6b04fe-master-0]    (q_head): CastedLinear()
[2026-04-19 00:37:14][moe-7c6b04fe-master-0]    (puzzle_emb): CastedSparseEmbedding()
[2026-04-19 00:37:14][moe-7c6b04fe-master-0]    (rotary_emb): RotaryEmbedding()
[2026-04-19 00:37:14][moe-7c6b04fe-master-0]    (L_level): TinyRecursiveReasoningModel_ACTV1ReasoningModule(
[2026-04-19 00:37:14][moe-7c6b04fe-master-0]      (layers): ModuleList(
[2026-04-19 00:37:14][moe-7c6b04fe-master-0]        (0-1): 2 x TinyRecursiveReasoningModel_ACTV1Block(
[2026-04-19 00:37:14][moe-7c6b04fe-master-0]          (self_attn): Attention(
[2026-04-19 00:37:14][moe-7c6b04fe-master-0]            (qkv_proj): CastedLinear()
[2026-04-19 00:37:14][moe-7c6b04fe-master-0]            (o_proj): CastedLinear()
[2026-04-19 00:37:14][moe-7c6b04fe-master-0]          )
[2026-04-19 00:37:14][moe-7c6b04fe-master-0]          (mlp): SwiGLU(
[2026-04-19 00:37:14][moe-7c6b04fe-master-0]            (gate_up_proj): CastedLinear()
[2026-04-19 00:37:14][moe-7c6b04fe-master-0]            (down_proj): CastedLinear()
[2026-04-19 00:37:14][moe-7c6b04fe-master-0]          )
[2026-04-19 00:37:14][moe-7c6b04fe-master-0]        )
[2026-04-19 00:37:14][moe-7c6b04fe-master-0]      )
[2026-04-19 00:37:14][moe-7c6b04fe-master-0]    )
[2026-04-19 00:37:14][moe-7c6b04fe-master-0]  )
[2026-04-19 00:37:14][moe-7c6b04fe-master-0])
[2026-04-19 00:37:14][moe-7c6b04fe-master-0]Injecting LoRA layers with r=8, dropout=0.0...
[2026-04-19 00:37:14][moe-7c6b04fe-master-0]Excluded head layers from LoRA: ['model.inner.lm_head', 'model.inner.q_head']
[2026-04-19 00:37:14][moe-7c6b04fe-master-0]Initialized HyperNetwork (PG) with dtype: torch.bfloat16
[2026-04-19 00:37:14][moe-7c6b04fe-master-0]Initialized HyperNetwork (PG) with dtype: torch.bfloat16
[2026-04-19 00:37:14][moe-7c6b04fe-master-0]Token embedding unfrozen for finetuning.
[2026-04-19 00:37:14][moe-7c6b04fe-master-0]Token embedding unfrozen for finetuning.
[2026-04-19 00:37:14][moe-7c6b04fe-master-0]Initialized HyperNetwork (PG) with dtype: torch.bfloat16
[2026-04-19 00:37:14][moe-7c6b04fe-master-0]Token embedding unfrozen for finetuning.
[2026-04-19 00:37:14][moe-7c6b04fe-master-0]Initialized HyperNetwork (PG) with dtype: torch.bfloat16
[2026-04-19 00:37:14][moe-7c6b04fe-master-0]Initialized HyperNetwork (PG) with dtype: torch.bfloat16
[2026-04-19 00:37:14][moe-7c6b04fe-master-0]Token embedding unfrozen for finetuning.
[2026-04-19 00:37:14][moe-7c6b04fe-master-0]Token embedding unfrozen for finetuning.
[2026-04-19 00:37:14][moe-7c6b04fe-master-0]TinyRecursiveReasoningModel_ACTV1(
[2026-04-19 00:37:14][moe-7c6b04fe-master-0]  (inner): TinyRecursiveReasoningModel_ACTV1_Inner(
[2026-04-19 00:37:14][moe-7c6b04fe-master-0]    (embed_tokens): CastedEmbedding()
[2026-04-19 00:37:14][moe-7c6b04fe-master-0]    (lm_head): CastedLinear()
[2026-04-19 00:37:14][moe-7c6b04fe-master-0]    (q_head): CastedLinear()
[2026-04-19 00:37:14][moe-7c6b04fe-master-0]    (puzzle_emb): CastedSparseEmbedding()
[2026-04-19 00:37:14][moe-7c6b04fe-master-0]    (rotary_emb): RotaryEmbedding()
[2026-04-19 00:37:14][moe-7c6b04fe-master-0]    (L_level): TinyRecursiveReasoningModel_ACTV1ReasoningModule(
[2026-04-19 00:37:14][moe-7c6b04fe-master-0]      (layers): ModuleList(
[2026-04-19 00:37:14][moe-7c6b04fe-master-0]        (0-1): 2 x TinyRecursiveReasoningModel_ACTV1Block(
[2026-04-19 00:37:14][moe-7c6b04fe-master-0]          (self_attn): Attention(
[2026-04-19 00:37:14][moe-7c6b04fe-master-0]            (qkv_proj): CastedLinear()
[2026-04-19 00:37:14][moe-7c6b04fe-master-0]            (o_proj): CastedLinear()
[2026-04-19 00:37:14][moe-7c6b04fe-master-0]          )
[2026-04-19 00:37:14][moe-7c6b04fe-master-0]          (mlp): SwiGLU(
[2026-04-19 00:37:14][moe-7c6b04fe-master-0]            (gate_up_proj): CastedLinear()
[2026-04-19 00:37:14][moe-7c6b04fe-master-0]            (down_proj): CastedLinear()
[2026-04-19 00:37:14][moe-7c6b04fe-master-0]          )
[2026-04-19 00:37:14][moe-7c6b04fe-master-0]        )
[2026-04-19 00:37:14][moe-7c6b04fe-master-0]      )
[2026-04-19 00:37:14][moe-7c6b04fe-master-0]    )
[2026-04-19 00:37:14][moe-7c6b04fe-master-0]  )
[2026-04-19 00:37:14][moe-7c6b04fe-master-0])
[2026-04-19 00:37:14][moe-7c6b04fe-master-0]Injecting LoRA layers with r=8, dropout=0.0...
[2026-04-19 00:37:14][moe-7c6b04fe-master-0]Excluded head layers from LoRA: ['model.inner.lm_head', 'model.inner.q_head']
[2026-04-19 00:37:14][moe-7c6b04fe-master-0]Initialized HyperNetwork (PG) with dtype: torch.bfloat16
[2026-04-19 00:37:14][moe-7c6b04fe-master-0]Token embedding unfrozen for finetuning.
[2026-04-19 00:37:14][moe-7c6b04fe-master-0]Initialized HyperNetwork (PG) with dtype: torch.bfloat16
[2026-04-19 00:37:14][moe-7c6b04fe-master-0]Token embedding unfrozen for finetuning.
[2026-04-19 00:37:15][moe-7c6b04fe-master-0][0 missing, 0 unexpected]: Checkpoint loaded.
[2026-04-19 00:37:15][moe-7c6b04fe-master-0]Injecting LoRA layers with r=8, dropout=0.0...
[2026-04-19 00:37:15][moe-7c6b04fe-master-0]Excluded head layers from LoRA: ['model.inner.lm_head', 'model.inner.q_head']
[2026-04-19 00:37:15][moe-7c6b04fe-master-0]Initialized HyperNetwork (PG) with dtype: torch.bfloat16
[2026-04-19 00:37:15][moe-7c6b04fe-master-0]Token embedding unfrozen for finetuning.
[2026-04-19 00:37:15][moe-7c6b04fe-master-0]Trainable TRM params: 1, PG params: 27
[2026-04-19 00:37:15][moe-7c6b04fe-master-0]Trainable TRM params: 1, PG params: 27
[2026-04-19 00:37:15][moe-7c6b04fe-master-0][Rank 3, World Size 8]: Epoch 0
[2026-04-19 00:37:15][moe-7c6b04fe-master-0][Rank 2, World Size 8]: Epoch 0
[2026-04-19 00:37:15][moe-7c6b04fe-master-0]Trainable TRM params: 1, PG params: 27
[2026-04-19 00:37:15][moe-7c6b04fe-master-0][Rank 7, World Size 8]: Epoch 0
[2026-04-19 00:37:15][moe-7c6b04fe-master-0]Trainable TRM params: 1, PG params: 27
[2026-04-19 00:37:15][moe-7c6b04fe-master-0][Rank 6, World Size 8]: Epoch 0
[2026-04-19 00:37:15][moe-7c6b04fe-master-0]Trainable TRM params: 1, PG params: 27
[2026-04-19 00:37:15][moe-7c6b04fe-master-0][Rank 5, World Size 8]: Epoch 0
[2026-04-19 00:37:15][moe-7c6b04fe-master-0]Trainable TRM params: 1, PG params: 27
[2026-04-19 00:37:15][moe-7c6b04fe-master-0][Rank 4, World Size 8]: Epoch 0
[2026-04-19 00:37:15][moe-7c6b04fe-master-0]Trainable TRM params: 1, PG params: 27
[2026-04-19 00:37:15][moe-7c6b04fe-master-0][Rank 1, World Size 8]: Epoch 0
[2026-04-19 00:37:16][moe-7c6b04fe-master-0]Trainable TRM params: 1, PG params: 27
[2026-04-19 00:37:16][moe-7c6b04fe-master-0]  0%|          | 0/38866 [00:00<?, ?it/s]⏭️ BASELINE EVAL: Skipped by config.skip_baseline_eval=True
[2026-04-19 00:37:16][moe-7c6b04fe-master-0][Rank 0, World Size 8]: Epoch 0
[2026-04-19 00:37:16][moe-7c6b04fe-master-0][2026-04-19 00:37:16] TRAIN (Epoch 0)
[2026-04-19 00:37:18][moe-7c6b04fe-master-0]Error executing job with overrides: ['global_batch_size=2048', 'lr=1e-5', 'puzzle_emb_lr=1e-3', 'lr_warmup_steps=2000', 'epochs=20000', 'eval_interval=2000', 'condition_mode=embedding_only', 'pg_num_blocks=2', 'pg_d_model=256', 'pg_use_rope=True', 'lora_r=8', 'lora_alpha=16', 'head_lora=False', 'weight_decay=0.1', "data_paths=['/mnt/kbei/HyperCircuit_Data/data/arc1concept-aug-1000']", '+checkpoint_path=checkpoints/WU4TRM_R8_rope_r8_nohead_emb_bs2048_8gpus_0419_0037', '+load_checkpoint=/mnt/kbei/HyperCircuit_Data/checkpoints/Arc1concept-aug-1000-ACT-torch/pretrain_att_arc1concept_4/step_518071', '+project_name=trm-hp-0416', '+run_name=WU4TRM_R8_rope_r8_nohead_emb_bs2048_8gpus_0419_0037', 'skip_baseline_eval=True']
[2026-04-19 00:37:18][moe-7c6b04fe-master-0]Error executing job with overrides: ['global_batch_size=2048', 'lr=1e-5', 'puzzle_emb_lr=1e-3', 'lr_warmup_steps=2000', 'epochs=20000', 'eval_interval=2000', 'condition_mode=embedding_only', 'pg_num_blocks=2', 'pg_d_model=256', 'pg_use_rope=True', 'lora_r=8', 'lora_alpha=16', 'head_lora=False', 'weight_decay=0.1', "data_paths=['/mnt/kbei/HyperCircuit_Data/data/arc1concept-aug-1000']", '+checkpoint_path=checkpoints/WU4TRM_R8_rope_r8_nohead_emb_bs2048_8gpus_0419_0037', '+load_checkpoint=/mnt/kbei/HyperCircuit_Data/checkpoints/Arc1concept-aug-1000-ACT-torch/pretrain_att_arc1concept_4/step_518071', '+project_name=trm-hp-0416', '+run_name=WU4TRM_R8_rope_r8_nohead_emb_bs2048_8gpus_0419_0037', 'skip_baseline_eval=True']
[2026-04-19 00:37:18][moe-7c6b04fe-master-0]Error executing job with overrides: ['global_batch_size=2048', 'lr=1e-5', 'puzzle_emb_lr=1e-3', 'lr_warmup_steps=2000', 'epochs=20000', 'eval_interval=2000', 'condition_mode=embedding_only', 'pg_num_blocks=2', 'pg_d_model=256', 'pg_use_rope=True', 'lora_r=8', 'lora_alpha=16', 'head_lora=False', 'weight_decay=0.1', "data_paths=['/mnt/kbei/HyperCircuit_Data/data/arc1concept-aug-1000']", '+checkpoint_path=checkpoints/WU4TRM_R8_rope_r8_nohead_emb_bs2048_8gpus_0419_0037', '+load_checkpoint=/mnt/kbei/HyperCircuit_Data/checkpoints/Arc1concept-aug-1000-ACT-torch/pretrain_att_arc1concept_4/step_518071', '+project_name=trm-hp-0416', '+run_name=WU4TRM_R8_rope_r8_nohead_emb_bs2048_8gpus_0419_0037', 'skip_baseline_eval=True']
[2026-04-19 00:37:18][moe-7c6b04fe-master-0]Error executing job with overrides: ['global_batch_size=2048', 'lr=1e-5', 'puzzle_emb_lr=1e-3', 'lr_warmup_steps=2000', 'epochs=20000', 'eval_interval=2000', 'condition_mode=embedding_only', 'pg_num_blocks=2', 'pg_d_model=256', 'pg_use_rope=True', 'lora_r=8', 'lora_alpha=16', 'head_lora=False', 'weight_decay=0.1', "data_paths=['/mnt/kbei/HyperCircuit_Data/data/arc1concept-aug-1000']", '+checkpoint_path=checkpoints/WU4TRM_R8_rope_r8_nohead_emb_bs2048_8gpus_0419_0037', '+load_checkpoint=/mnt/kbei/HyperCircuit_Data/checkpoints/Arc1concept-aug-1000-ACT-torch/pretrain_att_arc1concept_4/step_518071', '+project_name=trm-hp-0416', '+run_name=WU4TRM_R8_rope_r8_nohead_emb_bs2048_8gpus_0419_0037', 'skip_baseline_eval=True']
[2026-04-19 00:37:18][moe-7c6b04fe-master-0]Traceback (most recent call last):
[2026-04-19 00:37:18][moe-7c6b04fe-master-0]Traceback (most recent call last):
[2026-04-19 00:37:18][moe-7c6b04fe-master-0]Traceback (most recent call last):
[2026-04-19 00:37:18][moe-7c6b04fe-master-0]  File "/mnt/kbei/HyperCircuit/TRM_WU_Project/meta_train.py", line 801, in launch
[2026-04-19 00:37:18][moe-7c6b04fe-master-0]    metrics = train_batch(config, train_state, batch, global_batch_size, rank=RANK, world_size=WORLD_SIZE)
[2026-04-19 00:37:18][moe-7c6b04fe-master-0]              ^^^^^^^^^^^^^^^^^^^^^^^^^^^^^^^^^^^^^^^^^^^^^^^^^^^^^^^^^^^^^^^^^^^^^^^^^^^^^^^^^^^^^^^^^^^^
[2026-04-19 00:37:18][moe-7c6b04fe-master-0]  File "/mnt/kbei/HyperCircuit/TRM_WU_Project/meta_train.py", line 406, in train_batch
[2026-04-19 00:37:18][moe-7c6b04fe-master-0]    lora_dict = pg_model(z_H, scale=config.lora_alpha / config.lora_r)
[2026-04-19 00:37:18][moe-7c6b04fe-master-0]                ^^^^^^^^^^^^^^^^^^^^^^^^^^^^^^^^^^^^^^^^^^^^^^^^^^^^^^
[2026-04-19 00:37:18][moe-7c6b04fe-master-0]  File "/mnt/kbei/miniconda/envs/TRM/lib/python3.12/site-packages/torch/_dynamo/eval_frame.py", line 468, in __call__
[2026-04-19 00:37:18][moe-7c6b04fe-master-0]    return super().__call__(*args, **kwargs)
[2026-04-19 00:37:18][moe-7c6b04fe-master-0]           ^^^^^^^^^^^^^^^^^^^^^^^^^^^^^^^^^
[2026-04-19 00:37:18][moe-7c6b04fe-master-0]  File "/mnt/kbei/miniconda/envs/TRM/lib/python3.12/site-packages/torch/nn/modules/module.py", line 1779, in _wrapped_call_impl
[2026-04-19 00:37:18][moe-7c6b04fe-master-0]    return self._call_impl(*args, **kwargs)
[2026-04-19 00:37:18][moe-7c6b04fe-master-0]           ^^^^^^^^^^^^^^^^^^^^^^^^^^^^^^^^
[2026-04-19 00:37:18][moe-7c6b04fe-master-0]  File "/mnt/kbei/miniconda/envs/TRM/lib/python3.12/site-packages/torch/nn/modules/module.py", line 1790, in _call_impl
[2026-04-19 00:37:18][moe-7c6b04fe-master-0]    return forward_call(*args, **kwargs)
[2026-04-19 00:37:18][moe-7c6b04fe-master-0]           ^^^^^^^^^^^^^^^^^^^^^^^^^^^^^
[2026-04-19 00:37:18][moe-7c6b04fe-master-0]  File "/mnt/kbei/miniconda/envs/TRM/lib/python3.12/site-packages/torch/_dynamo/eval_frame.py", line 1020, in compile_wrapper
[2026-04-19 00:37:18][moe-7c6b04fe-master-0]    return fn(*args, **kwargs)
[2026-04-19 00:37:18][moe-7c6b04fe-master-0]           ^^^^^^^^^^^^^^^^^^^
[2026-04-19 00:37:18][moe-7c6b04fe-master-0]  File "/mnt/kbei/miniconda/envs/TRM/lib/python3.12/site-packages/torch/nn/modules/module.py", line 1779, in _wrapped_call_impl
[2026-04-19 00:37:18][moe-7c6b04fe-master-0]    return self._call_impl(*args, **kwargs)
[2026-04-19 00:37:18][moe-7c6b04fe-master-0]           ^^^^^^^^^^^^^^^^^^^^^^^^^^^^^^^^
[2026-04-19 00:37:18][moe-7c6b04fe-master-0]  File "/mnt/kbei/miniconda/envs/TRM/lib/python3.12/site-packages/torch/nn/modules/module.py", line 1790, in _call_impl
[2026-04-19 00:37:18][moe-7c6b04fe-master-0]    return forward_call(*args, **kwargs)
[2026-04-19 00:37:18][moe-7c6b04fe-master-0]           ^^^^^^^^^^^^^^^^^^^^^^^^^^^^^
[2026-04-19 00:37:18][moe-7c6b04fe-master-0]  File "/mnt/kbei/HyperCircuit/TRM_WU_Project/meta_train.py", line 801, in launch
[2026-04-19 00:37:18][moe-7c6b04fe-master-0]    metrics = train_batch(config, train_state, batch, global_batch_size, rank=RANK, world_size=WORLD_SIZE)
[2026-04-19 00:37:18][moe-7c6b04fe-master-0]              ^^^^^^^^^^^^^^^^^^^^^^^^^^^^^^^^^^^^^^^^^^^^^^^^^^^^^^^^^^^^^^^^^^^^^^^^^^^^^^^^^^^^^^^^^^^^
[2026-04-19 00:37:18][moe-7c6b04fe-master-0]  File "/mnt/kbei/HyperCircuit/TRM_WU_Project/models/hypernetwork/__init__.py", line 53, in forward
[2026-04-19 00:37:18][moe-7c6b04fe-master-0]    def forward(self, z_H: torch.Tensor, scale: float = 2.0) -> dict:
[2026-04-19 00:37:18][moe-7c6b04fe-master-0]  File "/mnt/kbei/miniconda/envs/TRM/lib/python3.12/site-packages/torch/_dynamo/eval_frame.py", line 1258, in _fn
[2026-04-19 00:37:18][moe-7c6b04fe-master-0]    return fn(*args, **kwargs)
[2026-04-19 00:37:18][moe-7c6b04fe-master-0]           ^^^^^^^^^^^^^^^^^^^
[2026-04-19 00:37:18][moe-7c6b04fe-master-0]  File "/mnt/kbei/HyperCircuit/TRM_WU_Project/meta_train.py", line 406, in train_batch
[2026-04-19 00:37:18][moe-7c6b04fe-master-0]    lora_dict = pg_model(z_H, scale=config.lora_alpha / config.lora_r)
[2026-04-19 00:37:18][moe-7c6b04fe-master-0]                ^^^^^^^^^^^^^^^^^^^^^^^^^^^^^^^^^^^^^^^^^^^^^^^^^^^^^^
[2026-04-19 00:37:18][moe-7c6b04fe-master-0]  File "/mnt/kbei/miniconda/envs/TRM/lib/python3.12/site-packages/torch/_functorch/aot_autograd.py", line 1200, in forward
[2026-04-19 00:37:18][moe-7c6b04fe-master-0]    return compiled_fn(full_args)
[2026-04-19 00:37:18][moe-7c6b04fe-master-0]           ^^^^^^^^^^^^^^^^^^^^^^
[2026-04-19 00:37:18][moe-7c6b04fe-master-0]  File "/mnt/kbei/miniconda/envs/TRM/lib/python3.12/site-packages/torch/_functorch/_aot_autograd/runtime_wrappers.py", line 2315, in __call__
[2026-04-19 00:37:18][moe-7c6b04fe-master-0]    return self.compiled_fn(*args, **kwargs)
[2026-04-19 00:37:18][moe-7c6b04fe-master-0]           ^^^^^^^^^^^^^^^^^^^^^^^^^^^^^^^^^
[2026-04-19 00:37:18][moe-7c6b04fe-master-0]  File "/mnt/kbei/miniconda/envs/TRM/lib/python3.12/site-packages/torch/_dynamo/eval_frame.py", line 468, in __call__
[2026-04-19 00:37:18][moe-7c6b04fe-master-0]    return super().__call__(*args, **kwargs)
[2026-04-19 00:37:18][moe-7c6b04fe-master-0]           ^^^^^^^^^^^^^^^^^^^^^^^^^^^^^^^^^
[2026-04-19 00:37:18][moe-7c6b04fe-master-0]  File "/mnt/kbei/miniconda/envs/TRM/lib/python3.12/site-packages/torch/_functorch/_aot_autograd/runtime_wrappers.py", line 702, in runtime_wrapper
[2026-04-19 00:37:18][moe-7c6b04fe-master-0]    handler(orig_inputs, fw_outs, out)
[2026-04-19 00:37:18][moe-7c6b04fe-master-0]  File "/mnt/kbei/miniconda/envs/TRM/lib/python3.12/site-packages/torch/nn/modules/module.py", line 1779, in _wrapped_call_impl
[2026-04-19 00:37:18][moe-7c6b04fe-master-0]    return self._call_impl(*args, **kwargs)
[2026-04-19 00:37:18][moe-7c6b04fe-master-0]           ^^^^^^^^^^^^^^^^^^^^^^^^^^^^^^^^
[2026-04-19 00:37:18][moe-7c6b04fe-master-0]  File "/mnt/kbei/miniconda/envs/TRM/lib/python3.12/site-packages/torch/_functorch/_aot_autograd/runtime_wrappers.py", line 269, in __call__
[2026-04-19 00:37:18][moe-7c6b04fe-master-0]    return gen_alias_from_base(
[2026-04-19 00:37:18][moe-7c6b04fe-master-0]           ^^^^^^^^^^^^^^^^^^^^
[2026-04-19 00:37:18][moe-7c6b04fe-master-0]  File "/mnt/kbei/miniconda/envs/TRM/lib/python3.12/site-packages/torch/nn/modules/module.py", line 1790, in _call_impl
[2026-04-19 00:37:18][moe-7c6b04fe-master-0]    return forward_call(*args, **kwargs)
[2026-04-19 00:37:18][moe-7c6b04fe-master-0]           ^^^^^^^^^^^^^^^^^^^^^^^^^^^^^
[2026-04-19 00:37:18][moe-7c6b04fe-master-0]  File "/mnt/kbei/miniconda/envs/TRM/lib/python3.12/site-packages/torch/_functorch/_aot_autograd/functional_utils.py", line 269, in gen_alias_from_base
[2026-04-19 00:37:18][moe-7c6b04fe-master-0]    out = _functionalization.apply_view_meta_sequence(
[2026-04-19 00:37:18][moe-7c6b04fe-master-0]          ^^^^^^^^^^^^^^^^^^^^^^^^^^^^^^^^^^^^^^^^^^^^
[2026-04-19 00:37:18][moe-7c6b04fe-master-0]  File "/mnt/kbei/miniconda/envs/TRM/lib/python3.12/site-packages/torch/_dynamo/eval_frame.py", line 1020, in compile_wrapper
[2026-04-19 00:37:18][moe-7c6b04fe-master-0]    return fn(*args, **kwargs)
[2026-04-19 00:37:18][moe-7c6b04fe-master-0]           ^^^^^^^^^^^^^^^^^^^
[2026-04-19 00:37:18][moe-7c6b04fe-master-0]  File "/mnt/kbei/miniconda/envs/TRM/lib/python3.12/site-packages/torch/nn/modules/module.py", line 1779, in _wrapped_call_impl
[2026-04-19 00:37:18][moe-7c6b04fe-master-0]    return self._call_impl(*args, **kwargs)
[2026-04-19 00:37:18][moe-7c6b04fe-master-0]           ^^^^^^^^^^^^^^^^^^^^^^^^^^^^^^^^
[2026-04-19 00:37:18][moe-7c6b04fe-master-0]  File "/mnt/kbei/miniconda/envs/TRM/lib/python3.12/site-packages/torch/nn/modules/module.py", line 1790, in _call_impl
[2026-04-19 00:37:18][moe-7c6b04fe-master-0]    return forward_call(*args, **kwargs)
[2026-04-19 00:37:18][moe-7c6b04fe-master-0]           ^^^^^^^^^^^^^^^^^^^^^^^^^^^^^
[2026-04-19 00:37:18][moe-7c6b04fe-master-0]  File "/mnt/kbei/HyperCircuit/TRM_WU_Project/meta_train.py", line 801, in launch
[2026-04-19 00:37:18][moe-7c6b04fe-master-0]    metrics = train_batch(config, train_state, batch, global_batch_size, rank=RANK, world_size=WORLD_SIZE)
[2026-04-19 00:37:18][moe-7c6b04fe-master-0]              ^^^^^^^^^^^^^^^^^^^^^^^^^^^^^^^^^^^^^^^^^^^^^^^^^^^^^^^^^^^^^^^^^^^^^^^^^^^^^^^^^^^^^^^^^^^^
[2026-04-19 00:37:18][moe-7c6b04fe-master-0]  File "/mnt/kbei/HyperCircuit/TRM_WU_Project/models/hypernetwork/__init__.py", line 53, in forward
[2026-04-19 00:37:18][moe-7c6b04fe-master-0]    def forward(self, z_H: torch.Tensor, scale: float = 2.0) -> dict:
[2026-04-19 00:37:18][moe-7c6b04fe-master-0]  File "/mnt/kbei/miniconda/envs/TRM/lib/python3.12/site-packages/torch/_dynamo/eval_frame.py", line 1258, in _fn
[2026-04-19 00:37:18][moe-7c6b04fe-master-0]    return fn(*args, **kwargs)
[2026-04-19 00:37:18][moe-7c6b04fe-master-0]           ^^^^^^^^^^^^^^^^^^^
[2026-04-19 00:37:18][moe-7c6b04fe-master-0]RuntimeError: shape '[23380543813240, 2995546814301555061, 8, 512]' is invalid for input of size 35651584
[2026-04-19 00:37:18][moe-7c6b04fe-master-0]  File "/mnt/kbei/HyperCircuit/TRM_WU_Project/meta_train.py", line 406, in train_batch
[2026-04-19 00:37:18][moe-7c6b04fe-master-0]    lora_dict = pg_model(z_H, scale=config.lora_alpha / config.lora_r)
[2026-04-19 00:37:18][moe-7c6b04fe-master-0]                ^^^^^^^^^^^^^^^^^^^^^^^^^^^^^^^^^^^^^^^^^^^^^^^^^^^^^^
[2026-04-19 00:37:18][moe-7c6b04fe-master-0]  File "/mnt/kbei/miniconda/envs/TRM/lib/python3.12/site-packages/torch/_functorch/aot_autograd.py", line 1200, in forward
[2026-04-19 00:37:18][moe-7c6b04fe-master-0]    return compiled_fn(full_args)
[2026-04-19 00:37:18][moe-7c6b04fe-master-0]           ^^^^^^^^^^^^^^^^^^^^^^
[2026-04-19 00:37:18][moe-7c6b04fe-master-0]  File "/mnt/kbei/miniconda/envs/TRM/lib/python3.12/site-packages/torch/_functorch/_aot_autograd/runtime_wrappers.py", line 2315, in __call__
[2026-04-19 00:37:18][moe-7c6b04fe-master-0]    return self.compiled_fn(*args, **kwargs)
[2026-04-19 00:37:18][moe-7c6b04fe-master-0]           ^^^^^^^^^^^^^^^^^^^^^^^^^^^^^^^^^
[2026-04-19 00:37:18][moe-7c6b04fe-master-0]  File "/mnt/kbei/miniconda/envs/TRM/lib/python3.12/site-packages/torch/_dynamo/eval_frame.py", line 468, in __call__
[2026-04-19 00:37:18][moe-7c6b04fe-master-0]    return super().__call__(*args, **kwargs)
[2026-04-19 00:37:18][moe-7c6b04fe-master-0]           ^^^^^^^^^^^^^^^^^^^^^^^^^^^^^^^^^
[2026-04-19 00:37:18][moe-7c6b04fe-master-0]  File "/mnt/kbei/miniconda/envs/TRM/lib/python3.12/site-packages/torch/_functorch/_aot_autograd/runtime_wrappers.py", line 702, in runtime_wrapper
[2026-04-19 00:37:18][moe-7c6b04fe-master-0]    handler(orig_inputs, fw_outs, out)
[2026-04-19 00:37:18][moe-7c6b04fe-master-0]  File "/mnt/kbei/miniconda/envs/TRM/lib/python3.12/site-packages/torch/nn/modules/module.py", line 1779, in _wrapped_call_impl
[2026-04-19 00:37:18][moe-7c6b04fe-master-0]    return self._call_impl(*args, **kwargs)
[2026-04-19 00:37:18][moe-7c6b04fe-master-0]           ^^^^^^^^^^^^^^^^^^^^^^^^^^^^^^^^
[2026-04-19 00:37:18][moe-7c6b04fe-master-0]  File "/mnt/kbei/miniconda/envs/TRM/lib/python3.12/site-packages/torch/_functorch/_aot_autograd/runtime_wrappers.py", line 269, in __call__
[2026-04-19 00:37:18][moe-7c6b04fe-master-0]    return gen_alias_from_base(
[2026-04-19 00:37:18][moe-7c6b04fe-master-0]           ^^^^^^^^^^^^^^^^^^^^
[2026-04-19 00:37:18][moe-7c6b04fe-master-0]  File "/mnt/kbei/miniconda/envs/TRM/lib/python3.12/site-packages/torch/nn/modules/module.py", line 1790, in _call_impl
[2026-04-19 00:37:18][moe-7c6b04fe-master-0]    return forward_call(*args, **kwargs)
[2026-04-19 00:37:18][moe-7c6b04fe-master-0]           ^^^^^^^^^^^^^^^^^^^^^^^^^^^^^
[2026-04-19 00:37:18][moe-7c6b04fe-master-0]  File "/mnt/kbei/miniconda/envs/TRM/lib/python3.12/site-packages/torch/_functorch/_aot_autograd/functional_utils.py", line 269, in gen_alias_from_base
[2026-04-19 00:37:18][moe-7c6b04fe-master-0]    out = _functionalization.apply_view_meta_sequence(
[2026-04-19 00:37:18][moe-7c6b04fe-master-0]          ^^^^^^^^^^^^^^^^^^^^^^^^^^^^^^^^^^^^^^^^^^^^
[2026-04-19 00:37:18][moe-7c6b04fe-master-0]  File "/mnt/kbei/miniconda/envs/TRM/lib/python3.12/site-packages/torch/_dynamo/eval_frame.py", line 1020, in compile_wrapper
[2026-04-19 00:37:18][moe-7c6b04fe-master-0]    return fn(*args, **kwargs)
[2026-04-19 00:37:18][moe-7c6b04fe-master-0]           ^^^^^^^^^^^^^^^^^^^
[2026-04-19 00:37:18][moe-7c6b04fe-master-0]  File "/mnt/kbei/miniconda/envs/TRM/lib/python3.12/site-packages/torch/nn/modules/module.py", line 1779, in _wrapped_call_impl
[2026-04-19 00:37:18][moe-7c6b04fe-master-0]    return self._call_impl(*args, **kwargs)
[2026-04-19 00:37:18][moe-7c6b04fe-master-0]           ^^^^^^^^^^^^^^^^^^^^^^^^^^^^^^^^
[2026-04-19 00:37:18][moe-7c6b04fe-master-0]  File "/mnt/kbei/miniconda/envs/TRM/lib/python3.12/site-packages/torch/nn/modules/module.py", line 1790, in _call_impl
[2026-04-19 00:37:18][moe-7c6b04fe-master-0]    return forward_call(*args, **kwargs)
[2026-04-19 00:37:18][moe-7c6b04fe-master-0]           ^^^^^^^^^^^^^^^^^^^^^^^^^^^^^
[2026-04-19 00:37:18][moe-7c6b04fe-master-0]  File "/mnt/kbei/HyperCircuit/TRM_WU_Project/models/hypernetwork/__init__.py", line 53, in forward
[2026-04-19 00:37:18][moe-7c6b04fe-master-0]    def forward(self, z_H: torch.Tensor, scale: float = 2.0) -> dict:
[2026-04-19 00:37:18][moe-7c6b04fe-master-0]  File "/mnt/kbei/miniconda/envs/TRM/lib/python3.12/site-packages/torch/_dynamo/eval_frame.py", line 1258, in _fn
[2026-04-19 00:37:18][moe-7c6b04fe-master-0]    return fn(*args, **kwargs)
[2026-04-19 00:37:18][moe-7c6b04fe-master-0]           ^^^^^^^^^^^^^^^^^^^
[2026-04-19 00:37:18][moe-7c6b04fe-master-0]  File "/mnt/kbei/miniconda/envs/TRM/lib/python3.12/site-packages/torch/_functorch/aot_autograd.py", line 1200, in forward
[2026-04-19 00:37:18][moe-7c6b04fe-master-0]    return compiled_fn(full_args)
[2026-04-19 00:37:18][moe-7c6b04fe-master-0]           ^^^^^^^^^^^^^^^^^^^^^^
[2026-04-19 00:37:18][moe-7c6b04fe-master-0]RuntimeError: shape '[23116406649956, 5539567053248394296, 8, 512]' is invalid for input of size 35651584
[2026-04-19 00:37:18][moe-7c6b04fe-master-0]  File "/mnt/kbei/miniconda/envs/TRM/lib/python3.12/site-packages/torch/_functorch/_aot_autograd/runtime_wrappers.py", line 2315, in __call__
[2026-04-19 00:37:18][moe-7c6b04fe-master-0]    return self.compiled_fn(*args, **kwargs)
[2026-04-19 00:37:18][moe-7c6b04fe-master-0]           ^^^^^^^^^^^^^^^^^^^^^^^^^^^^^^^^^
[2026-04-19 00:37:18][moe-7c6b04fe-master-0]  File "/mnt/kbei/miniconda/envs/TRM/lib/python3.12/site-packages/torch/_functorch/_aot_autograd/runtime_wrappers.py", line 702, in runtime_wrapper
[2026-04-19 00:37:18][moe-7c6b04fe-master-0]    handler(orig_inputs, fw_outs, out)
[2026-04-19 00:37:18][moe-7c6b04fe-master-0]  File "/mnt/kbei/miniconda/envs/TRM/lib/python3.12/site-packages/torch/_functorch/_aot_autograd/runtime_wrappers.py", line 269, in __call__
[2026-04-19 00:37:18][moe-7c6b04fe-master-0]    return gen_alias_from_base(
[2026-04-19 00:37:18][moe-7c6b04fe-master-0]           ^^^^^^^^^^^^^^^^^^^^
[2026-04-19 00:37:18][moe-7c6b04fe-master-0]  File "/mnt/kbei/miniconda/envs/TRM/lib/python3.12/site-packages/torch/_functorch/_aot_autograd/functional_utils.py", line 269, in gen_alias_from_base
[2026-04-19 00:37:18][moe-7c6b04fe-master-0]    out = _functionalization.apply_view_meta_sequence(
[2026-04-19 00:37:18][moe-7c6b04fe-master-0]          ^^^^^^^^^^^^^^^^^^^^^^^^^^^^^^^^^^^^^^^^^^^^
[2026-04-19 00:37:18][moe-7c6b04fe-master-0]Set the environment variable HYDRA_FULL_ERROR=1 for a complete stack trace.
[2026-04-19 00:37:18][moe-7c6b04fe-master-0]RuntimeError: invalid shape dimension -2731414767489045458 at index 1 of shape [22906677434079, -2731414767489045458, 8, 512]
[2026-04-19 00:37:18][moe-7c6b04fe-master-0]Set the environment variable HYDRA_FULL_ERROR=1 for a complete stack trace.
[2026-04-19 00:37:18][moe-7c6b04fe-master-0]Traceback (most recent call last):
[2026-04-19 00:37:18][moe-7c6b04fe-master-0]Set the environment variable HYDRA_FULL_ERROR=1 for a complete stack trace.
[2026-04-19 00:37:18][moe-7c6b04fe-master-0]  File "/mnt/kbei/HyperCircuit/TRM_WU_Project/meta_train.py", line 801, in launch
[2026-04-19 00:37:18][moe-7c6b04fe-master-0]    metrics = train_batch(config, train_state, batch, global_batch_size, rank=RANK, world_size=WORLD_SIZE)
[2026-04-19 00:37:18][moe-7c6b04fe-master-0]              ^^^^^^^^^^^^^^^^^^^^^^^^^^^^^^^^^^^^^^^^^^^^^^^^^^^^^^^^^^^^^^^^^^^^^^^^^^^^^^^^^^^^^^^^^^^^
[2026-04-19 00:37:18][moe-7c6b04fe-master-0]  File "/mnt/kbei/HyperCircuit/TRM_WU_Project/meta_train.py", line 406, in train_batch
[2026-04-19 00:37:18][moe-7c6b04fe-master-0]    lora_dict = pg_model(z_H, scale=config.lora_alpha / config.lora_r)
[2026-04-19 00:37:18][moe-7c6b04fe-master-0]                ^^^^^^^^^^^^^^^^^^^^^^^^^^^^^^^^^^^^^^^^^^^^^^^^^^^^^^
[2026-04-19 00:37:18][moe-7c6b04fe-master-0]  File "/mnt/kbei/miniconda/envs/TRM/lib/python3.12/site-packages/torch/_dynamo/eval_frame.py", line 468, in __call__
[2026-04-19 00:37:18][moe-7c6b04fe-master-0]    return super().__call__(*args, **kwargs)
[2026-04-19 00:37:18][moe-7c6b04fe-master-0]           ^^^^^^^^^^^^^^^^^^^^^^^^^^^^^^^^^
[2026-04-19 00:37:18][moe-7c6b04fe-master-0]  File "/mnt/kbei/miniconda/envs/TRM/lib/python3.12/site-packages/torch/nn/modules/module.py", line 1779, in _wrapped_call_impl
[2026-04-19 00:37:18][moe-7c6b04fe-master-0]    return self._call_impl(*args, **kwargs)
[2026-04-19 00:37:18][moe-7c6b04fe-master-0]           ^^^^^^^^^^^^^^^^^^^^^^^^^^^^^^^^
[2026-04-19 00:37:18][moe-7c6b04fe-master-0]  File "/mnt/kbei/miniconda/envs/TRM/lib/python3.12/site-packages/torch/nn/modules/module.py", line 1790, in _call_impl
[2026-04-19 00:37:18][moe-7c6b04fe-master-0]    return forward_call(*args, **kwargs)
[2026-04-19 00:37:18][moe-7c6b04fe-master-0]           ^^^^^^^^^^^^^^^^^^^^^^^^^^^^^
[2026-04-19 00:37:18][moe-7c6b04fe-master-0]  File "/mnt/kbei/miniconda/envs/TRM/lib/python3.12/site-packages/torch/_dynamo/eval_frame.py", line 1020, in compile_wrapper
[2026-04-19 00:37:18][moe-7c6b04fe-master-0]    return fn(*args, **kwargs)
[2026-04-19 00:37:18][moe-7c6b04fe-master-0]           ^^^^^^^^^^^^^^^^^^^
[2026-04-19 00:37:18][moe-7c6b04fe-master-0]  File "/mnt/kbei/miniconda/envs/TRM/lib/python3.12/site-packages/torch/nn/modules/module.py", line 1779, in _wrapped_call_impl
[2026-04-19 00:37:18][moe-7c6b04fe-master-0]    return self._call_impl(*args, **kwargs)
[2026-04-19 00:37:18][moe-7c6b04fe-master-0]           ^^^^^^^^^^^^^^^^^^^^^^^^^^^^^^^^
[2026-04-19 00:37:18][moe-7c6b04fe-master-0]  File "/mnt/kbei/miniconda/envs/TRM/lib/python3.12/site-packages/torch/nn/modules/module.py", line 1790, in _call_impl
[2026-04-19 00:37:18][moe-7c6b04fe-master-0]    return forward_call(*args, **kwargs)
[2026-04-19 00:37:18][moe-7c6b04fe-master-0]           ^^^^^^^^^^^^^^^^^^^^^^^^^^^^^
[2026-04-19 00:37:18][moe-7c6b04fe-master-0]  File "/mnt/kbei/HyperCircuit/TRM_WU_Project/models/hypernetwork/__init__.py", line 53, in forward
[2026-04-19 00:37:18][moe-7c6b04fe-master-0]    def forward(self, z_H: torch.Tensor, scale: float = 2.0) -> dict:
[2026-04-19 00:37:18][moe-7c6b04fe-master-0]  File "/mnt/kbei/miniconda/envs/TRM/lib/python3.12/site-packages/torch/_dynamo/eval_frame.py", line 1258, in _fn
[2026-04-19 00:37:18][moe-7c6b04fe-master-0]    return fn(*args, **kwargs)
[2026-04-19 00:37:18][moe-7c6b04fe-master-0]           ^^^^^^^^^^^^^^^^^^^
[2026-04-19 00:37:18][moe-7c6b04fe-master-0]  File "/mnt/kbei/miniconda/envs/TRM/lib/python3.12/site-packages/torch/_functorch/aot_autograd.py", line 1200, in forward
[2026-04-19 00:37:18][moe-7c6b04fe-master-0]    return compiled_fn(full_args)
[2026-04-19 00:37:18][moe-7c6b04fe-master-0]           ^^^^^^^^^^^^^^^^^^^^^^
[2026-04-19 00:37:18][moe-7c6b04fe-master-0]  File "/mnt/kbei/miniconda/envs/TRM/lib/python3.12/site-packages/torch/_functorch/_aot_autograd/runtime_wrappers.py", line 2315, in __call__
[2026-04-19 00:37:18][moe-7c6b04fe-master-0]    return self.compiled_fn(*args, **kwargs)
[2026-04-19 00:37:18][moe-7c6b04fe-master-0]           ^^^^^^^^^^^^^^^^^^^^^^^^^^^^^^^^^
[2026-04-19 00:37:18][moe-7c6b04fe-master-0]  File "/mnt/kbei/miniconda/envs/TRM/lib/python3.12/site-packages/torch/_functorch/_aot_autograd/runtime_wrappers.py", line 702, in runtime_wrapper
[2026-04-19 00:37:18][moe-7c6b04fe-master-0]    handler(orig_inputs, fw_outs, out)
[2026-04-19 00:37:18][moe-7c6b04fe-master-0]  File "/mnt/kbei/miniconda/envs/TRM/lib/python3.12/site-packages/torch/_functorch/_aot_autograd/runtime_wrappers.py", line 269, in __call__
[2026-04-19 00:37:18][moe-7c6b04fe-master-0]    return gen_alias_from_base(
[2026-04-19 00:37:18][moe-7c6b04fe-master-0]           ^^^^^^^^^^^^^^^^^^^^
[2026-04-19 00:37:18][moe-7c6b04fe-master-0]  File "/mnt/kbei/miniconda/envs/TRM/lib/python3.12/site-packages/torch/_functorch/_aot_autograd/functional_utils.py", line 269, in gen_alias_from_base
[2026-04-19 00:37:18][moe-7c6b04fe-master-0]    out = _functionalization.apply_view_meta_sequence(
[2026-04-19 00:37:18][moe-7c6b04fe-master-0]          ^^^^^^^^^^^^^^^^^^^^^^^^^^^^^^^^^^^^^^^^^^^^
[2026-04-19 00:37:18][moe-7c6b04fe-master-0]RuntimeError: shape '[23234096098684, 3774470323221368193, 8, 512]' is invalid for input of size 35651584
[2026-04-19 00:37:18][moe-7c6b04fe-master-0]Set the environment variable HYDRA_FULL_ERROR=1 for a complete stack trace.
[2026-04-19 00:37:24][moe-7c6b04fe-master-0]  0%|          | 0/38866 [00:07<?, ?it/s]
[2026-04-19 00:37:24][moe-7c6b04fe-master-0][rank0]:[W419 00:37:24.990490419 ProcessGroupNCCL.cpp:1593] Warning: WARNING: destroy_process_group() was not called before program exit, which can leak resources. For more info, please see https://pytorch.org/docs/stable/distributed.html#shutdown (function operator())
[2026-04-19 00:37:25][moe-7c6b04fe-master-0]W0419 00:37:25.167000 3749 site-packages/torch/distributed/elastic/multiprocessing/api.py:1012] Sending process 3759 closing signal SIGTERM
[2026-04-19 00:37:25][moe-7c6b04fe-master-0]W0419 00:37:25.170000 3749 site-packages/torch/distributed/elastic/multiprocessing/api.py:1012] Sending process 3760 closing signal SIGTERM
[2026-04-19 00:37:25][moe-7c6b04fe-master-0]W0419 00:37:25.172000 3749 site-packages/torch/distributed/elastic/multiprocessing/api.py:1012] Sending process 3761 closing signal SIGTERM
[2026-04-19 00:37:25][moe-7c6b04fe-master-0]W0419 00:37:25.176000 3749 site-packages/torch/distributed/elastic/multiprocessing/api.py:1012] Sending process 3762 closing signal SIGTERM
[2026-04-19 00:37:25][moe-7c6b04fe-master-0]W0419 00:37:25.178000 3749 site-packages/torch/distributed/elastic/multiprocessing/api.py:1012] Sending process 3763 closing signal SIGTERM
[2026-04-19 00:37:25][moe-7c6b04fe-master-0]W0419 00:37:25.179000 3749 site-packages/torch/distributed/elastic/multiprocessing/api.py:1012] Sending process 3764 closing signal SIGTERM
[2026-04-19 00:37:25][moe-7c6b04fe-master-0]W0419 00:37:25.179000 3749 site-packages/torch/distributed/elastic/multiprocessing/api.py:1012] Sending process 3765 closing signal SIGTERM
[2026-04-19 00:37:25][moe-7c6b04fe-master-0]E0419 00:37:25.795000 3749 site-packages/torch/distributed/elastic/multiprocessing/api.py:986] failed (exitcode: 1) local_rank: 0 (pid: 3758) of binary: /mnt/kbei/miniconda/envs/TRM/bin/python
[2026-04-19 00:37:25][moe-7c6b04fe-master-0]Traceback (most recent call last):
[2026-04-19 00:37:25][moe-7c6b04fe-master-0]  File "/mnt/kbei/miniconda/envs/TRM/bin/torchrun", line 6, in <module>
[2026-04-19 00:37:25][moe-7c6b04fe-master-0]    sys.exit(main())
[2026-04-19 00:37:25][moe-7c6b04fe-master-0]             ^^^^^^
[2026-04-19 00:37:25][moe-7c6b04fe-master-0]  File "/mnt/kbei/miniconda/envs/TRM/lib/python3.12/site-packages/torch/distributed/elastic/multiprocessing/errors/__init__.py", line 366, in wrapper
[2026-04-19 00:37:25][moe-7c6b04fe-master-0]    return f(*args, **kwargs)
[2026-04-19 00:37:25][moe-7c6b04fe-master-0]           ^^^^^^^^^^^^^^^^^^
[2026-04-19 00:37:25][moe-7c6b04fe-master-0]  File "/mnt/kbei/miniconda/envs/TRM/lib/python3.12/site-packages/torch/distributed/run.py", line 990, in main
[2026-04-19 00:37:25][moe-7c6b04fe-master-0]    run(args)
[2026-04-19 00:37:25][moe-7c6b04fe-master-0]  File "/mnt/kbei/miniconda/envs/TRM/lib/python3.12/site-packages/torch/distributed/run.py", line 981, in run
[2026-04-19 00:37:25][moe-7c6b04fe-master-0]    elastic_launch(
[2026-04-19 00:37:25][moe-7c6b04fe-master-0]  File "/mnt/kbei/miniconda/envs/TRM/lib/python3.12/site-packages/torch/distributed/launcher/api.py", line 170, in __call__
[2026-04-19 00:37:25][moe-7c6b04fe-master-0]    return launch_agent(self._config, self._entrypoint, list(args))
[2026-04-19 00:37:25][moe-7c6b04fe-master-0]           ^^^^^^^^^^^^^^^^^^^^^^^^^^^^^^^^^^^^^^^^^^^^^^^^^^^^^^^^
[2026-04-19 00:37:25][moe-7c6b04fe-master-0]  File "/mnt/kbei/miniconda/envs/TRM/lib/python3.12/site-packages/torch/distributed/launcher/api.py", line 317, in launch_agent
[2026-04-19 00:37:25][moe-7c6b04fe-master-0]    raise ChildFailedError(
[2026-04-19 00:37:25][moe-7c6b04fe-master-0]torch.distributed.elastic.multiprocessing.errors.ChildFailedError: 
[2026-04-19 00:37:25][moe-7c6b04fe-master-0]============================================================
[2026-04-19 00:37:25][moe-7c6b04fe-master-0]meta_train.py FAILED
[2026-04-19 00:37:25][moe-7c6b04fe-master-0]------------------------------------------------------------
[2026-04-19 00:37:25][moe-7c6b04fe-master-0]Failures:
[2026-04-19 00:37:25][moe-7c6b04fe-master-0][1]:
[2026-04-19 00:37:25][moe-7c6b04fe-master-0]  time      : 2026-04-19_00:37:25
[2026-04-19 00:37:25][moe-7c6b04fe-master-0]  host      : moe-7c6b04fe-master-0
[2026-04-19 00:37:25][moe-7c6b04fe-master-0]  rank      : 1 (local_rank: 1)
[2026-04-19 00:37:25][moe-7c6b04fe-master-0]  exitcode  : -15 (pid: 3759)  (SIGTERM)
[2026-04-19 00:37:25][moe-7c6b04fe-master-0]  error_file: <N/A>
[2026-04-19 00:37:25][moe-7c6b04fe-master-0]  traceback : Signal 15 (SIGTERM) received by PID 3759
[2026-04-19 00:37:25][moe-7c6b04fe-master-0][2]:
[2026-04-19 00:37:25][moe-7c6b04fe-master-0]  time      : 2026-04-19_00:37:25
[2026-04-19 00:37:25][moe-7c6b04fe-master-0]  host      : moe-7c6b04fe-master-0
[2026-04-19 00:37:25][moe-7c6b04fe-master-0]  rank      : 2 (local_rank: 2)
[2026-04-19 00:37:25][moe-7c6b04fe-master-0]  exitcode  : -15 (pid: 3760)  (SIGTERM)
[2026-04-19 00:37:25][moe-7c6b04fe-master-0]  error_file: <N/A>
[2026-04-19 00:37:25][moe-7c6b04fe-master-0]  traceback : Signal 15 (SIGTERM) received by PID 3760
[2026-04-19 00:37:25][moe-7c6b04fe-master-0][3]:
[2026-04-19 00:37:25][moe-7c6b04fe-master-0]  time      : 2026-04-19_00:37:25
[2026-04-19 00:37:25][moe-7c6b04fe-master-0]  host      : moe-7c6b04fe-master-0
[2026-04-19 00:37:25][moe-7c6b04fe-master-0]  rank      : 3 (local_rank: 3)
[2026-04-19 00:37:25][moe-7c6b04fe-master-0]  exitcode  : -15 (pid: 3761)  (SIGTERM)
[2026-04-19 00:37:25][moe-7c6b04fe-master-0]  error_file: <N/A>
[2026-04-19 00:37:25][moe-7c6b04fe-master-0]  traceback : Signal 15 (SIGTERM) received by PID 3761
[2026-04-19 00:37:25][moe-7c6b04fe-master-0][4]:
[2026-04-19 00:37:25][moe-7c6b04fe-master-0]  time      : 2026-04-19_00:37:25
[2026-04-19 00:37:25][moe-7c6b04fe-master-0]  host      : moe-7c6b04fe-master-0
[2026-04-19 00:37:25][moe-7c6b04fe-master-0]  rank      : 4 (local_rank: 4)
[2026-04-19 00:37:25][moe-7c6b04fe-master-0]  exitcode  : -15 (pid: 3762)  (SIGTERM)
[2026-04-19 00:37:25][moe-7c6b04fe-master-0]  error_file: <N/A>
[2026-04-19 00:37:25][moe-7c6b04fe-master-0]  traceback : Signal 15 (SIGTERM) received by PID 3762
[2026-04-19 00:37:25][moe-7c6b04fe-master-0][5]:
[2026-04-19 00:37:25][moe-7c6b04fe-master-0]  time      : 2026-04-19_00:37:25
[2026-04-19 00:37:25][moe-7c6b04fe-master-0]  host      : moe-7c6b04fe-master-0
[2026-04-19 00:37:25][moe-7c6b04fe-master-0]  rank      : 5 (local_rank: 5)
[2026-04-19 00:37:25][moe-7c6b04fe-master-0]  exitcode  : -15 (pid: 3763)  (SIGTERM)
[2026-04-19 00:37:25][moe-7c6b04fe-master-0]  error_file: <N/A>
[2026-04-19 00:37:25][moe-7c6b04fe-master-0]  traceback : Signal 15 (SIGTERM) received by PID 3763
[2026-04-19 00:37:25][moe-7c6b04fe-master-0][6]:
[2026-04-19 00:37:25][moe-7c6b04fe-master-0]  time      : 2026-04-19_00:37:25
[2026-04-19 00:37:25][moe-7c6b04fe-master-0]  host      : moe-7c6b04fe-master-0
[2026-04-19 00:37:25][moe-7c6b04fe-master-0]  rank      : 6 (local_rank: 6)
[2026-04-19 00:37:25][moe-7c6b04fe-master-0]  exitcode  : 1 (pid: 3764) 
[2026-04-19 00:37:25][moe-7c6b04fe-master-0]  error_file: <N/A>
[2026-04-19 00:37:25][moe-7c6b04fe-master-0]  traceback : To enable traceback see: https://pytorch.org/docs/stable/elastic/errors.html
[2026-04-19 00:37:25][moe-7c6b04fe-master-0][7]:
[2026-04-19 00:37:25][moe-7c6b04fe-master-0]  time      : 2026-04-19_00:37:25
[2026-04-19 00:37:25][moe-7c6b04fe-master-0]  host      : moe-7c6b04fe-master-0
[2026-04-19 00:37:25][moe-7c6b04fe-master-0]  rank      : 7 (local_rank: 7)
[2026-04-19 00:37:25][moe-7c6b04fe-master-0]  exitcode  : -15 (pid: 3765)  (SIGTERM)
[2026-04-19 00:37:25][moe-7c6b04fe-master-0]  error_file: <N/A>
[2026-04-19 00:37:25][moe-7c6b04fe-master-0]  traceback : Signal 15 (SIGTERM) received by PID 3765
[2026-04-19 00:37:25][moe-7c6b04fe-master-0]------------------------------------------------------------
[2026-04-19 00:37:25][moe-7c6b04fe-master-0]Root Cause (first observed failure):
[2026-04-19 00:37:25][moe-7c6b04fe-master-0][0]:
[2026-04-19 00:37:25][moe-7c6b04fe-master-0]  time      : 2026-04-19_00:37:25
[2026-04-19 00:37:25][moe-7c6b04fe-master-0]  host      : moe-7c6b04fe-master-0
[2026-04-19 00:37:25][moe-7c6b04fe-master-0]  rank      : 0 (local_rank: 0)
[2026-04-19 00:37:25][moe-7c6b04fe-master-0]  exitcode  : 1 (pid: 3758) 
[2026-04-19 00:37:25][moe-7c6b04fe-master-0]  error_file: <N/A>
[2026-04-19 00:37:25][moe-7c6b04fe-master-0]  traceback : To enable traceback see: https://pytorch.org/docs/stable/elastic/errors.html
[2026-04-19 00:37:25][moe-7c6b04fe-master-0]============================================================
[2026-04-19 00:37:26][moe-7c6b04fe-master-0]+ echo 'R8_rope_r8_nohead_emb done.'
[2026-04-19 00:37:26][moe-7c6b04fe-master-0]R8_rope_r8_nohead_emb done.
[2026-04-19 00:37:26][moe-7c6b04fe-master-0]+ sleep 10
[2026-04-19 00:37:36][moe-7c6b04fe-master-0]+ echo 'Script 4/4 (R7+R8) done!'
[2026-04-19 00:37:36][moe-7c6b04fe-master-0]Script 4/4 (R7+R8) done!
